{"meta": {"format": 3, "version": "7.13.0", "timestamp": "2025-12-25T19:52:52.632871", "branch_coverage": false, "show_contexts": false}, "files": {"smrforge\\__init__.py": {"executed_lines": [1, 23, 25, 28, 31, 32, 35, 36, 38, 39, 41, 42, 43, 50, 58, 59, 69, 80, 89, 93, 94, 105, 106], "summary": {"covered_lines": 22, "num_statements": 32, "percent_covered": 68.75, "percent_covered_display": "69", "missing_lines": 10, "excluded_lines": 0, "percent_statements_covered": 68.75, "percent_statements_covered_display": "69"}, "missing_lines": [34, 51, 52, 54, 55, 70, 71, 73, 78, 90], "excluded_lines": [], "functions": {"": {"executed_lines": [1, 23, 25, 28, 31, 32, 35, 36, 38, 39, 41, 42, 43, 50, 58, 59, 69, 80, 89, 93, 94, 105, 106], "summary": {"covered_lines": 22, "num_statements": 32, "percent_covered": 68.75, "percent_covered_display": "69", "missing_lines": 10, "excluded_lines": 0, "percent_statements_covered": 68.75, "percent_statements_covered_display": "69"}, "missing_lines": [34, 51, 52, 54, 55, 70, 71, 73, 78, 90], "excluded_lines": []}}, "classes": {"": {"executed_lines": [1, 23, 25, 28, 31, 32, 35, 36, 38, 39, 41, 42, 43, 50, 58, 59, 69, 80, 89, 93, 94, 105, 106], "summary": {"covered_lines": 22, "num_statements": 32, "percent_covered": 68.75, "percent_covered_display": "69", "missing_lines": 10, "excluded_lines": 0, "percent_statements_covered": 68.75, "percent_statements_covered_display": "69"}, "missing_lines": [34, 51, 52, 54, 55, 70, 71, 73, 78, 90], "excluded_lines": []}}}, "smrforge\\__version__.py": {"executed_lines": [1, 5, 6, 9], "summary": {"covered_lines": 3, "num_statements": 4, "percent_covered": 75.0, "percent_covered_display": "75", "missing_lines": 1, "excluded_lines": 0, "percent_statements_covered": 75.0, "percent_statements_covered_display": "75"}, "missing_lines": [11], "excluded_lines": [], "functions": {"get_version": {"executed_lines": [], "summary": {"covered_lines": 0, "num_statements": 1, "percent_covered": 0.0, "percent_covered_display": "0", "missing_lines": 1, "excluded_lines": 0, "percent_statements_covered": 0.0, "percent_statements_covered_display": "0"}, "missing_lines": [11], "excluded_lines": []}, "": {"executed_lines": [1, 5, 6, 9], "summary": {"covered_lines": 3, "num_statements": 3, "percent_covered": 100.0, "percent_covered_display": "100", "missing_lines": 0, "excluded_lines": 0, "percent_statements_covered": 100.0, "percent_statements_covered_display": "100"}, "missing_lines": [], "excluded_lines": []}}, "classes": {"": {"executed_lines": [1, 5, 6, 9], "summary": {"covered_lines": 3, "num_statements": 4, "percent_covered": 75.0, "percent_covered_display": "75", "missing_lines": 1, "excluded_lines": 0, "percent_statements_covered": 75.0, "percent_statements_covered_display": "75"}, "missing_lines": [11], "excluded_lines": []}}}, "smrforge\\control\\__init__.py": {"executed_lines": [], "summary": {"covered_lines": 0, "num_statements": 1, "percent_covered": 0.0, "percent_covered_display": "0", "missing_lines": 1, "excluded_lines": 0, "percent_statements_covered": 0.0, "percent_statements_covered_display": "0"}, "missing_lines": [18], "excluded_lines": [], "functions": {"": {"executed_lines": [], "summary": {"covered_lines": 0, "num_statements": 1, "percent_covered": 0.0, "percent_covered_display": "0", "missing_lines": 1, "excluded_lines": 0, "percent_statements_covered": 0.0, "percent_statements_covered_display": "0"}, "missing_lines": [18], "excluded_lines": []}}, "classes": {"": {"executed_lines": [], "summary": {"covered_lines": 0, "num_statements": 1, "percent_covered": 0.0, "percent_covered_display": "0", "missing_lines": 1, "excluded_lines": 0, "percent_statements_covered": 0.0, "percent_statements_covered_display": "0"}, "missing_lines": [18], "excluded_lines": []}}}, "smrforge\\convenience.py": {"executed_lines": [1, 6, 7, 9, 11, 12, 16, 25, 26, 34, 56, 59, 62, 66, 67, 68, 71, 84, 87, 101, 104, 140, 142, 149, 150, 152, 153, 156, 165, 190, 197, 200, 214, 215, 218, 233, 234, 235, 236, 237, 238, 239, 242, 243, 248, 272, 274, 321, 322, 323, 325, 326, 336, 337, 338, 339, 340, 341, 342, 344, 346, 347, 349, 352, 354, 355, 362, 363, 365, 367, 368, 370, 373, 374, 376, 380, 427, 429, 430, 431, 434, 436, 448, 449, 450, 452, 455, 456, 458, 463, 466, 481, 482, 500, 515, 516], "summary": {"covered_lines": 94, "num_statements": 128, "percent_covered": 73.4375, "percent_covered_display": "73", "missing_lines": 34, "excluded_lines": 0, "percent_statements_covered": 73.4375, "percent_statements_covered_display": "73"}, "missing_lines": [35, 36, 39, 40, 42, 43, 45, 46, 48, 49, 51, 52, 63, 451, 464, 484, 492, 493, 494, 495, 496, 498, 511, 512, 513, 529, 530, 531, 533, 534, 535, 536, 537, 538], "excluded_lines": [], "functions": {"_get_library": {"executed_lines": [62, 66, 67, 68], "summary": {"covered_lines": 4, "num_statements": 5, "percent_covered": 80.0, "percent_covered_display": "80", "missing_lines": 1, "excluded_lines": 0, "percent_statements_covered": 80.0, "percent_statements_covered_display": "80"}, "missing_lines": [63], "excluded_lines": []}, "list_presets": {"executed_lines": [84], "summary": {"covered_lines": 1, "num_statements": 1, "percent_covered": 100.0, "percent_covered_display": "100", "missing_lines": 0, "excluded_lines": 0, "percent_statements_covered": 100.0, "percent_statements_covered_display": "100"}, "missing_lines": [], "excluded_lines": []}, "get_preset": {"executed_lines": [101], "summary": {"covered_lines": 1, "num_statements": 1, "percent_covered": 100.0, "percent_covered_display": "100", "missing_lines": 0, "excluded_lines": 0, "percent_statements_covered": 100.0, "percent_statements_covered_display": "100"}, "missing_lines": [], "excluded_lines": []}, "create_reactor": {"executed_lines": [140, 142, 149, 150, 152, 153, 156], "summary": {"covered_lines": 7, "num_statements": 7, "percent_covered": 100.0, "percent_covered_display": "100", "missing_lines": 0, "excluded_lines": 0, "percent_statements_covered": 100.0, "percent_statements_covered_display": "100"}, "missing_lines": [], "excluded_lines": []}, "quick_keff": {"executed_lines": [190, 197], "summary": {"covered_lines": 2, "num_statements": 2, "percent_covered": 100.0, "percent_covered_display": "100", "missing_lines": 0, "excluded_lines": 0, "percent_statements_covered": 100.0, "percent_statements_covered_display": "100"}, "missing_lines": [], "excluded_lines": []}, "analyze_preset": {"executed_lines": [214, 215], "summary": {"covered_lines": 2, "num_statements": 2, "percent_covered": 100.0, "percent_covered_display": "100", "missing_lines": 0, "excluded_lines": 0, "percent_statements_covered": 100.0, "percent_statements_covered_display": "100"}, "missing_lines": [], "excluded_lines": []}, "compare_designs": {"executed_lines": [233, 234, 235, 236, 237, 238, 239], "summary": {"covered_lines": 7, "num_statements": 7, "percent_covered": 100.0, "percent_covered_display": "100", "missing_lines": 0, "excluded_lines": 0, "percent_statements_covered": 100.0, "percent_statements_covered_display": "100"}, "missing_lines": [], "excluded_lines": []}, "SimpleReactor.__init__": {"executed_lines": [272, 274, 321, 322, 323], "summary": {"covered_lines": 5, "num_statements": 5, "percent_covered": 100.0, "percent_covered_display": "100", "missing_lines": 0, "excluded_lines": 0, "percent_statements_covered": 100.0, "percent_statements_covered_display": "100"}, "missing_lines": [], "excluded_lines": []}, "SimpleReactor.from_preset": {"executed_lines": [336, 337, 338, 339, 340, 341, 342], "summary": {"covered_lines": 7, "num_statements": 7, "percent_covered": 100.0, "percent_covered_display": "100", "missing_lines": 0, "excluded_lines": 0, "percent_statements_covered": 100.0, "percent_statements_covered_display": "100"}, "missing_lines": [], "excluded_lines": []}, "SimpleReactor._get_core": {"executed_lines": [346, 347, 349, 352, 354, 355, 362, 363], "summary": {"covered_lines": 8, "num_statements": 8, "percent_covered": 100.0, "percent_covered_display": "100", "missing_lines": 0, "excluded_lines": 0, "percent_statements_covered": 100.0, "percent_statements_covered_display": "100"}, "missing_lines": [], "excluded_lines": []}, "SimpleReactor._get_xs_data": {"executed_lines": [367, 368, 370, 373, 374], "summary": {"covered_lines": 5, "num_statements": 5, "percent_covered": 100.0, "percent_covered_display": "100", "missing_lines": 0, "excluded_lines": 0, "percent_statements_covered": 100.0, "percent_statements_covered_display": "100"}, "missing_lines": [], "excluded_lines": []}, "SimpleReactor._create_simple_xs": {"executed_lines": [380], "summary": {"covered_lines": 1, "num_statements": 1, "percent_covered": 100.0, "percent_covered_display": "100", "missing_lines": 0, "excluded_lines": 0, "percent_statements_covered": 100.0, "percent_statements_covered_display": "100"}, "missing_lines": [], "excluded_lines": []}, "SimpleReactor._get_solver": {"executed_lines": [429, 430, 431, 434], "summary": {"covered_lines": 4, "num_statements": 4, "percent_covered": 100.0, "percent_covered_display": "100", "missing_lines": 0, "excluded_lines": 0, "percent_statements_covered": 100.0, "percent_statements_covered_display": "100"}, "missing_lines": [], "excluded_lines": []}, "SimpleReactor.solve_keff": {"executed_lines": [448, 449, 450, 452, 455, 456, 458, 463], "summary": {"covered_lines": 8, "num_statements": 10, "percent_covered": 80.0, "percent_covered_display": "80", "missing_lines": 2, "excluded_lines": 0, "percent_statements_covered": 80.0, "percent_statements_covered_display": "80"}, "missing_lines": [451, 464], "excluded_lines": []}, "SimpleReactor.solve": {"executed_lines": [481, 482], "summary": {"covered_lines": 2, "num_statements": 9, "percent_covered": 22.22222222222222, "percent_covered_display": "22", "missing_lines": 7, "excluded_lines": 0, "percent_statements_covered": 22.22222222222222, "percent_statements_covered_display": "22"}, "missing_lines": [484, 492, 493, 494, 495, 496, 498], "excluded_lines": []}, "SimpleReactor.save": {"executed_lines": [], "summary": {"covered_lines": 0, "num_statements": 3, "percent_covered": 0.0, "percent_covered_display": "0", "missing_lines": 3, "excluded_lines": 0, "percent_statements_covered": 0.0, "percent_statements_covered_display": "0"}, "missing_lines": [511, 512, 513], "excluded_lines": []}, "SimpleReactor.load": {"executed_lines": [], "summary": {"covered_lines": 0, "num_statements": 9, "percent_covered": 0.0, "percent_covered_display": "0", "missing_lines": 9, "excluded_lines": 0, "percent_statements_covered": 0.0, "percent_statements_covered_display": "0"}, "missing_lines": [529, 530, 531, 533, 534, 535, 536, 537, 538], "excluded_lines": []}, "": {"executed_lines": [1, 6, 7, 9, 11, 12, 16, 25, 26, 34, 56, 59, 71, 87, 104, 165, 200, 218, 242, 243, 248, 325, 326, 344, 365, 376, 427, 436, 466, 500, 515, 516], "summary": {"covered_lines": 30, "num_statements": 42, "percent_covered": 71.42857142857143, "percent_covered_display": "71", "missing_lines": 12, "excluded_lines": 0, "percent_statements_covered": 71.42857142857143, "percent_statements_covered_display": "71"}, "missing_lines": [35, 36, 39, 40, 42, 43, 45, 46, 48, 49, 51, 52], "excluded_lines": []}}, "classes": {"SimpleReactor": {"executed_lines": [272, 274, 321, 322, 323, 336, 337, 338, 339, 340, 341, 342, 346, 347, 349, 352, 354, 355, 362, 363, 367, 368, 370, 373, 374, 380, 429, 430, 431, 434, 448, 449, 450, 452, 455, 456, 458, 463, 481, 482], "summary": {"covered_lines": 40, "num_statements": 61, "percent_covered": 65.57377049180327, "percent_covered_display": "66", "missing_lines": 21, "excluded_lines": 0, "percent_statements_covered": 65.57377049180327, "percent_statements_covered_display": "66"}, "missing_lines": [451, 464, 484, 492, 493, 494, 495, 496, 498, 511, 512, 513, 529, 530, 531, 533, 534, 535, 536, 537, 538], "excluded_lines": []}, "": {"executed_lines": [1, 6, 7, 9, 11, 12, 16, 25, 26, 34, 56, 59, 62, 66, 67, 68, 71, 84, 87, 101, 104, 140, 142, 149, 150, 152, 153, 156, 165, 190, 197, 200, 214, 215, 218, 233, 234, 235, 236, 237, 238, 239, 242, 243, 248, 325, 326, 344, 365, 376, 427, 436, 466, 500, 515, 516], "summary": {"covered_lines": 54, "num_statements": 67, "percent_covered": 80.59701492537313, "percent_covered_display": "81", "missing_lines": 13, "excluded_lines": 0, "percent_statements_covered": 80.59701492537313, "percent_statements_covered_display": "81"}, "missing_lines": [35, 36, 39, 40, 42, 43, 45, 46, 48, 49, 51, 52, 63], "excluded_lines": []}}}, "smrforge\\core\\__init__.py": {"executed_lines": [1, 5, 8, 9, 17, 21, 22, 29, 33, 34, 40, 44, 46, 47, 57, 58, 67, 68], "summary": {"covered_lines": 17, "num_statements": 23, "percent_covered": 73.91304347826087, "percent_covered_display": "74", "missing_lines": 6, "excluded_lines": 0, "percent_statements_covered": 73.91304347826087, "percent_statements_covered_display": "74"}, "missing_lines": [18, 19, 30, 31, 41, 42], "excluded_lines": [], "functions": {"": {"executed_lines": [1, 5, 8, 9, 17, 21, 22, 29, 33, 34, 40, 44, 46, 47, 57, 58, 67, 68], "summary": {"covered_lines": 17, "num_statements": 23, "percent_covered": 73.91304347826087, "percent_covered_display": "74", "missing_lines": 6, "excluded_lines": 0, "percent_statements_covered": 73.91304347826087, "percent_statements_covered_display": "74"}, "missing_lines": [18, 19, 30, 31, 41, 42], "excluded_lines": []}}, "classes": {"": {"executed_lines": [1, 5, 8, 9, 17, 21, 22, 29, 33, 34, 40, 44, 46, 47, 57, 58, 67, 68], "summary": {"covered_lines": 17, "num_statements": 23, "percent_covered": 73.91304347826087, "percent_covered_display": "74", "missing_lines": 6, "excluded_lines": 0, "percent_statements_covered": 73.91304347826087, "percent_statements_covered_display": "74"}, "missing_lines": [18, 19, 30, 31, 41, 42], "excluded_lines": []}}}, "smrforge\\core\\constants.py": {"executed_lines": [2, 11, 13, 16, 120, 123, 124, 125, 126, 127, 130, 220, 237, 244, 260, 272, 295, 307, 322, 331, 340, 343], "summary": {"covered_lines": 21, "num_statements": 44, "percent_covered": 47.72727272727273, "percent_covered_display": "48", "missing_lines": 23, "excluded_lines": 0, "percent_statements_covered": 47.72727272727273, "percent_statements_covered_display": "48"}, "missing_lines": [255, 256, 280, 283, 284, 285, 287, 288, 289, 290, 292, 297, 298, 299, 301, 302, 303, 345, 346, 347, 350, 351, 352], "excluded_lines": [], "functions": {"watt_spectrum": {"executed_lines": [], "summary": {"covered_lines": 0, "num_statements": 2, "percent_covered": 0.0, "percent_covered_display": "0", "missing_lines": 2, "excluded_lines": 0, "percent_statements_covered": 0.0, "percent_statements_covered_display": "0"}, "missing_lines": [255, 256], "excluded_lines": []}, "parse_nuclide_string": {"executed_lines": [], "summary": {"covered_lines": 0, "num_statements": 9, "percent_covered": 0.0, "percent_covered_display": "0", "missing_lines": 9, "excluded_lines": 0, "percent_statements_covered": 0.0, "percent_statements_covered_display": "0"}, "missing_lines": [280, 283, 284, 285, 287, 288, 289, 290, 292], "excluded_lines": []}, "zam_to_name": {"executed_lines": [], "summary": {"covered_lines": 0, "num_statements": 6, "percent_covered": 0.0, "percent_covered_display": "0", "missing_lines": 6, "excluded_lines": 0, "percent_statements_covered": 0.0, "percent_statements_covered_display": "0"}, "missing_lines": [297, 298, 299, 301, 302, 303], "excluded_lines": []}, "": {"executed_lines": [2, 11, 13, 16, 120, 123, 124, 125, 126, 127, 130, 220, 237, 244, 260, 272, 295, 307, 322, 331, 340, 343], "summary": {"covered_lines": 21, "num_statements": 27, "percent_covered": 77.77777777777777, "percent_covered_display": "78", "missing_lines": 6, "excluded_lines": 0, "percent_statements_covered": 77.77777777777777, "percent_statements_covered_display": "78"}, "missing_lines": [345, 346, 347, 350, 351, 352], "excluded_lines": []}}, "classes": {"": {"executed_lines": [2, 11, 13, 16, 120, 123, 124, 125, 126, 127, 130, 220, 237, 244, 260, 272, 295, 307, 322, 331, 340, 343], "summary": {"covered_lines": 21, "num_statements": 44, "percent_covered": 47.72727272727273, "percent_covered_display": "48", "missing_lines": 23, "excluded_lines": 0, "percent_statements_covered": 47.72727272727273, "percent_statements_covered_display": "48"}, "missing_lines": [255, 256, 280, 283, 284, 285, 287, 288, 289, 290, 292, 297, 298, 299, 301, 302, 303, 345, 346, 347, 350, 351, 352], "excluded_lines": []}}}, "smrforge\\core\\endf_parser.py": {"executed_lines": [1, 11, 12, 13, 14, 16, 18, 19, 21, 27, 28, 29, 31, 32, 33, 34, 36, 52, 53, 63, 79, 83, 89, 114, 143, 154, 176, 216, 323, 324, 349, 350, 364, 368, 372, 394, 398], "summary": {"covered_lines": 33, "num_statements": 175, "percent_covered": 18.857142857142858, "percent_covered_display": "19", "missing_lines": 142, "excluded_lines": 0, "percent_statements_covered": 18.857142857142858, "percent_statements_covered_display": "19"}, "missing_lines": [22, 23, 24, 38, 39, 40, 41, 43, 44, 45, 48, 49, 70, 71, 72, 74, 75, 77, 81, 85, 86, 87, 97, 98, 100, 101, 102, 103, 112, 123, 124, 126, 127, 128, 141, 145, 146, 149, 152, 157, 158, 159, 160, 162, 164, 165, 166, 167, 168, 169, 170, 171, 172, 173, 174, 185, 186, 187, 190, 191, 192, 194, 195, 196, 197, 198, 199, 202, 203, 205, 206, 207, 214, 225, 226, 229, 232, 235, 236, 237, 240, 241, 243, 245, 246, 249, 250, 251, 252, 255, 256, 257, 258, 262, 263, 264, 265, 267, 268, 269, 273, 276, 280, 281, 283, 284, 287, 289, 290, 291, 292, 295, 296, 297, 298, 300, 302, 303, 306, 307, 310, 311, 312, 315, 317, 318, 319, 321, 326, 345, 366, 370, 374, 377, 378, 379, 380, 381, 384, 392, 396, 400], "excluded_lines": [], "functions": {"ReactionData.interpolate": {"executed_lines": [], "summary": {"covered_lines": 0, "num_statements": 9, "percent_covered": 0.0, "percent_covered_display": "0", "missing_lines": 9, "excluded_lines": 0, "percent_statements_covered": 0.0, "percent_statements_covered_display": "0"}, "missing_lines": [38, 39, 40, 41, 43, 44, 45, 48, 49], "excluded_lines": []}, "ENDFEvaluation.__init__": {"executed_lines": [], "summary": {"covered_lines": 0, "num_statements": 6, "percent_covered": 0.0, "percent_covered_display": "0", "missing_lines": 6, "excluded_lines": 0, "percent_statements_covered": 0.0, "percent_statements_covered_display": "0"}, "missing_lines": [70, 71, 72, 74, 75, 77], "excluded_lines": []}, "ENDFEvaluation.__contains__": {"executed_lines": [], "summary": {"covered_lines": 0, "num_statements": 1, "percent_covered": 0.0, "percent_covered_display": "0", "missing_lines": 1, "excluded_lines": 0, "percent_statements_covered": 0.0, "percent_statements_covered_display": "0"}, "missing_lines": [81], "excluded_lines": []}, "ENDFEvaluation.__getitem__": {"executed_lines": [], "summary": {"covered_lines": 0, "num_statements": 3, "percent_covered": 0.0, "percent_covered_display": "0", "missing_lines": 3, "excluded_lines": 0, "percent_statements_covered": 0.0, "percent_statements_covered_display": "0"}, "missing_lines": [85, 86, 87], "excluded_lines": []}, "ENDFEvaluation.to_polars": {"executed_lines": [], "summary": {"covered_lines": 0, "num_statements": 7, "percent_covered": 0.0, "percent_covered_display": "0", "missing_lines": 7, "excluded_lines": 0, "percent_statements_covered": 0.0, "percent_statements_covered_display": "0"}, "missing_lines": [97, 98, 100, 101, 102, 103, 112], "excluded_lines": []}, "ENDFEvaluation.get_reactions_dataframe": {"executed_lines": [], "summary": {"covered_lines": 0, "num_statements": 6, "percent_covered": 0.0, "percent_covered_display": "0", "missing_lines": 6, "excluded_lines": 0, "percent_statements_covered": 0.0, "percent_statements_covered_display": "0"}, "missing_lines": [123, 124, 126, 127, 128, 141], "excluded_lines": []}, "ENDFEvaluation._parse_file": {"executed_lines": [], "summary": {"covered_lines": 0, "num_statements": 4, "percent_covered": 0.0, "percent_covered_display": "0", "missing_lines": 4, "excluded_lines": 0, "percent_statements_covered": 0.0, "percent_statements_covered_display": "0"}, "missing_lines": [145, 146, 149, 152], "excluded_lines": []}, "ENDFEvaluation._parse_header": {"executed_lines": [], "summary": {"covered_lines": 0, "num_statements": 16, "percent_covered": 0.0, "percent_covered_display": "0", "missing_lines": 16, "excluded_lines": 0, "percent_statements_covered": 0.0, "percent_statements_covered_display": "0"}, "missing_lines": [157, 158, 159, 160, 162, 164, 165, 166, 167, 168, 169, 170, 171, 172, 173, 174], "excluded_lines": []}, "ENDFEvaluation._parse_mf3": {"executed_lines": [], "summary": {"covered_lines": 0, "num_statements": 18, "percent_covered": 0.0, "percent_covered_display": "0", "missing_lines": 18, "excluded_lines": 0, "percent_statements_covered": 0.0, "percent_statements_covered_display": "0"}, "missing_lines": [185, 186, 187, 190, 191, 192, 194, 195, 196, 197, 198, 199, 202, 203, 205, 206, 207, 214], "excluded_lines": []}, "ENDFEvaluation._parse_mf3_section": {"executed_lines": [], "summary": {"covered_lines": 0, "num_statements": 55, "percent_covered": 0.0, "percent_covered_display": "0", "missing_lines": 55, "excluded_lines": 0, "percent_statements_covered": 0.0, "percent_statements_covered_display": "0"}, "missing_lines": [225, 226, 229, 232, 235, 236, 237, 240, 241, 243, 245, 246, 249, 250, 251, 252, 255, 256, 257, 258, 262, 263, 264, 265, 267, 268, 269, 273, 276, 280, 281, 283, 284, 287, 289, 290, 291, 292, 295, 296, 297, 298, 300, 302, 303, 306, 307, 310, 311, 312, 315, 317, 318, 319, 321], "excluded_lines": []}, "ENDFEvaluation._mt_to_reaction_name": {"executed_lines": [], "summary": {"covered_lines": 0, "num_statements": 2, "percent_covered": 0.0, "percent_covered_display": "0", "missing_lines": 2, "excluded_lines": 0, "percent_statements_covered": 0.0, "percent_statements_covered_display": "0"}, "missing_lines": [326, 345], "excluded_lines": []}, "ENDFCompatibility.__init__": {"executed_lines": [], "summary": {"covered_lines": 0, "num_statements": 1, "percent_covered": 0.0, "percent_covered_display": "0", "missing_lines": 1, "excluded_lines": 0, "percent_statements_covered": 0.0, "percent_statements_covered_display": "0"}, "missing_lines": [366], "excluded_lines": []}, "ENDFCompatibility.__contains__": {"executed_lines": [], "summary": {"covered_lines": 0, "num_statements": 1, "percent_covered": 0.0, "percent_covered_display": "0", "missing_lines": 1, "excluded_lines": 0, "percent_statements_covered": 0.0, "percent_statements_covered_display": "0"}, "missing_lines": [370], "excluded_lines": []}, "ENDFCompatibility.__getitem__": {"executed_lines": [], "summary": {"covered_lines": 0, "num_statements": 4, "percent_covered": 0.0, "percent_covered_display": "0", "missing_lines": 4, "excluded_lines": 0, "percent_statements_covered": 0.0, "percent_statements_covered_display": "0"}, "missing_lines": [374, 377, 378, 392], "excluded_lines": []}, "ENDFCompatibility.__getitem__.ReactionWrapper.__init__": {"executed_lines": [], "summary": {"covered_lines": 0, "num_statements": 4, "percent_covered": 0.0, "percent_covered_display": "0", "missing_lines": 4, "excluded_lines": 0, "percent_statements_covered": 0.0, "percent_statements_covered_display": "0"}, "missing_lines": [379, 380, 381, 384], "excluded_lines": []}, "ENDFCompatibility.to_polars": {"executed_lines": [], "summary": {"covered_lines": 0, "num_statements": 1, "percent_covered": 0.0, "percent_covered_display": "0", "missing_lines": 1, "excluded_lines": 0, "percent_statements_covered": 0.0, "percent_statements_covered_display": "0"}, "missing_lines": [396], "excluded_lines": []}, "ENDFCompatibility.get_reactions_dataframe": {"executed_lines": [], "summary": {"covered_lines": 0, "num_statements": 1, "percent_covered": 0.0, "percent_covered_display": "0", "missing_lines": 1, "excluded_lines": 0, "percent_statements_covered": 0.0, "percent_statements_covered_display": "0"}, "missing_lines": [400], "excluded_lines": []}, "": {"executed_lines": [1, 11, 12, 13, 14, 16, 18, 19, 21, 27, 28, 29, 31, 32, 33, 34, 36, 52, 53, 63, 79, 83, 89, 114, 143, 154, 176, 216, 323, 324, 349, 350, 364, 368, 372, 394, 398], "summary": {"covered_lines": 33, "num_statements": 36, "percent_covered": 91.66666666666667, "percent_covered_display": "92", "missing_lines": 3, "excluded_lines": 0, "percent_statements_covered": 91.66666666666667, "percent_statements_covered_display": "92"}, "missing_lines": [22, 23, 24], "excluded_lines": []}}, "classes": {"ReactionData": {"executed_lines": [], "summary": {"covered_lines": 0, "num_statements": 9, "percent_covered": 0.0, "percent_covered_display": "0", "missing_lines": 9, "excluded_lines": 0, "percent_statements_covered": 0.0, "percent_statements_covered_display": "0"}, "missing_lines": [38, 39, 40, 41, 43, 44, 45, 48, 49], "excluded_lines": []}, "ENDFEvaluation": {"executed_lines": [], "summary": {"covered_lines": 0, "num_statements": 118, "percent_covered": 0.0, "percent_covered_display": "0", "missing_lines": 118, "excluded_lines": 0, "percent_statements_covered": 0.0, "percent_statements_covered_display": "0"}, "missing_lines": [70, 71, 72, 74, 75, 77, 81, 85, 86, 87, 97, 98, 100, 101, 102, 103, 112, 123, 124, 126, 127, 128, 141, 145, 146, 149, 152, 157, 158, 159, 160, 162, 164, 165, 166, 167, 168, 169, 170, 171, 172, 173, 174, 185, 186, 187, 190, 191, 192, 194, 195, 196, 197, 198, 199, 202, 203, 205, 206, 207, 214, 225, 226, 229, 232, 235, 236, 237, 240, 241, 243, 245, 246, 249, 250, 251, 252, 255, 256, 257, 258, 262, 263, 264, 265, 267, 268, 269, 273, 276, 280, 281, 283, 284, 287, 289, 290, 291, 292, 295, 296, 297, 298, 300, 302, 303, 306, 307, 310, 311, 312, 315, 317, 318, 319, 321, 326, 345], "excluded_lines": []}, "ENDFCompatibility": {"executed_lines": [], "summary": {"covered_lines": 0, "num_statements": 8, "percent_covered": 0.0, "percent_covered_display": "0", "missing_lines": 8, "excluded_lines": 0, "percent_statements_covered": 0.0, "percent_statements_covered_display": "0"}, "missing_lines": [366, 370, 374, 377, 378, 392, 396, 400], "excluded_lines": []}, "ENDFCompatibility.__getitem__.ReactionWrapper": {"executed_lines": [], "summary": {"covered_lines": 0, "num_statements": 4, "percent_covered": 0.0, "percent_covered_display": "0", "missing_lines": 4, "excluded_lines": 0, "percent_statements_covered": 0.0, "percent_statements_covered_display": "0"}, "missing_lines": [379, 380, 381, 384], "excluded_lines": []}, "": {"executed_lines": [1, 11, 12, 13, 14, 16, 18, 19, 21, 27, 28, 29, 31, 32, 33, 34, 36, 52, 53, 63, 79, 83, 89, 114, 143, 154, 176, 216, 323, 324, 349, 350, 364, 368, 372, 394, 398], "summary": {"covered_lines": 33, "num_statements": 36, "percent_covered": 91.66666666666667, "percent_covered_display": "92", "missing_lines": 3, "excluded_lines": 0, "percent_statements_covered": 91.66666666666667, "percent_statements_covered_display": "92"}, "missing_lines": [22, 23, 24], "excluded_lines": []}}}, "smrforge\\core\\materials_database.py": {"executed_lines": [2, 14, 15, 16, 18, 19, 20, 23, 24, 25, 27, 28, 29, 30, 31, 32, 34, 43, 48, 49, 54, 55, 56, 58, 63, 65, 72, 81, 83, 90, 99, 101, 105, 116, 125, 136, 143, 153, 157, 167, 171, 182, 186, 195, 202, 206, 218, 219, 224, 225, 226, 227, 229, 233, 238, 242, 248, 258, 265, 275, 279, 288, 298, 305, 322, 323, 328, 329, 330, 331, 333, 335, 336, 337, 338, 339, 342, 343, 344, 345, 346, 348, 350, 354, 356, 363, 370, 380, 384, 394, 398, 408, 414, 423, 448, 483, 484, 489, 490, 491, 492, 494, 497, 498, 499, 502, 505, 506, 509, 511, 516, 517, 520, 523, 526, 527, 530, 533, 535, 537, 538, 539, 540, 544, 546, 547, 549, 550, 551, 552, 553, 554, 556, 558, 566, 572, 605, 606, 630, 631, 661], "summary": {"covered_lines": 135, "num_statements": 283, "percent_covered": 47.70318021201413, "percent_covered_display": "48", "missing_lines": 148, "excluded_lines": 0, "percent_statements_covered": 47.70318021201413, "percent_statements_covered_display": "48"}, "missing_lines": [36, 37, 41, 45, 67, 68, 70, 85, 86, 88, 103, 118, 119, 120, 121, 122, 123, 137, 138, 140, 141, 155, 169, 183, 184, 197, 199, 200, 204, 208, 236, 243, 244, 245, 246, 260, 261, 262, 263, 277, 296, 300, 301, 302, 303, 317, 318, 319, 359, 365, 367, 368, 382, 396, 411, 412, 429, 430, 431, 432, 433, 436, 437, 438, 439, 440, 442, 445, 446, 464, 465, 468, 469, 472, 473, 478, 480, 518, 521, 528, 531, 560, 561, 564, 568, 569, 570, 576, 577, 578, 579, 580, 581, 583, 584, 585, 586, 588, 590, 592, 601, 611, 613, 614, 615, 616, 617, 618, 619, 620, 622, 623, 624, 625, 627, 638, 639, 640, 641, 643, 644, 645, 646, 648, 650, 653, 656, 658, 663, 665, 666, 667, 670, 671, 676, 677, 678, 681, 682, 683, 684, 685, 688, 690, 692, 693, 694, 696], "excluded_lines": [], "functions": {"MaterialProperty.__call__": {"executed_lines": [], "summary": {"covered_lines": 0, "num_statements": 3, "percent_covered": 0.0, "percent_covered_display": "0", "missing_lines": 3, "excluded_lines": 0, "percent_statements_covered": 0.0, "percent_statements_covered_display": "0"}, "missing_lines": [36, 37, 41], "excluded_lines": []}, "MaterialProperty.evaluate_array": {"executed_lines": [], "summary": {"covered_lines": 0, "num_statements": 1, "percent_covered": 0.0, "percent_covered_display": "0", "missing_lines": 1, "excluded_lines": 0, "percent_statements_covered": 0.0, "percent_statements_covered_display": "0"}, "missing_lines": [45], "excluded_lines": []}, "GraphiteMaterial.__init__": {"executed_lines": [55, 56], "summary": {"covered_lines": 2, "num_statements": 2, "percent_covered": 100.0, "percent_covered_display": "100", "missing_lines": 0, "excluded_lines": 0, "percent_statements_covered": 100.0, "percent_statements_covered_display": "100"}, "missing_lines": [], "excluded_lines": []}, "GraphiteMaterial._initialize_properties": {"executed_lines": [63, 65, 72, 81, 83, 90, 99, 101, 105, 116, 125, 136, 143, 153, 157, 167, 171, 182, 186], "summary": {"covered_lines": 19, "num_statements": 23, "percent_covered": 82.6086956521739, "percent_covered_display": "83", "missing_lines": 4, "excluded_lines": 0, "percent_statements_covered": 82.6086956521739, "percent_statements_covered_display": "83"}, "missing_lines": [85, 86, 88, 103], "excluded_lines": []}, "GraphiteMaterial._initialize_properties.k_corr": {"executed_lines": [], "summary": {"covered_lines": 0, "num_statements": 3, "percent_covered": 0.0, "percent_covered_display": "0", "missing_lines": 3, "excluded_lines": 0, "percent_statements_covered": 0.0, "percent_statements_covered_display": "0"}, "missing_lines": [67, 68, 70], "excluded_lines": []}, "GraphiteMaterial._initialize_properties.cp_corr": {"executed_lines": [], "summary": {"covered_lines": 0, "num_statements": 6, "percent_covered": 0.0, "percent_covered_display": "0", "missing_lines": 6, "excluded_lines": 0, "percent_statements_covered": 0.0, "percent_statements_covered_display": "0"}, "missing_lines": [118, 119, 120, 121, 122, 123], "excluded_lines": []}, "GraphiteMaterial._initialize_properties.rho_corr": {"executed_lines": [], "summary": {"covered_lines": 0, "num_statements": 4, "percent_covered": 0.0, "percent_covered_display": "0", "missing_lines": 4, "excluded_lines": 0, "percent_statements_covered": 0.0, "percent_statements_covered_display": "0"}, "missing_lines": [137, 138, 140, 141], "excluded_lines": []}, "GraphiteMaterial._initialize_properties.alpha_corr": {"executed_lines": [], "summary": {"covered_lines": 0, "num_statements": 1, "percent_covered": 0.0, "percent_covered_display": "0", "missing_lines": 1, "excluded_lines": 0, "percent_statements_covered": 0.0, "percent_statements_covered_display": "0"}, "missing_lines": [155], "excluded_lines": []}, "GraphiteMaterial._initialize_properties.emissivity_corr": {"executed_lines": [], "summary": {"covered_lines": 0, "num_statements": 1, "percent_covered": 0.0, "percent_covered_display": "0", "missing_lines": 1, "excluded_lines": 0, "percent_statements_covered": 0.0, "percent_statements_covered_display": "0"}, "missing_lines": [169], "excluded_lines": []}, "GraphiteMaterial._initialize_properties.E_corr": {"executed_lines": [], "summary": {"covered_lines": 0, "num_statements": 2, "percent_covered": 0.0, "percent_covered_display": "0", "missing_lines": 2, "excluded_lines": 0, "percent_statements_covered": 0.0, "percent_statements_covered_display": "0"}, "missing_lines": [183, 184], "excluded_lines": []}, "GraphiteMaterial._integrate_cte": {"executed_lines": [], "summary": {"covered_lines": 0, "num_statements": 3, "percent_covered": 0.0, "percent_covered_display": "0", "missing_lines": 3, "excluded_lines": 0, "percent_statements_covered": 0.0, "percent_statements_covered_display": "0"}, "missing_lines": [197, 199, 200], "excluded_lines": []}, "GraphiteMaterial.thermal_expansion_coefficient": {"executed_lines": [], "summary": {"covered_lines": 0, "num_statements": 1, "percent_covered": 0.0, "percent_covered_display": "0", "missing_lines": 1, "excluded_lines": 0, "percent_statements_covered": 0.0, "percent_statements_covered_display": "0"}, "missing_lines": [204], "excluded_lines": []}, "GraphiteMaterial.properties_at_temperature": {"executed_lines": [], "summary": {"covered_lines": 0, "num_statements": 1, "percent_covered": 0.0, "percent_covered_display": "0", "missing_lines": 1, "excluded_lines": 0, "percent_statements_covered": 0.0, "percent_statements_covered_display": "0"}, "missing_lines": [208], "excluded_lines": []}, "HeliumCoolant.__init__": {"executed_lines": [225, 226, 227], "summary": {"covered_lines": 3, "num_statements": 3, "percent_covered": 100.0, "percent_covered_display": "100", "missing_lines": 0, "excluded_lines": 0, "percent_statements_covered": 100.0, "percent_statements_covered_display": "100"}, "missing_lines": [], "excluded_lines": []}, "HeliumCoolant._initialize_properties": {"executed_lines": [233, 238, 242, 248, 258, 265, 275, 279], "summary": {"covered_lines": 8, "num_statements": 8, "percent_covered": 100.0, "percent_covered_display": "100", "missing_lines": 0, "excluded_lines": 0, "percent_statements_covered": 100.0, "percent_statements_covered_display": "100"}, "missing_lines": [], "excluded_lines": []}, "HeliumCoolant._initialize_properties.rho_corr": {"executed_lines": [], "summary": {"covered_lines": 0, "num_statements": 1, "percent_covered": 0.0, "percent_covered_display": "0", "missing_lines": 1, "excluded_lines": 0, "percent_statements_covered": 0.0, "percent_statements_covered_display": "0"}, "missing_lines": [236], "excluded_lines": []}, "HeliumCoolant._initialize_properties.mu_corr": {"executed_lines": [], "summary": {"covered_lines": 0, "num_statements": 4, "percent_covered": 0.0, "percent_covered_display": "0", "missing_lines": 4, "excluded_lines": 0, "percent_statements_covered": 0.0, "percent_statements_covered_display": "0"}, "missing_lines": [243, 244, 245, 246], "excluded_lines": []}, "HeliumCoolant._initialize_properties.k_corr": {"executed_lines": [], "summary": {"covered_lines": 0, "num_statements": 4, "percent_covered": 0.0, "percent_covered_display": "0", "missing_lines": 4, "excluded_lines": 0, "percent_statements_covered": 0.0, "percent_statements_covered_display": "0"}, "missing_lines": [260, 261, 262, 263], "excluded_lines": []}, "HeliumCoolant._initialize_properties.cp_corr": {"executed_lines": [], "summary": {"covered_lines": 0, "num_statements": 1, "percent_covered": 0.0, "percent_covered_display": "0", "missing_lines": 1, "excluded_lines": 0, "percent_statements_covered": 0.0, "percent_statements_covered_display": "0"}, "missing_lines": [277], "excluded_lines": []}, "HeliumCoolant.density": {"executed_lines": [], "summary": {"covered_lines": 0, "num_statements": 1, "percent_covered": 0.0, "percent_covered_display": "0", "missing_lines": 1, "excluded_lines": 0, "percent_statements_covered": 0.0, "percent_statements_covered_display": "0"}, "missing_lines": [296], "excluded_lines": []}, "HeliumCoolant.prandtl_number": {"executed_lines": [], "summary": {"covered_lines": 0, "num_statements": 4, "percent_covered": 0.0, "percent_covered_display": "0", "missing_lines": 4, "excluded_lines": 0, "percent_statements_covered": 0.0, "percent_statements_covered_display": "0"}, "missing_lines": [300, 301, 302, 303], "excluded_lines": []}, "HeliumCoolant.reynolds_number": {"executed_lines": [], "summary": {"covered_lines": 0, "num_statements": 3, "percent_covered": 0.0, "percent_covered_display": "0", "missing_lines": 3, "excluded_lines": 0, "percent_statements_covered": 0.0, "percent_statements_covered_display": "0"}, "missing_lines": [317, 318, 319], "excluded_lines": []}, "TRISOFuel.__init__": {"executed_lines": [329, 330, 331], "summary": {"covered_lines": 3, "num_statements": 3, "percent_covered": 100.0, "percent_covered_display": "100", "missing_lines": 0, "excluded_lines": 0, "percent_statements_covered": 100.0, "percent_statements_covered_display": "100"}, "missing_lines": [], "excluded_lines": []}, "TRISOFuel._initialize_geometry": {"executed_lines": [335, 336, 337, 338, 339, 342, 343, 344, 345, 346, 348], "summary": {"covered_lines": 11, "num_statements": 11, "percent_covered": 100.0, "percent_covered_display": "100", "missing_lines": 0, "excluded_lines": 0, "percent_statements_covered": 100.0, "percent_statements_covered_display": "100"}, "missing_lines": [], "excluded_lines": []}, "TRISOFuel._initialize_properties": {"executed_lines": [354, 356, 363, 370, 380, 384, 394, 398, 408, 414], "summary": {"covered_lines": 10, "num_statements": 13, "percent_covered": 76.92307692307692, "percent_covered_display": "77", "missing_lines": 3, "excluded_lines": 0, "percent_statements_covered": 76.92307692307692, "percent_statements_covered_display": "77"}, "missing_lines": [365, 367, 368], "excluded_lines": []}, "TRISOFuel._initialize_properties.k_kernel": {"executed_lines": [], "summary": {"covered_lines": 0, "num_statements": 1, "percent_covered": 0.0, "percent_covered_display": "0", "missing_lines": 1, "excluded_lines": 0, "percent_statements_covered": 0.0, "percent_statements_covered_display": "0"}, "missing_lines": [359], "excluded_lines": []}, "TRISOFuel._initialize_properties.k_buffer": {"executed_lines": [], "summary": {"covered_lines": 0, "num_statements": 1, "percent_covered": 0.0, "percent_covered_display": "0", "missing_lines": 1, "excluded_lines": 0, "percent_statements_covered": 0.0, "percent_statements_covered_display": "0"}, "missing_lines": [382], "excluded_lines": []}, "TRISOFuel._initialize_properties.k_pyc": {"executed_lines": [], "summary": {"covered_lines": 0, "num_statements": 1, "percent_covered": 0.0, "percent_covered_display": "0", "missing_lines": 1, "excluded_lines": 0, "percent_statements_covered": 0.0, "percent_statements_covered_display": "0"}, "missing_lines": [396], "excluded_lines": []}, "TRISOFuel._initialize_properties.k_sic": {"executed_lines": [], "summary": {"covered_lines": 0, "num_statements": 2, "percent_covered": 0.0, "percent_covered_display": "0", "missing_lines": 2, "excluded_lines": 0, "percent_statements_covered": 0.0, "percent_statements_covered_display": "0"}, "missing_lines": [411, 412], "excluded_lines": []}, "TRISOFuel.effective_conductivity": {"executed_lines": [], "summary": {"covered_lines": 0, "num_statements": 13, "percent_covered": 0.0, "percent_covered_display": "0", "missing_lines": 13, "excluded_lines": 0, "percent_statements_covered": 0.0, "percent_statements_covered_display": "0"}, "missing_lines": [429, 430, 431, 432, 433, 436, 437, 438, 439, 440, 442, 445, 446], "excluded_lines": []}, "TRISOFuel.failure_probability": {"executed_lines": [], "summary": {"covered_lines": 0, "num_statements": 8, "percent_covered": 0.0, "percent_covered_display": "0", "missing_lines": 8, "excluded_lines": 0, "percent_statements_covered": 0.0, "percent_statements_covered_display": "0"}, "missing_lines": [464, 465, 468, 469, 472, 473, 478, 480], "excluded_lines": []}, "MaterialDatabase.__init__": {"executed_lines": [490, 491, 492], "summary": {"covered_lines": 3, "num_statements": 3, "percent_covered": 100.0, "percent_covered_display": "100", "missing_lines": 0, "excluded_lines": 0, "percent_statements_covered": 100.0, "percent_statements_covered_display": "100"}, "missing_lines": [], "excluded_lines": []}, "MaterialDatabase._load_materials": {"executed_lines": [497, 498, 499, 502, 505, 506, 509], "summary": {"covered_lines": 7, "num_statements": 7, "percent_covered": 100.0, "percent_covered_display": "100", "missing_lines": 0, "excluded_lines": 0, "percent_statements_covered": 100.0, "percent_statements_covered_display": "100"}, "missing_lines": [], "excluded_lines": []}, "MaterialDatabase._add_structural_materials": {"executed_lines": [516, 517, 520, 523, 526, 527, 530, 533], "summary": {"covered_lines": 8, "num_statements": 8, "percent_covered": 100.0, "percent_covered_display": "100", "missing_lines": 0, "excluded_lines": 0, "percent_statements_covered": 100.0, "percent_statements_covered_display": "100"}, "missing_lines": [], "excluded_lines": []}, "MaterialDatabase._add_structural_materials.B4C.thermal_conductivity": {"executed_lines": [], "summary": {"covered_lines": 0, "num_statements": 1, "percent_covered": 0.0, "percent_covered_display": "0", "missing_lines": 1, "excluded_lines": 0, "percent_statements_covered": 0.0, "percent_statements_covered_display": "0"}, "missing_lines": [518], "excluded_lines": []}, "MaterialDatabase._add_structural_materials.B4C.density": {"executed_lines": [], "summary": {"covered_lines": 0, "num_statements": 1, "percent_covered": 0.0, "percent_covered_display": "0", "missing_lines": 1, "excluded_lines": 0, "percent_statements_covered": 0.0, "percent_statements_covered_display": "0"}, "missing_lines": [521], "excluded_lines": []}, "MaterialDatabase._add_structural_materials.Alloy800H.thermal_conductivity": {"executed_lines": [], "summary": {"covered_lines": 0, "num_statements": 1, "percent_covered": 0.0, "percent_covered_display": "0", "missing_lines": 1, "excluded_lines": 0, "percent_statements_covered": 0.0, "percent_statements_covered_display": "0"}, "missing_lines": [528], "excluded_lines": []}, "MaterialDatabase._add_structural_materials.Alloy800H.density": {"executed_lines": [], "summary": {"covered_lines": 0, "num_statements": 1, "percent_covered": 0.0, "percent_covered_display": "0", "missing_lines": 1, "excluded_lines": 0, "percent_statements_covered": 0.0, "percent_statements_covered_display": "0"}, "missing_lines": [531], "excluded_lines": []}, "MaterialDatabase._build_index": {"executed_lines": [537, 538, 539, 540, 544], "summary": {"covered_lines": 5, "num_statements": 5, "percent_covered": 100.0, "percent_covered_display": "100", "missing_lines": 0, "excluded_lines": 0, "percent_statements_covered": 100.0, "percent_statements_covered_display": "100"}, "missing_lines": [], "excluded_lines": []}, "MaterialDatabase._categorize": {"executed_lines": [549, 550, 551, 552, 553, 554, 556], "summary": {"covered_lines": 7, "num_statements": 7, "percent_covered": 100.0, "percent_covered_display": "100", "missing_lines": 0, "excluded_lines": 0, "percent_statements_covered": 100.0, "percent_statements_covered_display": "100"}, "missing_lines": [], "excluded_lines": []}, "MaterialDatabase.get": {"executed_lines": [], "summary": {"covered_lines": 0, "num_statements": 3, "percent_covered": 0.0, "percent_covered_display": "0", "missing_lines": 3, "excluded_lines": 0, "percent_statements_covered": 0.0, "percent_statements_covered_display": "0"}, "missing_lines": [560, 561, 564], "excluded_lines": []}, "MaterialDatabase.list_materials": {"executed_lines": [], "summary": {"covered_lines": 0, "num_statements": 3, "percent_covered": 0.0, "percent_covered_display": "0", "missing_lines": 3, "excluded_lines": 0, "percent_statements_covered": 0.0, "percent_statements_covered_display": "0"}, "missing_lines": [568, 569, 570], "excluded_lines": []}, "MaterialDatabase.compare_properties": {"executed_lines": [], "summary": {"covered_lines": 0, "num_statements": 14, "percent_covered": 0.0, "percent_covered_display": "0", "missing_lines": 14, "excluded_lines": 0, "percent_statements_covered": 0.0, "percent_statements_covered_display": "0"}, "missing_lines": [576, 577, 578, 579, 580, 581, 583, 584, 585, 586, 588, 590, 592, 601], "excluded_lines": []}, "graphite_conductivity_fast": {"executed_lines": [], "summary": {"covered_lines": 0, "num_statements": 14, "percent_covered": 0.0, "percent_covered_display": "0", "missing_lines": 14, "excluded_lines": 0, "percent_statements_covered": 0.0, "percent_statements_covered_display": "0"}, "missing_lines": [611, 613, 614, 615, 616, 617, 618, 619, 620, 622, 623, 624, 625, 627], "excluded_lines": []}, "helium_properties_fast": {"executed_lines": [], "summary": {"covered_lines": 0, "num_statements": 13, "percent_covered": 0.0, "percent_covered_display": "0", "missing_lines": 13, "excluded_lines": 0, "percent_statements_covered": 0.0, "percent_statements_covered_display": "0"}, "missing_lines": [638, 639, 640, 641, 643, 644, 645, 646, 648, 650, 653, 656, 658], "excluded_lines": []}, "": {"executed_lines": [2, 14, 15, 16, 18, 19, 20, 23, 24, 25, 27, 28, 29, 30, 31, 32, 34, 43, 48, 49, 54, 58, 195, 202, 206, 218, 219, 224, 229, 288, 298, 305, 322, 323, 328, 333, 350, 423, 448, 483, 484, 489, 494, 511, 535, 546, 547, 558, 566, 572, 605, 606, 630, 631, 661], "summary": {"covered_lines": 49, "num_statements": 69, "percent_covered": 71.01449275362319, "percent_covered_display": "71", "missing_lines": 20, "excluded_lines": 0, "percent_statements_covered": 71.01449275362319, "percent_statements_covered_display": "71"}, "missing_lines": [663, 665, 666, 667, 670, 671, 676, 677, 678, 681, 682, 683, 684, 685, 688, 690, 692, 693, 694, 696], "excluded_lines": []}}, "classes": {"MaterialProperty": {"executed_lines": [], "summary": {"covered_lines": 0, "num_statements": 4, "percent_covered": 0.0, "percent_covered_display": "0", "missing_lines": 4, "excluded_lines": 0, "percent_statements_covered": 0.0, "percent_statements_covered_display": "0"}, "missing_lines": [36, 37, 41, 45], "excluded_lines": []}, "GraphiteMaterial": {"executed_lines": [55, 56, 63, 65, 72, 81, 83, 90, 99, 101, 105, 116, 125, 136, 143, 153, 157, 167, 171, 182, 186], "summary": {"covered_lines": 21, "num_statements": 47, "percent_covered": 44.680851063829785, "percent_covered_display": "45", "missing_lines": 26, "excluded_lines": 0, "percent_statements_covered": 44.680851063829785, "percent_statements_covered_display": "45"}, "missing_lines": [67, 68, 70, 85, 86, 88, 103, 118, 119, 120, 121, 122, 123, 137, 138, 140, 141, 155, 169, 183, 184, 197, 199, 200, 204, 208], "excluded_lines": []}, "HeliumCoolant": {"executed_lines": [225, 226, 227, 233, 238, 242, 248, 258, 265, 275, 279], "summary": {"covered_lines": 11, "num_statements": 29, "percent_covered": 37.93103448275862, "percent_covered_display": "38", "missing_lines": 18, "excluded_lines": 0, "percent_statements_covered": 37.93103448275862, "percent_statements_covered_display": "38"}, "missing_lines": [236, 243, 244, 245, 246, 260, 261, 262, 263, 277, 296, 300, 301, 302, 303, 317, 318, 319], "excluded_lines": []}, "TRISOFuel": {"executed_lines": [329, 330, 331, 335, 336, 337, 338, 339, 342, 343, 344, 345, 346, 348, 354, 356, 363, 370, 380, 384, 394, 398, 408, 414], "summary": {"covered_lines": 24, "num_statements": 53, "percent_covered": 45.283018867924525, "percent_covered_display": "45", "missing_lines": 29, "excluded_lines": 0, "percent_statements_covered": 45.283018867924525, "percent_statements_covered_display": "45"}, "missing_lines": [359, 365, 367, 368, 382, 396, 411, 412, 429, 430, 431, 432, 433, 436, 437, 438, 439, 440, 442, 445, 446, 464, 465, 468, 469, 472, 473, 478, 480], "excluded_lines": []}, "MaterialDatabase": {"executed_lines": [490, 491, 492, 497, 498, 499, 502, 505, 506, 509, 516, 517, 520, 523, 526, 527, 530, 533, 537, 538, 539, 540, 544, 549, 550, 551, 552, 553, 554, 556], "summary": {"covered_lines": 30, "num_statements": 50, "percent_covered": 60.0, "percent_covered_display": "60", "missing_lines": 20, "excluded_lines": 0, "percent_statements_covered": 60.0, "percent_statements_covered_display": "60"}, "missing_lines": [560, 561, 564, 568, 569, 570, 576, 577, 578, 579, 580, 581, 583, 584, 585, 586, 588, 590, 592, 601], "excluded_lines": []}, "MaterialDatabase._add_structural_materials.B4C": {"executed_lines": [], "summary": {"covered_lines": 0, "num_statements": 2, "percent_covered": 0.0, "percent_covered_display": "0", "missing_lines": 2, "excluded_lines": 0, "percent_statements_covered": 0.0, "percent_statements_covered_display": "0"}, "missing_lines": [518, 521], "excluded_lines": []}, "MaterialDatabase._add_structural_materials.Alloy800H": {"executed_lines": [], "summary": {"covered_lines": 0, "num_statements": 2, "percent_covered": 0.0, "percent_covered_display": "0", "missing_lines": 2, "excluded_lines": 0, "percent_statements_covered": 0.0, "percent_statements_covered_display": "0"}, "missing_lines": [528, 531], "excluded_lines": []}, "": {"executed_lines": [2, 14, 15, 16, 18, 19, 20, 23, 24, 25, 27, 28, 29, 30, 31, 32, 34, 43, 48, 49, 54, 58, 195, 202, 206, 218, 219, 224, 229, 288, 298, 305, 322, 323, 328, 333, 350, 423, 448, 483, 484, 489, 494, 511, 535, 546, 547, 558, 566, 572, 605, 606, 630, 631, 661], "summary": {"covered_lines": 49, "num_statements": 96, "percent_covered": 51.041666666666664, "percent_covered_display": "51", "missing_lines": 47, "excluded_lines": 0, "percent_statements_covered": 51.041666666666664, "percent_statements_covered_display": "51"}, "missing_lines": [611, 613, 614, 615, 616, 617, 618, 619, 620, 622, 623, 624, 625, 627, 638, 639, 640, 641, 643, 644, 645, 646, 648, 650, 653, 656, 658, 663, 665, 666, 667, 670, 671, 676, 677, 678, 681, 682, 683, 684, 685, 688, 690, 692, 693, 694, 696], "excluded_lines": []}}}, "smrforge\\core\\reactor_core.py": {"executed_lines": [2, 13, 14, 15, 16, 17, 19, 20, 21, 22, 23, 25, 28, 31, 32, 34, 35, 36, 39, 40, 41, 43, 44, 45, 47, 48, 50, 52, 53, 55, 57, 58, 59, 61, 62, 65, 66, 71, 72, 73, 76, 79, 81, 82, 84, 85, 118, 247, 256, 343, 344, 345, 365, 366, 368, 377, 379, 381, 382, 384, 385, 387, 389, 390, 391, 396, 397, 400, 402, 405, 406, 411, 415, 468, 469, 470, 506, 525, 526, 530, 535, 536, 541, 566, 572, 580], "summary": {"covered_lines": 80, "num_statements": 277, "percent_covered": 28.880866425992778, "percent_covered_display": "29", "missing_lines": 197, "excluded_lines": 0, "percent_statements_covered": 28.880866425992778, "percent_statements_covered_display": "29"}, "missing_lines": [98, 101, 102, 103, 106, 107, 108, 109, 110, 111, 112, 113, 115, 116, 128, 131, 132, 134, 135, 136, 139, 140, 141, 142, 143, 146, 147, 150, 155, 156, 157, 158, 159, 160, 161, 163, 168, 169, 171, 174, 175, 177, 178, 179, 180, 183, 184, 187, 192, 193, 194, 195, 196, 197, 198, 201, 202, 205, 206, 208, 209, 212, 217, 218, 219, 220, 221, 224, 225, 226, 228, 229, 230, 232, 245, 249, 250, 251, 254, 266, 268, 269, 270, 273, 274, 275, 276, 277, 279, 280, 285, 286, 288, 289, 291, 292, 295, 296, 297, 298, 299, 300, 303, 304, 305, 306, 307, 308, 309, 310, 311, 312, 314, 317, 318, 319, 320, 322, 323, 324, 325, 326, 329, 330, 331, 333, 334, 335, 336, 338, 339, 341, 356, 357, 360, 361, 363, 392, 394, 412, 413, 436, 439, 441, 442, 444, 449, 454, 455, 465, 466, 480, 481, 483, 485, 487, 488, 489, 492, 494, 496, 497, 498, 500, 504, 512, 517, 522, 531, 532, 533, 538, 539, 546, 548, 549, 551, 553, 555, 558, 559, 560, 561, 562, 564, 570, 576, 582, 583, 586, 587, 588, 591, 593, 600, 603, 606], "excluded_lines": [], "functions": {"Nuclide.zam": {"executed_lines": [50], "summary": {"covered_lines": 1, "num_statements": 1, "percent_covered": 100.0, "percent_covered_display": "100", "missing_lines": 0, "excluded_lines": 0, "percent_statements_covered": 100.0, "percent_statements_covered_display": "100"}, "missing_lines": [], "excluded_lines": []}, "Nuclide.name": {"executed_lines": [55, 57, 58, 59], "summary": {"covered_lines": 4, "num_statements": 4, "percent_covered": 100.0, "percent_covered_display": "100", "missing_lines": 0, "excluded_lines": 0, "percent_statements_covered": 100.0, "percent_statements_covered_display": "100"}, "missing_lines": [], "excluded_lines": []}, "Nuclide.__hash__": {"executed_lines": [62], "summary": {"covered_lines": 1, "num_statements": 1, "percent_covered": 100.0, "percent_covered_display": "100", "missing_lines": 0, "excluded_lines": 0, "percent_statements_covered": 100.0, "percent_statements_covered_display": "100"}, "missing_lines": [], "excluded_lines": []}, "NuclearDataCache.__init__": {"executed_lines": [72, 73, 76, 79, 81, 82], "summary": {"covered_lines": 6, "num_statements": 6, "percent_covered": 100.0, "percent_covered_display": "100", "missing_lines": 0, "excluded_lines": 0, "percent_statements_covered": 100.0, "percent_statements_covered_display": "100"}, "missing_lines": [], "excluded_lines": []}, "NuclearDataCache.get_cross_section": {"executed_lines": [], "summary": {"covered_lines": 0, "num_statements": 14, "percent_covered": 0.0, "percent_covered_display": "0", "missing_lines": 14, "excluded_lines": 0, "percent_statements_covered": 0.0, "percent_statements_covered_display": "0"}, "missing_lines": [98, 101, 102, 103, 106, 107, 108, 109, 110, 111, 112, 113, 115, 116], "excluded_lines": []}, "NuclearDataCache._fetch_and_cache": {"executed_lines": [], "summary": {"covered_lines": 0, "num_statements": 61, "percent_covered": 0.0, "percent_covered_display": "0", "missing_lines": 61, "excluded_lines": 0, "percent_statements_covered": 0.0, "percent_statements_covered_display": "0"}, "missing_lines": [128, 131, 132, 134, 135, 136, 139, 140, 141, 142, 143, 146, 147, 150, 155, 156, 157, 158, 159, 160, 161, 163, 168, 169, 171, 174, 175, 177, 178, 179, 180, 183, 184, 187, 192, 193, 194, 195, 196, 197, 198, 201, 202, 205, 206, 208, 209, 212, 217, 218, 219, 220, 221, 224, 225, 226, 228, 229, 230, 232, 245], "excluded_lines": []}, "NuclearDataCache._save_to_cache": {"executed_lines": [], "summary": {"covered_lines": 0, "num_statements": 4, "percent_covered": 0.0, "percent_covered_display": "0", "missing_lines": 4, "excluded_lines": 0, "percent_statements_covered": 0.0, "percent_statements_covered_display": "0"}, "missing_lines": [249, 250, 251, 254], "excluded_lines": []}, "NuclearDataCache._simple_endf_parse": {"executed_lines": [], "summary": {"covered_lines": 0, "num_statements": 53, "percent_covered": 0.0, "percent_covered_display": "0", "missing_lines": 53, "excluded_lines": 0, "percent_statements_covered": 0.0, "percent_statements_covered_display": "0"}, "missing_lines": [266, 268, 269, 270, 273, 274, 275, 276, 277, 279, 280, 285, 286, 288, 289, 291, 292, 295, 296, 297, 298, 299, 300, 303, 304, 305, 306, 307, 308, 309, 310, 311, 312, 314, 317, 318, 319, 320, 322, 323, 324, 325, 326, 329, 330, 331, 333, 334, 335, 336, 338, 339, 341], "excluded_lines": []}, "NuclearDataCache._doppler_broaden": {"executed_lines": [], "summary": {"covered_lines": 0, "num_statements": 5, "percent_covered": 0.0, "percent_covered_display": "0", "missing_lines": 5, "excluded_lines": 0, "percent_statements_covered": 0.0, "percent_statements_covered_display": "0"}, "missing_lines": [356, 357, 360, 361, 363], "excluded_lines": []}, "NuclearDataCache._reaction_to_mt": {"executed_lines": [368, 377], "summary": {"covered_lines": 2, "num_statements": 2, "percent_covered": 100.0, "percent_covered_display": "100", "missing_lines": 0, "excluded_lines": 0, "percent_statements_covered": 100.0, "percent_statements_covered_display": "100"}, "missing_lines": [], "excluded_lines": []}, "NuclearDataCache._ensure_endf_file": {"executed_lines": [381, 382, 384, 385, 387, 389, 390, 391], "summary": {"covered_lines": 8, "num_statements": 10, "percent_covered": 80.0, "percent_covered_display": "80", "missing_lines": 2, "excluded_lines": 0, "percent_statements_covered": 80.0, "percent_statements_covered_display": "80"}, "missing_lines": [392, 394], "excluded_lines": []}, "NuclearDataCache._get_endf_url": {"executed_lines": [400, 402], "summary": {"covered_lines": 2, "num_statements": 2, "percent_covered": 100.0, "percent_covered_display": "100", "missing_lines": 0, "excluded_lines": 0, "percent_statements_covered": 100.0, "percent_statements_covered_display": "100"}, "missing_lines": [], "excluded_lines": []}, "CrossSectionTable.__init__": {"executed_lines": [], "summary": {"covered_lines": 0, "num_statements": 2, "percent_covered": 0.0, "percent_covered_display": "0", "missing_lines": 2, "excluded_lines": 0, "percent_statements_covered": 0.0, "percent_statements_covered_display": "0"}, "missing_lines": [412, 413], "excluded_lines": []}, "CrossSectionTable.generate_multigroup": {"executed_lines": [], "summary": {"covered_lines": 0, "num_statements": 10, "percent_covered": 0.0, "percent_covered_display": "0", "missing_lines": 10, "excluded_lines": 0, "percent_statements_covered": 0.0, "percent_statements_covered_display": "0"}, "missing_lines": [436, 439, 441, 442, 444, 449, 454, 455, 465, 466], "excluded_lines": []}, "CrossSectionTable._collapse_to_multigroup": {"executed_lines": [], "summary": {"covered_lines": 0, "num_statements": 14, "percent_covered": 0.0, "percent_covered_display": "0", "missing_lines": 14, "excluded_lines": 0, "percent_statements_covered": 0.0, "percent_statements_covered_display": "0"}, "missing_lines": [480, 481, 483, 485, 487, 488, 489, 492, 494, 496, 497, 498, 500, 504], "excluded_lines": []}, "CrossSectionTable.pivot_for_solver": {"executed_lines": [], "summary": {"covered_lines": 0, "num_statements": 3, "percent_covered": 0.0, "percent_covered_display": "0", "missing_lines": 3, "excluded_lines": 0, "percent_statements_covered": 0.0, "percent_statements_covered_display": "0"}, "missing_lines": [512, 517, 522], "excluded_lines": []}, "DecayData.__init__": {"executed_lines": [], "summary": {"covered_lines": 0, "num_statements": 3, "percent_covered": 0.0, "percent_covered_display": "0", "missing_lines": 3, "excluded_lines": 0, "percent_statements_covered": 0.0, "percent_statements_covered_display": "0"}, "missing_lines": [531, 532, 533], "excluded_lines": []}, "DecayData.get_decay_constant": {"executed_lines": [], "summary": {"covered_lines": 0, "num_statements": 2, "percent_covered": 0.0, "percent_covered_display": "0", "missing_lines": 2, "excluded_lines": 0, "percent_statements_covered": 0.0, "percent_statements_covered_display": "0"}, "missing_lines": [538, 539], "excluded_lines": []}, "DecayData.build_decay_matrix": {"executed_lines": [], "summary": {"covered_lines": 0, "num_statements": 12, "percent_covered": 0.0, "percent_covered_display": "0", "missing_lines": 12, "excluded_lines": 0, "percent_statements_covered": 0.0, "percent_statements_covered_display": "0"}, "missing_lines": [546, 548, 549, 551, 553, 555, 558, 559, 560, 561, 562, 564], "excluded_lines": []}, "DecayData._get_half_life": {"executed_lines": [], "summary": {"covered_lines": 0, "num_statements": 1, "percent_covered": 0.0, "percent_covered_display": "0", "missing_lines": 1, "excluded_lines": 0, "percent_statements_covered": 0.0, "percent_statements_covered_display": "0"}, "missing_lines": [570], "excluded_lines": []}, "DecayData._get_daughters": {"executed_lines": [], "summary": {"covered_lines": 0, "num_statements": 1, "percent_covered": 0.0, "percent_covered_display": "0", "missing_lines": 1, "excluded_lines": 0, "percent_statements_covered": 0.0, "percent_statements_covered_display": "0"}, "missing_lines": [576], "excluded_lines": []}, "": {"executed_lines": [2, 13, 14, 15, 16, 17, 19, 20, 21, 22, 23, 25, 28, 31, 32, 34, 35, 36, 39, 40, 41, 43, 44, 45, 47, 48, 52, 53, 61, 65, 66, 71, 84, 85, 118, 247, 256, 343, 344, 345, 365, 366, 379, 396, 397, 405, 406, 411, 415, 468, 469, 470, 506, 525, 526, 530, 535, 536, 541, 566, 572, 580], "summary": {"covered_lines": 56, "num_statements": 66, "percent_covered": 84.84848484848484, "percent_covered_display": "85", "missing_lines": 10, "excluded_lines": 0, "percent_statements_covered": 84.84848484848484, "percent_statements_covered_display": "85"}, "missing_lines": [582, 583, 586, 587, 588, 591, 593, 600, 603, 606], "excluded_lines": []}}, "classes": {"Library": {"executed_lines": [], "summary": {"covered_lines": 0, "num_statements": 0, "percent_covered": 100.0, "percent_covered_display": "100", "missing_lines": 0, "excluded_lines": 0, "percent_statements_covered": 100.0, "percent_statements_covered_display": "100"}, "missing_lines": [], "excluded_lines": []}, "Nuclide": {"executed_lines": [50, 55, 57, 58, 59, 62], "summary": {"covered_lines": 6, "num_statements": 6, "percent_covered": 100.0, "percent_covered_display": "100", "missing_lines": 0, "excluded_lines": 0, "percent_statements_covered": 100.0, "percent_statements_covered_display": "100"}, "missing_lines": [], "excluded_lines": []}, "NuclearDataCache": {"executed_lines": [72, 73, 76, 79, 81, 82, 368, 377, 381, 382, 384, 385, 387, 389, 390, 391, 400, 402], "summary": {"covered_lines": 18, "num_statements": 157, "percent_covered": 11.464968152866241, "percent_covered_display": "11", "missing_lines": 139, "excluded_lines": 0, "percent_statements_covered": 11.464968152866241, "percent_statements_covered_display": "11"}, "missing_lines": [98, 101, 102, 103, 106, 107, 108, 109, 110, 111, 112, 113, 115, 116, 128, 131, 132, 134, 135, 136, 139, 140, 141, 142, 143, 146, 147, 150, 155, 156, 157, 158, 159, 160, 161, 163, 168, 169, 171, 174, 175, 177, 178, 179, 180, 183, 184, 187, 192, 193, 194, 195, 196, 197, 198, 201, 202, 205, 206, 208, 209, 212, 217, 218, 219, 220, 221, 224, 225, 226, 228, 229, 230, 232, 245, 249, 250, 251, 254, 266, 268, 269, 270, 273, 274, 275, 276, 277, 279, 280, 285, 286, 288, 289, 291, 292, 295, 296, 297, 298, 299, 300, 303, 304, 305, 306, 307, 308, 309, 310, 311, 312, 314, 317, 318, 319, 320, 322, 323, 324, 325, 326, 329, 330, 331, 333, 334, 335, 336, 338, 339, 341, 356, 357, 360, 361, 363, 392, 394], "excluded_lines": []}, "CrossSectionTable": {"executed_lines": [], "summary": {"covered_lines": 0, "num_statements": 29, "percent_covered": 0.0, "percent_covered_display": "0", "missing_lines": 29, "excluded_lines": 0, "percent_statements_covered": 0.0, "percent_statements_covered_display": "0"}, "missing_lines": [412, 413, 436, 439, 441, 442, 444, 449, 454, 455, 465, 466, 480, 481, 483, 485, 487, 488, 489, 492, 494, 496, 497, 498, 500, 504, 512, 517, 522], "excluded_lines": []}, "DecayData": {"executed_lines": [], "summary": {"covered_lines": 0, "num_statements": 19, "percent_covered": 0.0, "percent_covered_display": "0", "missing_lines": 19, "excluded_lines": 0, "percent_statements_covered": 0.0, "percent_statements_covered_display": "0"}, "missing_lines": [531, 532, 533, 538, 539, 546, 548, 549, 551, 553, 555, 558, 559, 560, 561, 562, 564, 570, 576], "excluded_lines": []}, "": {"executed_lines": [2, 13, 14, 15, 16, 17, 19, 20, 21, 22, 23, 25, 28, 31, 32, 34, 35, 36, 39, 40, 41, 43, 44, 45, 47, 48, 52, 53, 61, 65, 66, 71, 84, 85, 118, 247, 256, 343, 344, 345, 365, 366, 379, 396, 397, 405, 406, 411, 415, 468, 469, 470, 506, 525, 526, 530, 535, 536, 541, 566, 572, 580], "summary": {"covered_lines": 56, "num_statements": 66, "percent_covered": 84.84848484848484, "percent_covered_display": "85", "missing_lines": 10, "excluded_lines": 0, "percent_statements_covered": 84.84848484848484, "percent_statements_covered_display": "85"}, "missing_lines": [582, 583, 586, 587, 588, 591, 593, 600, 603, 606], "excluded_lines": []}}}, "smrforge\\core\\resonance_selfshield.py": {"executed_lines": [2, 14, 15, 16, 18, 19, 20, 21, 24, 25, 26, 28, 29, 30, 31, 32, 33, 34, 35, 38, 39, 46, 50, 91, 113, 134, 135, 163, 174, 206, 207, 221, 222, 240, 241, 248, 253, 272, 280, 307, 322, 323, 330, 331, 332, 358, 359, 360, 378, 379, 396, 433, 434, 439, 444, 491, 543], "summary": {"covered_lines": 51, "num_statements": 188, "percent_covered": 27.127659574468087, "percent_covered_display": "27", "missing_lines": 137, "excluded_lines": 0, "percent_statements_covered": 27.127659574468087, "percent_statements_covered_display": "27"}, "missing_lines": [47, 48, 57, 60, 64, 78, 88, 89, 93, 94, 97, 109, 115, 116, 118, 130, 150, 152, 154, 157, 158, 160, 161, 171, 172, 194, 195, 197, 198, 201, 202, 204, 210, 218, 231, 232, 234, 235, 237, 249, 250, 251, 260, 262, 264, 270, 275, 276, 278, 288, 290, 292, 294, 295, 296, 299, 300, 303, 305, 311, 312, 314, 315, 319, 350, 351, 354, 356, 366, 368, 370, 371, 373, 376, 388, 394, 410, 413, 414, 417, 418, 421, 422, 424, 426, 440, 441, 442, 467, 468, 470, 471, 472, 473, 477, 479, 480, 481, 482, 487, 489, 509, 516, 519, 521, 523, 524, 527, 531, 532, 536, 538, 540, 545, 548, 551, 552, 553, 555, 556, 557, 559, 562, 563, 569, 573, 574, 575, 577, 580, 581, 583, 585, 586, 587, 588, 589], "excluded_lines": [], "functions": {"BondarenkoMethod.__init__": {"executed_lines": [], "summary": {"covered_lines": 0, "num_statements": 2, "percent_covered": 0.0, "percent_covered_display": "0", "missing_lines": 2, "excluded_lines": 0, "percent_statements_covered": 0.0, "percent_statements_covered_display": "0"}, "missing_lines": [47, 48], "excluded_lines": []}, "BondarenkoMethod._load_f_factors": {"executed_lines": [], "summary": {"covered_lines": 0, "num_statements": 6, "percent_covered": 0.0, "percent_covered_display": "0", "missing_lines": 6, "excluded_lines": 0, "percent_statements_covered": 0.0, "percent_statements_covered_display": "0"}, "missing_lines": [57, 60, 64, 78, 88, 89], "excluded_lines": []}, "BondarenkoMethod._add_u235_factors": {"executed_lines": [], "summary": {"covered_lines": 0, "num_statements": 4, "percent_covered": 0.0, "percent_covered_display": "0", "missing_lines": 4, "excluded_lines": 0, "percent_statements_covered": 0.0, "percent_statements_covered_display": "0"}, "missing_lines": [93, 94, 97, 109], "excluded_lines": []}, "BondarenkoMethod._add_pu239_factors": {"executed_lines": [], "summary": {"covered_lines": 0, "num_statements": 4, "percent_covered": 0.0, "percent_covered_display": "0", "missing_lines": 4, "excluded_lines": 0, "percent_statements_covered": 0.0, "percent_statements_covered_display": "0"}, "missing_lines": [115, 116, 118, 130], "excluded_lines": []}, "BondarenkoMethod.get_f_factor": {"executed_lines": [], "summary": {"covered_lines": 0, "num_statements": 7, "percent_covered": 0.0, "percent_covered_display": "0", "missing_lines": 7, "excluded_lines": 0, "percent_statements_covered": 0.0, "percent_statements_covered_display": "0"}, "missing_lines": [150, 152, 154, 157, 158, 160, 161], "excluded_lines": []}, "BondarenkoMethod.shield_cross_section": {"executed_lines": [], "summary": {"covered_lines": 0, "num_statements": 2, "percent_covered": 0.0, "percent_covered_display": "0", "missing_lines": 2, "excluded_lines": 0, "percent_statements_covered": 0.0, "percent_statements_covered_display": "0"}, "missing_lines": [171, 172], "excluded_lines": []}, "BondarenkoMethod.compute_background_xs": {"executed_lines": [], "summary": {"covered_lines": 0, "num_statements": 7, "percent_covered": 0.0, "percent_covered_display": "0", "missing_lines": 7, "excluded_lines": 0, "percent_statements_covered": 0.0, "percent_statements_covered_display": "0"}, "missing_lines": [194, 195, 197, 198, 201, 202, 204], "excluded_lines": []}, "BondarenkoMethod._get_potential_xs": {"executed_lines": [], "summary": {"covered_lines": 0, "num_statements": 2, "percent_covered": 0.0, "percent_covered_display": "0", "missing_lines": 2, "excluded_lines": 0, "percent_statements_covered": 0.0, "percent_statements_covered_display": "0"}, "missing_lines": [210, 218], "excluded_lines": []}, "_compute_subgroup_flux": {"executed_lines": [], "summary": {"covered_lines": 0, "num_statements": 5, "percent_covered": 0.0, "percent_covered_display": "0", "missing_lines": 5, "excluded_lines": 0, "percent_statements_covered": 0.0, "percent_statements_covered_display": "0"}, "missing_lines": [231, 232, 234, 235, 237], "excluded_lines": []}, "SubgroupMethod.__init__": {"executed_lines": [], "summary": {"covered_lines": 0, "num_statements": 3, "percent_covered": 0.0, "percent_covered_display": "0", "missing_lines": 3, "excluded_lines": 0, "percent_statements_covered": 0.0, "percent_statements_covered_display": "0"}, "missing_lines": [249, 250, 251], "excluded_lines": []}, "SubgroupMethod._generate_subgroup_parameters": {"executed_lines": [], "summary": {"covered_lines": 0, "num_statements": 4, "percent_covered": 0.0, "percent_covered_display": "0", "missing_lines": 4, "excluded_lines": 0, "percent_statements_covered": 0.0, "percent_statements_covered_display": "0"}, "missing_lines": [260, 262, 264, 270], "excluded_lines": []}, "SubgroupMethod._add_fast_subgroups": {"executed_lines": [], "summary": {"covered_lines": 0, "num_statements": 3, "percent_covered": 0.0, "percent_covered_display": "0", "missing_lines": 3, "excluded_lines": 0, "percent_statements_covered": 0.0, "percent_statements_covered_display": "0"}, "missing_lines": [275, 276, 278], "excluded_lines": []}, "SubgroupMethod.compute_effective_xs": {"executed_lines": [], "summary": {"covered_lines": 0, "num_statements": 10, "percent_covered": 0.0, "percent_covered_display": "0", "missing_lines": 10, "excluded_lines": 0, "percent_statements_covered": 0.0, "percent_statements_covered_display": "0"}, "missing_lines": [288, 290, 292, 294, 295, 296, 299, 300, 303, 305], "excluded_lines": []}, "SubgroupMethod.tabulate_effective_xs": {"executed_lines": [], "summary": {"covered_lines": 0, "num_statements": 5, "percent_covered": 0.0, "percent_covered_display": "0", "missing_lines": 5, "excluded_lines": 0, "percent_statements_covered": 0.0, "percent_statements_covered_display": "0"}, "missing_lines": [311, 312, 314, 315, 319], "excluded_lines": []}, "EquivalenceTheory.dancoff_factor_hexagonal": {"executed_lines": [], "summary": {"covered_lines": 0, "num_statements": 4, "percent_covered": 0.0, "percent_covered_display": "0", "missing_lines": 4, "excluded_lines": 0, "percent_statements_covered": 0.0, "percent_statements_covered_display": "0"}, "missing_lines": [350, 351, 354, 356], "excluded_lines": []}, "EquivalenceTheory.escape_probability_sphere": {"executed_lines": [], "summary": {"covered_lines": 0, "num_statements": 6, "percent_covered": 0.0, "percent_covered_display": "0", "missing_lines": 6, "excluded_lines": 0, "percent_statements_covered": 0.0, "percent_statements_covered_display": "0"}, "missing_lines": [366, 368, 370, 371, 373, 376], "excluded_lines": []}, "EquivalenceTheory.effective_background_xs": {"executed_lines": [], "summary": {"covered_lines": 0, "num_statements": 2, "percent_covered": 0.0, "percent_covered_display": "0", "missing_lines": 2, "excluded_lines": 0, "percent_statements_covered": 0.0, "percent_statements_covered_display": "0"}, "missing_lines": [388, 394], "excluded_lines": []}, "EquivalenceTheory.compute_triso_shielding": {"executed_lines": [], "summary": {"covered_lines": 0, "num_statements": 9, "percent_covered": 0.0, "percent_covered_display": "0", "missing_lines": 9, "excluded_lines": 0, "percent_statements_covered": 0.0, "percent_statements_covered_display": "0"}, "missing_lines": [410, 413, 414, 417, 418, 421, 422, 424, 426], "excluded_lines": []}, "ResonanceSelfShielding.__init__": {"executed_lines": [], "summary": {"covered_lines": 0, "num_statements": 3, "percent_covered": 0.0, "percent_covered_display": "0", "missing_lines": 3, "excluded_lines": 0, "percent_statements_covered": 0.0, "percent_statements_covered_display": "0"}, "missing_lines": [440, 441, 442], "excluded_lines": []}, "ResonanceSelfShielding.shield_multigroup_xs": {"executed_lines": [], "summary": {"covered_lines": 0, "num_statements": 13, "percent_covered": 0.0, "percent_covered_display": "0", "missing_lines": 13, "excluded_lines": 0, "percent_statements_covered": 0.0, "percent_statements_covered_display": "0"}, "missing_lines": [467, 468, 470, 471, 472, 473, 477, 479, 480, 481, 482, 487, 489], "excluded_lines": []}, "ResonanceSelfShielding.htgr_fuel_shielding": {"executed_lines": [], "summary": {"covered_lines": 0, "num_statements": 12, "percent_covered": 0.0, "percent_covered_display": "0", "missing_lines": 12, "excluded_lines": 0, "percent_statements_covered": 0.0, "percent_statements_covered_display": "0"}, "missing_lines": [509, 516, 519, 521, 523, 524, 527, 531, 532, 536, 538, 540], "excluded_lines": []}, "": {"executed_lines": [2, 14, 15, 16, 18, 19, 20, 21, 24, 25, 26, 28, 29, 30, 31, 32, 33, 34, 35, 38, 39, 46, 50, 91, 113, 134, 135, 163, 174, 206, 207, 221, 222, 240, 241, 248, 253, 272, 280, 307, 322, 323, 330, 331, 332, 358, 359, 360, 378, 379, 396, 433, 434, 439, 444, 491, 543], "summary": {"covered_lines": 51, "num_statements": 75, "percent_covered": 68.0, "percent_covered_display": "68", "missing_lines": 24, "excluded_lines": 0, "percent_statements_covered": 68.0, "percent_statements_covered_display": "68"}, "missing_lines": [545, 548, 551, 552, 553, 555, 556, 557, 559, 562, 563, 569, 573, 574, 575, 577, 580, 581, 583, 585, 586, 587, 588, 589], "excluded_lines": []}}, "classes": {"ResonanceData": {"executed_lines": [], "summary": {"covered_lines": 0, "num_statements": 0, "percent_covered": 100.0, "percent_covered_display": "100", "missing_lines": 0, "excluded_lines": 0, "percent_statements_covered": 100.0, "percent_statements_covered_display": "100"}, "missing_lines": [], "excluded_lines": []}, "BondarenkoMethod": {"executed_lines": [], "summary": {"covered_lines": 0, "num_statements": 34, "percent_covered": 0.0, "percent_covered_display": "0", "missing_lines": 34, "excluded_lines": 0, "percent_statements_covered": 0.0, "percent_statements_covered_display": "0"}, "missing_lines": [47, 48, 57, 60, 64, 78, 88, 89, 93, 94, 97, 109, 115, 116, 118, 130, 150, 152, 154, 157, 158, 160, 161, 171, 172, 194, 195, 197, 198, 201, 202, 204, 210, 218], "excluded_lines": []}, "SubgroupMethod": {"executed_lines": [], "summary": {"covered_lines": 0, "num_statements": 25, "percent_covered": 0.0, "percent_covered_display": "0", "missing_lines": 25, "excluded_lines": 0, "percent_statements_covered": 0.0, "percent_statements_covered_display": "0"}, "missing_lines": [249, 250, 251, 260, 262, 264, 270, 275, 276, 278, 288, 290, 292, 294, 295, 296, 299, 300, 303, 305, 311, 312, 314, 315, 319], "excluded_lines": []}, "EquivalenceTheory": {"executed_lines": [], "summary": {"covered_lines": 0, "num_statements": 21, "percent_covered": 0.0, "percent_covered_display": "0", "missing_lines": 21, "excluded_lines": 0, "percent_statements_covered": 0.0, "percent_statements_covered_display": "0"}, "missing_lines": [350, 351, 354, 356, 366, 368, 370, 371, 373, 376, 388, 394, 410, 413, 414, 417, 418, 421, 422, 424, 426], "excluded_lines": []}, "ResonanceSelfShielding": {"executed_lines": [], "summary": {"covered_lines": 0, "num_statements": 28, "percent_covered": 0.0, "percent_covered_display": "0", "missing_lines": 28, "excluded_lines": 0, "percent_statements_covered": 0.0, "percent_statements_covered_display": "0"}, "missing_lines": [440, 441, 442, 467, 468, 470, 471, 472, 473, 477, 479, 480, 481, 482, 487, 489, 509, 516, 519, 521, 523, 524, 527, 531, 532, 536, 538, 540], "excluded_lines": []}, "": {"executed_lines": [2, 14, 15, 16, 18, 19, 20, 21, 24, 25, 26, 28, 29, 30, 31, 32, 33, 34, 35, 38, 39, 46, 50, 91, 113, 134, 135, 163, 174, 206, 207, 221, 222, 240, 241, 248, 253, 272, 280, 307, 322, 323, 330, 331, 332, 358, 359, 360, 378, 379, 396, 433, 434, 439, 444, 491, 543], "summary": {"covered_lines": 51, "num_statements": 80, "percent_covered": 63.75, "percent_covered_display": "64", "missing_lines": 29, "excluded_lines": 0, "percent_statements_covered": 63.75, "percent_statements_covered_display": "64"}, "missing_lines": [231, 232, 234, 235, 237, 545, 548, 551, 552, 553, 555, 556, 557, 559, 562, 563, 569, 573, 574, 575, 577, 580, 581, 583, 585, 586, 587, 588, 589], "excluded_lines": []}}}, "smrforge\\economics\\__init__.py": {"executed_lines": [], "summary": {"covered_lines": 0, "num_statements": 1, "percent_covered": 0.0, "percent_covered_display": "0", "missing_lines": 1, "excluded_lines": 0, "percent_statements_covered": 0.0, "percent_statements_covered_display": "0"}, "missing_lines": [18], "excluded_lines": [], "functions": {"": {"executed_lines": [], "summary": {"covered_lines": 0, "num_statements": 1, "percent_covered": 0.0, "percent_covered_display": "0", "missing_lines": 1, "excluded_lines": 0, "percent_statements_covered": 0.0, "percent_statements_covered_display": "0"}, "missing_lines": [18], "excluded_lines": []}}, "classes": {"": {"executed_lines": [], "summary": {"covered_lines": 0, "num_statements": 1, "percent_covered": 0.0, "percent_covered_display": "0", "missing_lines": 1, "excluded_lines": 0, "percent_statements_covered": 0.0, "percent_statements_covered_display": "0"}, "missing_lines": [18], "excluded_lines": []}}}, "smrforge\\fuel\\__init__.py": {"executed_lines": [], "summary": {"covered_lines": 0, "num_statements": 1, "percent_covered": 0.0, "percent_covered_display": "0", "missing_lines": 1, "excluded_lines": 0, "percent_statements_covered": 0.0, "percent_statements_covered_display": "0"}, "missing_lines": [19], "excluded_lines": [], "functions": {"": {"executed_lines": [], "summary": {"covered_lines": 0, "num_statements": 1, "percent_covered": 0.0, "percent_covered_display": "0", "missing_lines": 1, "excluded_lines": 0, "percent_statements_covered": 0.0, "percent_statements_covered_display": "0"}, "missing_lines": [19], "excluded_lines": []}}, "classes": {"": {"executed_lines": [], "summary": {"covered_lines": 0, "num_statements": 1, "percent_covered": 0.0, "percent_covered_display": "0", "missing_lines": 1, "excluded_lines": 0, "percent_statements_covered": 0.0, "percent_statements_covered_display": "0"}, "missing_lines": [19], "excluded_lines": []}}}, "smrforge\\geometry\\__init__.py": {"executed_lines": [1, 5, 6, 15, 22, 23, 24], "summary": {"covered_lines": 6, "num_statements": 10, "percent_covered": 60.0, "percent_covered_display": "60", "missing_lines": 4, "excluded_lines": 0, "percent_statements_covered": 60.0, "percent_statements_covered_display": "60"}, "missing_lines": [16, 17, 19, 20], "excluded_lines": [], "functions": {"": {"executed_lines": [1, 5, 6, 15, 22, 23, 24], "summary": {"covered_lines": 6, "num_statements": 10, "percent_covered": 60.0, "percent_covered_display": "60", "missing_lines": 4, "excluded_lines": 0, "percent_statements_covered": 60.0, "percent_statements_covered_display": "60"}, "missing_lines": [16, 17, 19, 20], "excluded_lines": []}}, "classes": {"": {"executed_lines": [1, 5, 6, 15, 22, 23, 24], "summary": {"covered_lines": 6, "num_statements": 10, "percent_covered": 60.0, "percent_covered_display": "60", "missing_lines": 4, "excluded_lines": 0, "percent_statements_covered": 60.0, "percent_statements_covered_display": "60"}, "missing_lines": [16, 17, 19, 20], "excluded_lines": []}}}, "smrforge\\geometry\\core_geometry.py": {"executed_lines": [2, 7, 8, 9, 10, 11, 13, 14, 15, 16, 19, 20, 22, 23, 24, 25, 28, 29, 31, 32, 33, 36, 37, 38, 40, 41, 42, 44, 46, 50, 52, 54, 55, 57, 58, 61, 62, 63, 65, 66, 67, 68, 69, 71, 73, 76, 77, 78, 80, 81, 82, 83, 84, 85, 87, 89, 92, 93, 94, 96, 97, 98, 99, 100, 101, 102, 103, 106, 107, 108, 110, 111, 112, 113, 114, 115, 116, 117, 119, 121, 122, 123, 124, 125, 127, 129, 131, 133, 136, 137, 138, 140, 141, 142, 143, 144, 145, 146, 148, 150, 152, 154, 157, 158, 162, 163, 164, 165, 166, 167, 168, 169, 172, 173, 176, 178, 196, 197, 198, 200, 203, 206, 207, 209, 210, 213, 214, 215, 217, 219, 228, 229, 231, 232, 235, 237, 241, 243, 244, 245, 246, 247, 248, 249, 251, 253, 261, 262, 263, 266, 268, 269, 272, 279, 286, 289, 291, 292, 294, 301, 303, 307, 309, 310, 311, 312, 315, 316, 317, 319, 320, 322, 324, 326, 328, 330, 332, 335, 336, 339, 341, 343, 344, 345, 358, 361, 362, 366, 367, 368, 369, 370, 371, 372, 375, 377, 446, 459, 470, 471, 472, 474, 475, 477, 479, 481, 482, 485, 486, 489, 490, 491, 493, 494, 495, 498, 499, 500, 502, 509, 515, 516, 518, 551, 565, 567, 568, 569, 5
[...]
lines": []}}, "classes": {"": {"executed_lines": [1, 8, 23], "summary": {"covered_lines": 2, "num_statements": 2, "percent_covered": 100.0, "percent_covered_display": "100", "missing_lines": 0, "excluded_lines": 0, "percent_statements_covered": 100.0, "percent_statements_covered_display": "100"}, "missing_lines": [], "excluded_lines": []}}}, "smrforge\\validation\\pydantic_layer.py": {"executed_lines": [2, 7, 8, 9, 10, 12, 13, 22, 29, 31, 33, 35, 38, 40, 41, 43, 45, 47, 50, 60, 61, 62, 70, 71, 73, 74, 75, 76, 79, 80, 82, 83, 84, 85, 88, 89, 91, 92, 93, 94, 97, 98, 100, 101, 102, 103, 111, 112, 118, 119, 120, 123, 128, 129, 134, 137, 140, 145, 150, 151, 152, 157, 158, 161, 166, 171, 172, 173, 178, 181, 184, 187, 192, 200, 201, 203, 209, 216, 217, 219, 222, 224, 225, 227, 229, 234, 235, 240, 242, 243, 245, 247, 253, 259, 261, 262, 264, 265, 267, 270, 276, 278, 279, 280, 282, 287, 289, 295, 296, 300, 301, 307, 308, 319, 320, 324, 325, 329, 330, 338, 373, 374, 377, 380, 383, 386, 389, 394, 397, 402, 405, 409, 410, 412, 415, 416, 418, 421, 423, 426, 427, 429, 430, 433, 434, 435, 436, 439, 442, 445, 447, 448, 450, 452, 453, 454, 460, 461, 466, 468, 469, 472, 473, 476, 477, 480, 484, 486, 487, 488, 493, 495, 500, 501, 503, 506, 509, 512, 515, 518, 519, 523, 524, 525, 527, 529, 531, 533, 536, 537, 539, 543, 547, 549, 551, 552, 567, 568, 572, 575, 576, 578, 579, 582, 585, 587, 588, 590, 591, 593, 596, 600, 601, 611, 619, 620, 625, 629, 634, 639, 642, 645, 648, 653, 657, 670, 676, 682, 695], "summary": {"covered_lines": 217, "num_statements": 306, "percent_covered": 70.91503267973856, "percent_covered_display": "71", "missing_lines": 89, "excluded_lines": 0, "percent_statements_covered": 70.91503267973856, "percent_statements_covered_display": "71"}, "missing_lines": [32, 34, 42, 44, 46, 52, 53, 54, 55, 56, 204, 210, 218, 220, 230, 248, 254, 268, 271, 283, 288, 298, 303, 304, 305, 310, 311, 312, 313, 314, 315, 317, 322, 327, 332, 413, 419, 455, 462, 481, 489, 528, 530, 554, 555, 557, 558, 559, 560, 561, 565, 570, 603, 604, 606, 607, 609, 672, 673, 678, 679, 684, 686, 687, 688, 696, 698, 700, 703, 704, 705, 727, 728, 729, 730, 731, 732, 735, 736, 737, 758, 759, 762, 763, 764, 767, 768, 771, 772], "excluded_lines": [], "functions": {"validate_numpy_array": {"executed_lines": [31, 33, 35], "summary": {"covered_lines": 3, "num_statements": 5, "percent_covered": 60.0, "percent_covered_display": "60", "missing_lines": 2, "excluded_lines": 0, "percent_statements_covered": 60.0, "percent_statements_covered_display": "60"}, "missing_lines": [32, 34], "excluded_lines": []}, "validate_positive_array": {"executed_lines": [40, 41, 43, 45, 47], "summary": {"covered_lines": 5, "num_statements": 8, "percent_covered": 62.5, "percent_covered_display": "62", "missing_lines": 3, "excluded_lines": 0, "percent_statements_covered": 62.5, "percent_statements_covered_display": "62"}, "missing_lines": [42, 44, 46], "excluded_lines": []}, "validate_normalized_array": {"executed_lines": [], "summary": {"covered_lines": 0, "num_statements": 5, "percent_covered": 0.0, "percent_covered_display": "0", "missing_lines": 5, "excluded_lines": 0, "percent_statements_covered": 0.0, "percent_statements_covered_display": "0"}, "missing_lines": [52, 53, 54, 55, 56], "excluded_lines": []}, "ReactorSpecification.validate_temperatures": {"executed_lines": [203, 209, 216, 217, 219, 222], "summary": {"covered_lines": 6, "num_statements": 10, "percent_covered": 60.0, "percent_covered_display": "60", "missing_lines": 4, "excluded_lines": 0, "percent_statements_covered": 60.0, "percent_statements_covered_display": "60"}, "missing_lines": [204, 210, 218, 220], "excluded_lines": []}, "ReactorSpecification.validate_enrichment_class": {"executed_lines": [227, 229, 234, 235, 240], "summary": {"covered_lines": 5, "num_statements": 6, "percent_covered": 83.33333333333333, "percent_covered_display": "83", "missing_lines": 1, "excluded_lines": 0, "percent_statements_covered": 83.33333333333333, "percent_statements_covered_display": "83"}, "missing_lines": [230], "excluded_lines": []}, "ReactorSpecification.validate_geometry": {"executed_lines": [245, 247, 253, 259], "summary": {"covered_lines": 4, "num_statements": 6, "percent_covered": 66.66666666666667, "percent_covered_display": "67", "missing_lines": 2, "excluded_lines": 0, "percent_statements_covered": 66.66666666666667, "percent_statements_covered_display": "67"}, "missing_lines": [248, 254], "excluded_lines": []}, "ReactorSpecification.validate_power_density": {"executed_lines": [264, 265, 267, 270, 276], "summary": {"covered_lines": 5, "num_statements": 7, "percent_covered": 71.42857142857143, "percent_covered_display": "71", "missing_lines": 2, "excluded_lines": 0, "percent_statements_covered": 71.42857142857143, "percent_statements_covered_display": "71"}, "missing_lines": [268, 271], "excluded_lines": []}, "ReactorSpecification.validate_negative_feedback": {"executed_lines": [282, 287, 289], "summary": {"covered_lines": 3, "num_statements": 5, "percent_covered": 60.0, "percent_covered_display": "60", "missing_lines": 2, "excluded_lines": 0, "percent_statements_covered": 60.0, "percent_statements_covered_display": "60"}, "missing_lines": [283, 288], "excluded_lines": []}, "ReactorSpecification.aspect_ratio": {"executed_lines": [], "summary": {"covered_lines": 0, "num_statements": 1, "percent_covered": 0.0, "percent_covered_display": "0", "missing_lines": 1, "excluded_lines": 0, "percent_statements_covered": 0.0, "percent_statements_covered_display": "0"}, "missing_lines": [298], "excluded_lines": []}, "ReactorSpecification.thermal_efficiency": {"executed_lines": [], "summary": {"covered_lines": 0, "num_statements": 3, "percent_covered": 0.0, "percent_covered_display": "0", "missing_lines": 3, "excluded_lines": 0, "percent_statements_covered": 0.0, "percent_statements_covered_display": "0"}, "missing_lines": [303, 304, 305], "excluded_lines": []}, "ReactorSpecification.enrichment_class": {"executed_lines": [], "summary": {"covered_lines": 0, "num_statements": 7, "percent_covered": 0.0, "percent_covered_display": "0", "missing_lines": 7, "excluded_lines": 0, "percent_statements_covered": 0.0, "percent_statements_covered_display": "0"}, "missing_lines": [310, 311, 312, 313, 314, 315, 317], "excluded_lines": []}, "ReactorSpecification.core_volume": {"executed_lines": [], "summary": {"covered_lines": 0, "num_statements": 1, "percent_covered": 0.0, "percent_covered_display": "0", "missing_lines": 1, "excluded_lines": 0, "percent_statements_covered": 0.0, "percent_statements_covered_display": "0"}, "missing_lines": [322], "excluded_lines": []}, "ReactorSpecification.power_density": {"executed_lines": [], "summary": {"covered_lines": 0, "num_statements": 1, "percent_covered": 0.0, "percent_covered_display": "0", "missing_lines": 1, "excluded_lines": 0, "percent_statements_covered": 0.0, "percent_statements_covered_display": "0"}, "missing_lines": [327], "excluded_lines": []}, "ReactorSpecification.specific_power": {"executed_lines": [], "summary": {"covered_lines": 0, "num_statements": 1, "percent_covered": 0.0, "percent_covered_display": "0", "missing_lines": 1, "excluded_lines": 0, "percent_statements_covered": 0.0, "percent_statements_covered_display": "0"}, "missing_lines": [332], "excluded_lines": []}, "GeometryParameters.validate_mesh_quality": {"executed_lines": [412, 415, 416, 418, 421], "summary": {"covered_lines": 5, "num_statements": 7, "percent_covered": 71.42857142857143, "percent_covered_display": "71", "missing_lines": 2, "excluded_lines": 0, "percent_statements_covered": 71.42857142857143, "percent_statements_covered_display": "71"}, "missing_lines": [413, 419], "excluded_lines": []}, "CrossSectionData.validate_shapes": {"executed_lines": [450, 452, 453, 454, 460, 461, 466], "summary": {"covered_lines": 7, "num_statements": 9, "percent_covered": 77.77777777777777, "percent_covered_display": "78", "missing_lines": 2, "excluded_lines": 0, "percent_statements_covered": 77.77777777777777, "percent_statements_covered_display": "78"}, "missing_lines": [455, 462], "excluded_lines": []}, "CrossSectionData.validate_physical_relationships": {"executed_lines": [472, 473, 476, 477, 480, 484, 486, 487, 488, 493], "summary": {"covered_lines": 10, "num_statements": 12, "percent_covered": 83.33333333333333, "percent_covered_display": "83", "missing_lines": 2, "excluded_lines": 0, "percent_statements_covered": 83.33333333333333, "percent_statements_covered_display": "83"}, "missing_lines": [481, 489], "excluded_lines": []}, "SolverOptions.validate_tolerance": {"executed_lines": [527, 529, 531], "summary": {"covered_lines": 3, "num_statements": 5, "percent_covered": 60.0, "percent_covered_display": "60", "missing_lines": 2, "excluded_lines": 0, "percent_statements_covered": 60.0, "percent_statements_covered_display": "60"}, "missing_lines": [528, 530], "excluded_lines": []}, "MaterialComposition.validate_composition": {"executed_lines": [], "summary": {"covered_lines": 0, "num_statements": 8, "percent_covered": 0.0, "percent_covered_display": "0", "missing_lines": 8, "excluded_lines": 0, "percent_statements_covered": 0.0, "percent_statements_covered_display": "0"}, "missing_lines": [554, 555, 557, 558, 559, 560, 561, 565], "excluded_lines": []}, "MaterialComposition.total_number_density": {"executed_lines": [], "summary": {"covered_lines": 0, "num_statements": 1, "percent_covered": 0.0, "percent_covered_display": "0", "missing_lines": 1, "excluded_lines": 0, "percent_statements_covered": 0.0, "percent_statements_covered_display": "0"}, "missing_lines": [570], "excluded_lines": []}, "TransientConditions.validate_times": {"executed_lines": [], "summary": {"covered_lines": 0, "num_statements": 5, "percent_covered": 0.0, "percent_covered_display": "0", "missing_lines": 5, "excluded_lines": 0, "percent_statements_covered": 0.0, "percent_statements_covered_display": "0"}, "missing_lines": [603, 604, 606, 607, 609], "excluded_lines": []}, "load_reactor_from_json": {"executed_lines": [], "summary": {"covered_lines": 0, "num_statements": 2, "percent_covered": 0.0, "percent_covered_display": "0", "missing_lines": 2, "excluded_lines": 0, "percent_statements_covered": 0.0, "percent_statements_covered_display": "0"}, "missing_lines": [672, 673], "excluded_lines": []}, "save_reactor_to_json": {"executed_lines": [], "summary": {"covered_lines": 0, "num_statements": 2, "percent_covered": 0.0, "percent_covered_display": "0", "missing_lines": 2, "excluded_lines": 0, "percent_statements_covered": 0.0, "percent_statements_covered_display": "0"}, "missing_lines": [678, 679], "excluded_lines": []}, "load_reactor_from_yaml": {"executed_lines": [], "summary": {"covered_lines": 0, "num_statements": 4, "percent_covered": 0.0, "percent_covered_display": "0", "missing_lines": 4, "excluded_lines": 0, "percent_statements_covered": 0.0, "percent_statements_covered_display": "0"}, "missing_lines": [684, 686, 687, 688], "excluded_lines": []}, "": {"executed_lines": [2, 7, 8, 9, 10, 12, 13, 22, 29, 38, 50, 60, 61, 62, 70, 71, 73, 74, 75, 76, 79, 80, 82, 83, 84, 85, 88, 89, 91, 92, 93, 94, 97, 98, 100, 101, 102, 103, 111, 112, 118, 119, 120, 123, 128, 129, 134, 137, 140, 145, 150, 151, 152, 157, 158, 161, 166, 171, 172, 173, 178, 181, 184, 187, 192, 200, 201, 224, 225, 242, 243, 261, 262, 278, 279, 280, 295, 296, 300, 301, 307, 308, 319, 320, 324, 325, 329, 330, 338, 373, 374, 377, 380, 383, 386, 389, 394, 397, 402, 405, 409, 410, 423, 426, 427, 429, 430, 433, 434, 435, 436, 439, 442, 445, 447, 448, 468, 469, 495, 500, 501, 503, 506, 509, 512, 515, 518, 519, 523, 524, 525, 533, 536, 537, 539, 543, 547, 549, 551, 552, 567, 568, 572, 575, 576, 578, 579, 582, 585, 587, 588, 590, 591, 593, 596, 600, 601, 611, 619, 620, 625, 629, 634, 639, 642, 645, 648, 653, 657, 670, 676, 682, 695], "summary": {"covered_lines": 161, "num_statements": 185, "percent_covered": 87.02702702702703, "percent_covered_display": "87", "missing_lines": 24, "excluded_lines": 0, "percent_statements_covered": 87.02702702702703, "percent_statements_covered_display": "87"}, "missing_lines": [696, 698, 700, 703, 704, 705, 727, 728, 729, 730, 731, 732, 735, 736, 737, 758, 759, 762, 763, 764, 767, 768, 771, 772], "excluded_lines": []}}, "classes": {"ReactorType": {"executed_lines": [], "summary": {"covered_lines": 0, "num_statements": 0, "percent_covered": 100.0, "percent_covered_display": "100", "missing_lines": 0, "excluded_lines": 0, "percent_statements_covered": 100.0, "percent_statements_covered_display": "100"}, "missing_lines": [], "excluded_lines": []}, "FuelType": {"executed_lines": [], "summary": {"covered_lines": 0, "num_statements": 0, "percent_covered": 100.0, "percent_covered_display": "100", "missing_lines": 0, "excluded_lines": 0, "percent_statements_covered": 100.0, "percent_statements_covered_display": "100"}, "missing_lines": [], "excluded_lines": []}, "EnrichmentClass": {"executed_lines": [], "summary": {"covered_lines": 0, "num_statements": 0, "percent_covered": 100.0, "percent_covered_display": "100", "missing_lines": 0, "excluded_lines": 0, "percent_statements_covered": 100.0, "percent_statements_covered_display": "100"}, "missing_lines": [], "excluded_lines": []}, "GraphiteGrade": {"executed_lines": [], "summary": {"covered_lines": 0, "num_statements": 0, "percent_covered": 100.0, "percent_covered_display": "100", "missing_lines": 0, "excluded_lines": 0, "percent_statements_covered": 100.0, "percent_statements_covered_display": "100"}, "missing_lines": [], "excluded_lines": []}, "ReactorSpecification": {"executed_lines": [203, 209, 216, 217, 219, 222, 227, 229, 234, 235, 240, 245, 247, 253, 259, 264, 265, 267, 270, 276, 282, 287, 289], "summary": {"covered_lines": 23, "num_statements": 48, "percent_covered": 47.916666666666664, "percent_covered_display": "48", "missing_lines": 25, "excluded_lines": 0, "percent_statements_covered": 47.916666666666664, "percent_statements_covered_display": "48"}, "missing_lines": [204, 210, 218, 220, 230, 248, 254, 268, 271, 283, 288, 298, 303, 304, 305, 310, 311, 312, 313, 314, 315, 317, 322, 327, 332], "excluded_lines": []}, "GeometryParameters": {"executed_lines": [412, 415, 416, 418, 421], "summary": {"covered_lines": 5, "num_statements": 7, "percent_covered": 71.42857142857143, "percent_covered_display": "71", "missing_lines": 2, "excluded_lines": 0, "percent_statements_covered": 71.42857142857143, "percent_statements_covered_display": "71"}, "missing_lines": [413, 419], "excluded_lines": []}, "CrossSectionData": {"executed_lines": [450, 452, 453, 454, 460, 461, 466, 472, 473, 476, 477, 480, 484, 486, 487, 488, 493], "summary": {"covered_lines": 17, "num_statements": 21, "percent_covered": 80.95238095238095, "percent_covered_display": "81", "missing_lines": 4, "excluded_lines": 0, "percent_statements_covered": 80.95238095238095, "percent_statements_covered_display": "81"}, "missing_lines": [455, 462, 481, 489], "excluded_lines": []}, "SolverOptions": {"executed_lines": [527, 529, 531], "summary": {"covered_lines": 3, "num_statements": 5, "percent_covered": 60.0, "percent_covered_display": "60", "missing_lines": 2, "excluded_lines": 0, "percent_statements_covered": 60.0, "percent_statements_covered_display": "60"}, "missing_lines": [528, 530], "excluded_lines": []}, "MaterialComposition": {"executed_lines": [], "summary": {"covered_lines": 0, "num_statements": 9, "percent_covered": 0.0, "percent_covered_display": "0", "missing_lines": 9, "excluded_lines": 0, "percent_statements_covered": 0.0, "percent_statements_covered_display": "0"}, "missing_lines": [554, 555, 557, 558, 559, 560, 561, 565, 570], "excluded_lines": []}, "TransientConditions": {"executed_lines": [], "summary": {"covered_lines": 0, "num_statements": 5, "percent_covered": 0.0, "percent_covered_display": "0", "missing_lines": 5, "excluded_lines": 0, "percent_statements_covered": 0.0, "percent_statements_covered_display": "0"}, "missing_lines": [603, 604, 606, 607, 609], "excluded_lines": []}, "SMRForgeSettings": {"executed_lines": [], "summary": {"covered_lines": 0, "num_statements": 0, "percent_covered": 100.0, "percent_covered_display": "100", "missing_lines": 0, "excluded_lines": 0, "percent_statements_covered": 100.0, "percent_statements_covered_display": "100"}, "missing_lines": [], "excluded_lines": []}, "": {"executed_lines": [2, 7, 8, 9, 10, 12, 13, 22, 29, 31, 33, 35, 38, 40, 41, 43, 45, 47, 50, 60, 61, 62, 70, 71, 73, 74, 75, 76, 79, 80, 82, 83, 84, 85, 88, 89, 91, 92, 93, 94, 97, 98, 100, 101, 102, 103, 111, 112, 118, 119, 120, 123, 128, 129, 134, 137, 140, 145, 150, 151, 152, 157, 158, 161, 166, 171, 172, 173, 178, 181, 184, 187, 192, 200, 201, 224, 225, 242, 243, 261, 262, 278, 279, 280, 295, 296, 300, 301, 307, 308, 319, 320, 324, 325, 329, 330, 338, 373, 374, 377, 380, 383, 386, 389, 394, 397, 402, 405, 409, 410, 423, 426, 427, 429, 430, 433, 434, 435, 436, 439, 442, 445, 447, 448, 468, 469, 495, 500, 501, 503, 506, 509, 512, 515, 518, 519, 523, 524, 525, 533, 536, 537, 539, 543, 547, 549, 551, 552, 567, 568, 572, 575, 576, 578, 579, 582, 585, 587, 588, 590, 591, 593, 596, 600, 601, 611, 619, 620, 625, 629, 634, 639, 642, 645, 648, 653, 657, 670, 676, 682, 695], "summary": {"covered_lines": 169, "num_statements": 211, "percent_covered": 80.09478672985782, "percent_covered_display": "80", "missing_lines": 42, "excluded_lines": 0, "percent_statements_covered": 80.09478672985782, "percent_statements_covered_display": "80"}, "missing_lines": [32, 34, 42, 44, 46, 52, 53, 54, 55, 56, 672, 673, 678, 679, 684, 686, 687, 688, 696, 698, 700, 703, 704, 705, 727, 728, 729, 730, 731, 732, 735, 736, 737, 758, 759, 762, 763, 764, 767, 768, 771, 772], "excluded_lines": []}}}, "smrforge\\validation\\validators.py": {"executed_lines": [1, 8, 20], "summary": {"covered_lines": 2, "num_statements": 2, "percent_covered": 100.0, "percent_covered_display": "100", "missing_lines": 0, "excluded_lines": 0, "percent_statements_covered": 100.0, "percent_statements_covered_display": "100"}, "missing_lines": [], "excluded_lines": [], "functions": {"": {"executed_lines": [1, 8, 20], "summary": {"covered_lines": 2, "num_statements": 2, "percent_covered": 100.0, "percent_covered_display": "100", "missing_lines": 0, "excluded_lines": 0, "percent_statements_covered": 100.0, "percent_statements_covered_display": "100"}, "missing_lines": [], "excluded_lines": []}}, "classes": {"": {"executed_lines": [1, 8, 20], "summary": {"covered_lines": 2, "num_statements": 2, "percent_covered": 100.0, "percent_covered_display": "100", "missing_lines": 0, "excluded_lines": 0, "percent_statements_covered": 100.0, "percent_statements_covered_display": "100"}, "missing_lines": [], "excluded_lines": []}}}, "smrforge\\visualization\\__init__.py": {"executed_lines": [], "summary": {"covered_lines": 0, "num_statements": 1, "percent_covered": 0.0, "percent_covered_display": "0", "missing_lines": 1, "excluded_lines": 0, "percent_statements_covered": 0.0, "percent_statements_covered_display": "0"}, "missing_lines": [20], "excluded_lines": [], "functions": {"": {"executed_lines": [], "summary": {"covered_lines": 0, "num_statements": 1, "percent_covered": 0.0, "percent_covered_display": "0", "missing_lines": 1, "excluded_lines": 0, "percent_statements_covered": 0.0, "percent_statements_covered_display": "0"}, "missing_lines": [20], "excluded_lines": []}}, "classes": {"": {"executed_lines": [], "summary": {"covered_lines": 0, "num_statements": 1, "percent_covered": 0.0, "percent_covered_display": "0", "missing_lines": 1, "excluded_lines": 0, "percent_statements_covered": 0.0, "percent_statements_covered_display": "0"}, "missing_lines": [20], "excluded_lines": []}}}}, "totals": {"covered_lines": 2020, "num_statements": 4365, "percent_covered": 46.27720504009164, "percent_covered_display": "46", "missing_lines": 2345, "excluded_lines": 1, "percent_statements_covered": 46.27720504009164, "percent_statements_covered_display": "46"}}