{"meta": {"format": 3, "version": "7.13.0", "timestamp": "2026-01-01T21:13:38.525471", "branch_coverage": false, "show_contexts": false}, "files": {"smrforge\\__init__.py": {"executed_lines": [1, 23, 25, 28, 31, 32, 33, 35, 42, 43, 44, 51, 59, 60, 70, 82, 83, 101, 106, 115, 116, 119, 120, 131, 132, 145, 146, 167, 168, 169, 171, 183, 184, 186, 191, 192, 193, 199], "summary": {"covered_lines": 37, "num_statements": 57, "percent_covered": 64.91228070175438, "percent_covered_display": "64.9", "missing_lines": 20, "excluded_lines": 0, "percent_statements_covered": 64.91228070175438, "percent_statements_covered_display": "64.9"}, "missing_lines": [36, 37, 39, 40, 52, 53, 55, 56, 71, 72, 74, 79, 102, 103, 179, 180, 187, 188, 208, 209], "excluded_lines": [], "functions": {"": {"executed_lines": [1, 23, 25, 28, 31, 32, 33, 35, 42, 43, 44, 51, 59, 60, 70, 82, 83, 101, 106, 115, 116, 119, 120, 131, 132, 145, 146, 167, 168, 169, 171, 183, 184, 186, 191, 192, 193, 199], "summary": {"covered_lines": 37, "num_statements": 57, "percent_covered": 64.91228070175438, "percent_covered_display": "64.9", "missing_lines": 20, "excluded_lines": 0, "percent_statements_covered": 64.91228070175438, "percent_statements_covered_display": "64.9"}, "missing_lines": [36, 37, 39, 40, 52, 53, 55, 56, 71, 72, 74, 79, 102, 103, 179, 180, 187, 188, 208, 209], "excluded_lines": []}}, "classes": {"": {"executed_lines": [1, 23, 25, 28, 31, 32, 33, 35, 42, 43, 44, 51, 59, 60, 70, 82, 83, 101, 106, 115, 116, 119, 120, 131, 132, 145, 146, 167, 168, 169, 171, 183, 184, 186, 191, 192, 193, 199], "summary": {"covered_lines": 37, "num_statements": 57, "percent_covered": 64.91228070175438, "percent_covered_display": "64.9", "missing_lines": 20, "excluded_lines": 0, "percent_statements_covered": 64.91228070175438, "percent_statements_covered_display": "64.9"}, "missing_lines": [36, 37, 39, 40, 52, 53, 55, 56, 71, 72, 74, 79, 102, 103, 179, 180, 187, 188, 208, 209], "excluded_lines": []}}}, "smrforge\\__version__.py": {"executed_lines": [1, 5, 6, 9], "summary": {"covered_lines": 3, "num_statements": 4, "percent_covered": 75.0, "percent_covered_display": "75.0", "missing_lines": 1, "excluded_lines": 0, "percent_statements_covered": 75.0, "percent_statements_covered_display": "75.0"}, "missing_lines": [11], "excluded_lines": [], "functions": {"get_version": {"executed_lines": [], "summary": {"covered_lines": 0, "num_statements": 1, "percent_covered": 0.0, "percent_covered_display": "0.0", "missing_lines": 1, "excluded_lines": 0, "percent_statements_covered": 0.0, "percent_statements_covered_display": "0.0"}, "missing_lines": [11], "excluded_lines": []}, "": {"executed_lines": [1, 5, 6, 9], "summary": {"covered_lines": 3, "num_statements": 3, "percent_covered": 100.0, "percent_covered_display": "100.0", "missing_lines": 0, "excluded_lines": 0, "percent_statements_covered": 100.0, "percent_statements_covered_display": "100.0"}, "missing_lines": [], "excluded_lines": []}}, "classes": {"": {"executed_lines": [1, 5, 6, 9], "summary": {"covered_lines": 3, "num_statements": 4, "percent_covered": 75.0, "percent_covered_display": "75.0", "missing_lines": 1, "excluded_lines": 0, "percent_statements_covered": 75.0, "percent_statements_covered_display": "75.0"}, "missing_lines": [11], "excluded_lines": []}}}, "smrforge\\burnup\\__init__.py": {"executed_lines": [1, 10, 12], "summary": {"covered_lines": 2, "num_statements": 2, "percent_covered": 100.0, "percent_covered_display": "100.0", "missing_lines": 0, "excluded_lines": 0, "percent_statements_covered": 100.0, "percent_statements_covered_display": "100.0"}, "missing_lines": [], "excluded_lines": [], "functions": {"": {"executed_lines": [1, 10, 12], "summary": {"covered_lines": 2, "num_statements": 2, "percent_covered": 100.0, "percent_covered_display": "100.0", "missing_lines": 0, "excluded_lines": 0, "percent_statements_covered": 100.0, "percent_statements_covered_display": "100.0"}, "missing_lines": [], "excluded_lines": []}}, "classes": {"": {"executed_lines": [1, 10, 12], "summary": {"covered_lines": 2, "num_statements": 2, "percent_covered": 100.0, "percent_covered_display": "100.0", "missing_lines": 0, "excluded_lines": 0, "percent_statements_covered": 100.0, "percent_statements_covered_display": "100.0"}, "missing_lines": [], "excluded_lines": []}}}, "smrforge\\burnup\\solver.py": {"executed_lines": [1, 12, 13, 14, 16, 17, 18, 20, 27, 28, 29, 31, 34, 35, 36, 47, 48, 49, 50, 52, 63, 64, 65, 69, 79, 82, 83, 84, 99, 100, 101, 102, 106, 107, 108, 109, 110, 113, 114, 161, 209, 255, 278, 331, 399, 408, 476, 553, 562, 612], "summary": {"covered_lines": 46, "num_statements": 221, "percent_covered": 20.81447963800905, "percent_covered_display": "20.8", "missing_lines": 175, "excluded_lines": 0, "percent_statements_covered": 20.81447963800905, "percent_statements_covered_display": "20.8"}, "missing_lines": [66, 67, 175, 176, 177, 179, 180, 181, 183, 184, 187, 190, 191, 194, 195, 196, 199, 202, 204, 211, 214, 215, 216, 219, 220, 221, 224, 225, 234, 235, 236, 239, 241, 248, 249, 250, 253, 259, 262, 263, 265, 266, 267, 269, 270, 271, 274, 275, 276, 285, 288, 289, 290, 293, 294, 295, 296, 298, 304, 307, 311, 312, 313, 314, 315, 316, 317, 320, 322, 324, 342, 350, 353, 357, 362, 365, 367, 370, 371, 381, 382, 384, 386, 387, 389, 392, 393, 395, 396, 397, 406, 420, 422, 423, 426, 427, 430, 433, 436, 437, 438, 441, 442, 443, 446, 447, 452, 453, 459, 465, 468, 469, 470, 472, 474, 489, 491, 493, 494, 497, 498, 501, 504, 508, 517, 518, 519, 520, 523, 527, 529, 533, 534, 536, 541, 543, 547, 548, 551, 555, 556, 558, 559, 560, 574, 577, 580, 581, 582, 583, 585, 587, 590, 593, 594, 595, 596, 597, 598, 599, 600, 601, 602, 603, 606, 607, 608, 610, 625, 627, 628, 629, 632, 635, 637], "excluded_lines": [], "functions": {"NuclideInventory.get_concentration": {"executed_lines": [63, 64, 65], "summary": {"covered_lines": 3, "num_statements": 5, "percent_covered": 60.0, "percent_covered_display": "60.0", "missing_lines": 2, "excluded_lines": 0, "percent_statements_covered": 60.0, "percent_statements_covered_display": "60.0"}, "missing_lines": [66, 67], "excluded_lines": []}, "NuclideInventory.get_total_inventory": {"executed_lines": [79], "summary": {"covered_lines": 1, "num_statements": 1, "percent_covered": 100.0, "percent_covered_display": "100.0", "missing_lines": 0, "excluded_lines": 0, "percent_statements_covered": 100.0, "percent_statements_covered_display": "100.0"}, "missing_lines": [], "excluded_lines": []}, "BurnupSolver.__init__": {"executed_lines": [], "summary": {"covered_lines": 0, "num_statements": 17, "percent_covered": 0.0, "percent_covered_display": "0.0", "missing_lines": 17, "excluded_lines": 0, "percent_statements_covered": 0.0, "percent_statements_covered_display": "0.0"}, "missing_lines": [175, 176, 177, 179, 180, 181, 183, 184, 187, 190, 191, 194, 195, 196, 199, 202, 204], "excluded_lines": []}, "BurnupSolver._initialize_nuclides": {"executed_lines": [], "summary": {"covered_lines": 0, "num_statements": 18, "percent_covered": 0.0, "percent_covered_display": "0.0", "missing_lines": 18, "excluded_lines": 0, "percent_statements_covered": 0.0, "percent_statements_covered_display": "0.0"}, "missing_lines": [211, 214, 215, 216, 219, 220, 221, 224, 225, 234, 235, 236, 239, 241, 248, 249, 250, 253], "excluded_lines": []}, "BurnupSolver._set_initial_concentrations": {"executed_lines": [], "summary": {"covered_lines": 0, "num_statements": 12, "percent_covered": 0.0, "percent_covered_display": "0.0", "missing_lines": 12, "excluded_lines": 0, "percent_statements_covered": 0.0, "percent_statements_covered_display": "0.0"}, "missing_lines": [259, 262, 263, 265, 266, 267, 269, 270, 271, 274, 275, 276], "excluded_lines": []}, "BurnupSolver.solve": {"executed_lines": [], "summary": {"covered_lines": 0, "num_statements": 21, "percent_covered": 0.0, "percent_covered_display": "0.0", "missing_lines": 21, "excluded_lines": 0, "percent_statements_covered": 0.0, "percent_statements_covered_display": "0.0"}, "missing_lines": [285, 288, 289, 290, 293, 294, 295, 296, 298, 304, 307, 311, 312, 313, 314, 315, 316, 317, 320, 322, 324], "excluded_lines": []}, "BurnupSolver._solve_time_step": {"executed_lines": [], "summary": {"covered_lines": 0, "num_statements": 19, "percent_covered": 0.0, "percent_covered_display": "0.0", "missing_lines": 19, "excluded_lines": 0, "percent_statements_covered": 0.0, "percent_statements_covered_display": "0.0"}, "missing_lines": [342, 350, 353, 357, 362, 365, 370, 371, 381, 382, 384, 386, 387, 389, 392, 393, 395, 396, 397], "excluded_lines": []}, "BurnupSolver._solve_time_step.dN_dt": {"executed_lines": [], "summary": {"covered_lines": 0, "num_statements": 1, "percent_covered": 0.0, "percent_covered_display": "0.0", "missing_lines": 1, "excluded_lines": 0, "percent_statements_covered": 0.0, "percent_statements_covered_display": "0.0"}, "missing_lines": [367], "excluded_lines": []}, "BurnupSolver._build_decay_matrix": {"executed_lines": [], "summary": {"covered_lines": 0, "num_statements": 1, "percent_covered": 0.0, "percent_covered_display": "0.0", "missing_lines": 1, "excluded_lines": 0, "percent_statements_covered": 0.0, "percent_statements_covered_display": "0.0"}, "missing_lines": [406], "excluded_lines": []}, "BurnupSolver._build_fission_production_vector": {"executed_lines": [], "summary": {"covered_lines": 0, "num_statements": 24, "percent_covered": 0.0, "percent_covered_display": "0.0", "missing_lines": 24, "excluded_lines": 0, "percent_statements_covered": 0.0, "percent_statements_covered_display": "0.0"}, "missing_lines": [420, 422, 423, 426, 427, 430, 433, 436, 437, 438, 441, 442, 443, 446, 447, 452, 453, 459, 465, 468, 469, 470, 472, 474], "excluded_lines": []}, "BurnupSolver._build_capture_matrix": {"executed_lines": [], "summary": {"covered_lines": 0, "num_statements": 24, "percent_covered": 0.0, "percent_covered_display": "0.0", "missing_lines": 24, "excluded_lines": 0, "percent_statements_covered": 0.0, "percent_statements_covered_display": "0.0"}, "missing_lines": [489, 491, 493, 494, 497, 498, 501, 504, 508, 517, 518, 519, 520, 523, 527, 529, 533, 534, 536, 541, 543, 547, 548, 551], "excluded_lines": []}, "BurnupSolver._get_fission_yield_data": {"executed_lines": [], "summary": {"covered_lines": 0, "num_statements": 5, "percent_covered": 0.0, "percent_covered_display": "0.0", "missing_lines": 5, "excluded_lines": 0, "percent_statements_covered": 0.0, "percent_statements_covered_display": "0.0"}, "missing_lines": [555, 556, 558, 559, 560], "excluded_lines": []}, "BurnupSolver._update_burnup": {"executed_lines": [], "summary": {"covered_lines": 0, "num_statements": 24, "percent_covered": 0.0, "percent_covered_display": "0.0", "missing_lines": 24, "excluded_lines": 0, "percent_statements_covered": 0.0, "percent_statements_covered_display": "0.0"}, "missing_lines": [574, 577, 580, 581, 582, 583, 585, 587, 590, 593, 594, 595, 596, 597, 598, 599, 600, 601, 602, 603, 606, 607, 608, 610], "excluded_lines": []}, "BurnupSolver.compute_decay_heat": {"executed_lines": [], "summary": {"covered_lines": 0, "num_statements": 7, "percent_covered": 0.0, "percent_covered_display": "0.0", "missing_lines": 7, "excluded_lines": 0, "percent_statements_covered": 0.0, "percent_statements_covered_display": "0.0"}, "missing_lines": [625, 627, 628, 629, 632, 635, 637], "excluded_lines": []}, "": {"executed_lines": [1, 12, 13, 14, 16, 17, 18, 20, 27, 28, 29, 31, 34, 35, 36, 47, 48, 49, 50, 52, 69, 82, 83, 84, 99, 100, 101, 102, 106, 107, 108, 109, 110, 113, 114, 161, 209, 255, 278, 331, 399, 408, 476, 553, 562, 612], "summary": {"covered_lines": 42, "num_statements": 42, "percent_covered": 100.0, "percent_covered_display": "100.0", "missing_lines": 0, "excluded_lines": 0, "percent_statements_covered": 100.0, "percent_statements_covered_display": "100.0"}, "missing_lines": [], "excluded_lines": []}}, "classes": {"NuclideInventory": {"executed_lines": [63, 64, 65, 79], "summary": {"covered_lines": 4, "num_statements": 6, "percent_covered": 66.66666666666667, "percent_covered_display": "66.7", "missing_lines": 2, "excluded_lines": 0, "percent_statements_covered": 66.66666666666667, "percent_statements_covered_display": "66.7"}, "missing_lines": [66, 67], "excluded_lines": []}, "BurnupOptions": {"executed_lines": [], "summary": {"covered_lines": 0, "num_statements": 0, "percent_covered": 100.0, "percent_covered_display": "100.0", "missing_lines": 0, "excluded_lines": 0, "percent_statements_covered": 100.0, "percent_statements_covered_display": "100.0"}, "missing_lines": [], "excluded_lines": []}, "BurnupSolver": {"executed_lines": [], "summary": {"covered_lines": 0, "num_statements": 173, "percent_covered": 0.0, "percent_covered_display": "0.0", "missing_lines": 173, "excluded_lines": 0, "percent_statements_covered": 0.0, "percent_statements_covered_display": "0.0"}, "missing_lines": [175, 176, 177, 179, 180, 181, 183, 184, 187, 190, 191, 194, 195, 196, 199, 202, 204, 211, 214, 215, 216, 219, 220, 221, 224, 225, 234, 235, 236, 239, 241, 248, 249, 250, 253, 259, 262, 263, 265, 266, 267, 269, 270, 271, 274, 275, 276, 285, 288, 289, 290, 293, 294, 295, 296, 298, 304, 307, 311, 312, 313, 314, 315, 316, 317, 320, 322, 324, 342, 350, 353, 357, 362, 365, 367, 370, 371, 381, 382, 384, 386, 387, 389, 392, 393, 395, 396, 397, 406, 420, 422, 423, 426, 427, 430, 433, 436, 437, 438, 441, 442, 443, 446, 447, 452, 453, 459, 465, 468, 469, 470, 472, 474, 489, 491, 493, 494, 497, 498, 501, 504, 508, 517, 518, 519, 520, 523, 527, 529, 533, 534, 536, 541, 543, 547, 548, 551, 555, 556, 558, 559, 560, 574, 577, 580, 581, 582, 583, 585, 587, 590, 593, 594, 595, 596, 597, 598, 599, 600, 601, 602, 603, 606, 607, 608, 610, 625, 627, 628, 629, 632, 635, 637], "excluded_lines": []}, "": {"executed_lines": [1, 12, 13, 14, 16, 17, 18, 20, 27, 28, 29, 31, 34, 35, 36, 47, 48, 49, 50, 52, 69, 82, 83, 84, 99, 100, 101, 102, 106, 107, 108, 109, 110, 113, 114, 161, 209, 255, 278, 331, 399, 408, 476, 553, 562, 612], "summary": {"covered_lines": 42, "num_statements": 42, "percent_covered": 100.0, "percent_covered_display": "100.0", "missing_lines": 0, "excluded_lines": 0, "percent_statements_covered": 100.0, "percent_statements_covered_display": "100.0"}, "missing_lines": [], "excluded_lines": []}}}, "smrforge\\control\\__init__.py": {"executed_lines": [], "summary": {"covered_lines": 0, "num_statements": 1, "percent_covered": 0.0, "percent_covered_display": "0.0", "missing_lines": 1, "excluded_lines": 0, "percent_statements_covered": 0.0, "percent_statements_covered_display": "0.0"}, "missing_lines": [18], "excluded_lines": [], "functions": {"": {"executed_lines": [], "summary": {"covered_lines": 0, "num_statements": 1, "percent_covered": 0.0, "percent_covered_display": "0.0", "missing_lines": 1, "excluded_lines": 0, "percent_statements_covered": 0.0, "percent_statements_covered_display": "0.0"}, "missing_lines": [18], "excluded_lines": []}}, "classes": {"": {"executed_lines": [], "summary": {"covered_lines": 0, "num_statements": 1, "percent_covered": 0.0, "percent_covered_display": "0.0", "missing_lines": 1, "excluded_lines": 0, "percent_statements_covered": 0.0, "percent_statements_covered_display": "0.0"}, "missing_lines": [18], "excluded_lines": []}}}, "smrforge\\convenience.py": {"executed_lines": [1, 6, 7, 9, 11, 12, 16, 25, 26, 34, 56, 59, 62, 66, 67, 68, 71, 84, 87, 101, 104, 140, 142, 149, 150, 152, 153, 156, 165, 190, 197, 200, 214, 215, 218, 233, 234, 235, 236, 237, 238, 239, 242, 243, 248, 272, 274, 321, 322, 323, 325, 326, 336, 337, 338, 339, 340, 341, 342, 344, 346, 347, 349, 352, 354, 355, 362, 363, 365, 367, 368, 370, 373, 374, 376, 380, 427, 429, 430, 431, 434, 436, 448, 449, 450, 452, 455, 456, 458, 463, 466, 481, 482, 500, 511, 512, 513, 515, 516, 529, 530, 531, 533, 534, 535, 536, 537, 538], "summary": {"covered_lines": 106, "num_statements": 128, "percent_covered": 82.8125, "percent_covered_display": "82.8", "missing_lines": 22, "excluded_lines": 0, "percent_statements_covered": 82.8125, "percent_statements_covered_display": "82.8"}, "missing_lines": [35, 36, 39, 40, 42, 43, 45, 46, 48, 49, 51, 52, 63, 451, 464, 484, 492, 493, 494, 495, 496, 498], "excluded_lines": [], "functions": {"_get_library": {"executed_lines": [62, 66, 67, 68], "summary": {"covered_lines": 4, "num_statements": 5, "percent_covered": 80.0, "percent_covered_display": "80.0", "missing_lines": 1, "excluded_lines": 0, "percent_statements_covered": 80.0, "percent_statements_covered_display": "80.0"}, "missing_lines": [63], "excluded_lines": []}, "list_presets": {"executed_lines": [84], "summary": {"covered_lines": 1, "num_statements": 1, "percent_covered": 100.0, "percent_covered_display": "100.0", "missing_lines": 0, "excluded_lines": 0, "percent_statements_covered": 100.0, "percent_statements_covered_display": "100.0"}, "missing_lines": [], "excluded_lines": []}, "get_preset": {"executed_lines": [101], "summary": {"covered_lines": 1, "num_statements": 1, "percent_covered": 100.0, "percent_covered_display": "100.0", "missing_lines": 0, "excluded_lines": 0, "percent_statements_covered": 100.0, "percent_statements_covered_display": "100.0"}, "missing_lines": [], "excluded_lines": []}, "create_reactor": {"executed_lines": [140, 142, 149, 150, 152, 153, 156], "summary": {"covered_lines": 7, "num_statements": 7, "percent_covered": 100.0, "percent_covered_display": "100.0", "missing_lines": 0, "excluded_lines": 0, "percent_statements_covered": 100.0, "percent_statements_covered_display": "100.0"}, "missing_lines": [], "excluded_lines": []}, "quick_keff": {"executed_lines": [190, 197], "summary": {"covered_lines": 2, "num_statements": 2, "percent_covered": 100.0, "percent_covered_display": "100.0", "missing_lines": 0, "excluded_lines": 0, "percent_statements_covered": 100.0, "percent_statements_covered_display": "100.0"}, "missing_lines": [], "excluded_lines": []}, "analyze_preset": {"executed_lines": [214, 215], "summary": {"covered_lines": 2, "num_statements": 2, "percent_covered": 100.0, "percent_covered_display": "100.0", "missing_lines": 0, "excluded_lines": 0, "percent_statements_covered": 100.0, "percent_statements_covered_display": "100.0"}, "missing_lines": [], "excluded_lines": []}, "compare_designs": {"executed_lines": [233, 234, 235, 236, 237, 238, 239], "summary": {"covered_lines": 7, "num_statements": 7, "percent_covered": 100.0, "percent_covered_display": "100.0", "missing_lines": 0, "excluded_lines": 0, "percent_statements_covered": 100.0, "percent_statements_covered_display": "100.0"}, "missing_lines": [], "excluded_lines": []}, "SimpleReactor.__init__": {"executed_lines": [272, 274, 321, 322, 323], "summary": {"covered_lines": 5, "num_statements": 5, "percent_covered": 100.0, "percent_covered_display": "100.0", "missing_lines": 0, "excluded_lines": 0, "percent_statements_covered": 100.0, "percent_statements_covered_display": "100.0"}, "missing_lines": [], "excluded_lines": []}, "SimpleReactor.from_preset": {"executed_lines": [336, 337, 338, 339, 340, 341, 342], "summary": {"covered_lines": 7, "num_statements": 7, "percent_covered": 100.0, "percent_covered_display": "100.0", "missing_lines": 0, "excluded_lines": 0, "percent_statements_covered": 100.0, "percent_statements_covered_display": "100.0"}, "missing_lines": [], "excluded_lines": []}, "SimpleReactor._get_core": {"executed_lines": [346, 347, 349, 352, 354, 355, 362, 363], "summary": {"covered_lines": 8, "num_statements": 8, "percent_covered": 100.0, "percent_covered_display": "100.0", "missing_lines": 0, "excluded_lines": 0, "percent_statements_covered": 100.0, "percent_statements_covered_display": "100.0"}, "missing_lines": [], "excluded_lines": []}, "SimpleReactor._get_xs_data": {"executed_lines": [367, 368, 370, 373, 374], "summary": {"covered_lines": 5, "num_statements": 5, "percent_covered": 100.0, "percent_covered_display": "100.0", "missing_lines": 0, "excluded_lines": 0, "percent_statements_covered": 100.0, "percent_statements_covered_display": "100.0"}, "missing_lines": [], "excluded_lines": []}, "SimpleReactor._create_simple_xs": {"executed_lines": [380], "summary": {"covered_lines": 1, "num_statements": 1, "percent_covered": 100.0, "percent_covered_display": "100.0", "missing_lines": 0, "excluded_lines": 0, "percent_statements_covered": 100.0, "percent_statements_covered_display": "100.0"}, "missing_lines": [], "excluded_lines": []}, "SimpleReactor._get_solver": {"executed_lines": [429, 430, 431, 434], "summary": {"covered_lines": 4, "num_statements": 4, "percent_covered": 100.0, "percent_covered_display": "100.0", "missing_lines": 0, "excluded_lines": 0, "percent_statements_covered": 100.0, "percent_statements_covered_display": "100.0"}, "missing_lines": [], "excluded_lines": []}, "SimpleReactor.solve_keff": {"executed_lines": [448, 449, 450, 452, 455, 456, 458, 463], "summary": {"covered_lines": 8, "num_statements": 10, "percent_covered": 80.0, "percent_covered_display": "80.0", "missing_lines": 2, "excluded_lines": 0, "percent_statements_covered": 80.0, "percent_statements_covered_display": "80.0"}, "missing_lines": [451, 464], "excluded_lines": []}, "SimpleReactor.solve": {"executed_lines": [481, 482], "summary": {"covered_lines": 2, "num_statements": 9, "percent_covered": 22.22222222222222, "percent_covered_display": "22.2", "missing_lines": 7, "excluded_lines": 0, "percent_statements_covered": 22.22222222222222, "percent_statements_covered_display": "22.2"}, "missing_lines": [484, 492, 493, 494, 495, 496, 498], "excluded_lines": []}, "SimpleReactor.save": {"executed_lines": [511, 512, 513], "summary": {"covered_lines": 3, "num_statements": 3, "percent_covered": 100.0, "percent_covered_display": "100.0", "missing_lines": 0, "excluded_lines": 0, "percent_statements_covered": 100.0, "percent_statements_covered_display": "100.0"}, "missing_lines": [], "excluded_lines": []}, "SimpleReactor.load": {"executed_lines": [529, 530, 531, 533, 534, 535, 536, 537, 538], "summary": {"covered_lines": 9, "num_statements": 9, "percent_covered": 100.0, "percent_covered_display": "100.0", "missing_lines": 0, "excluded_lines": 0, "percent_statements_covered": 100.0, "percent_statements_covered_display": "100.0"}, "missing_lines": [], "excluded_lines": []}, "": {"executed_lines": [1, 6, 7, 9, 11, 12, 16, 25, 26, 34, 56, 59, 71, 87, 104, 165, 200, 218, 242, 243, 248, 325, 326, 344, 365, 376, 427, 436, 466, 500, 515, 516], "summary": {"covered_lines": 30, "num_statements": 42, "percent_covered": 71.42857142857143, "percent_covered_display": "71.4", "missing_lines": 12, "excluded_lines": 0, "percent_statements_covered": 71.42857142857143, "percent_statements_covered_display": "71.4"}, "missing_lines": [35, 36, 39, 40, 42, 43, 45, 46, 48, 49, 51, 52], "excluded_lines": []}}, "classes": {"SimpleReactor": {"executed_lines": [272, 274, 321, 322, 323, 336, 337, 338, 339, 340, 341, 342, 346, 347, 349, 352, 354, 355, 362, 363, 367, 368, 370, 373, 374, 380, 429, 430, 431, 434, 448, 449, 450, 452, 455, 456, 458, 463, 481, 482, 511, 512, 513, 529, 530, 531, 533, 534, 535, 536, 537, 538], "summary": {"covered_lines": 52, "num_statements": 61, "percent_covered": 85.24590163934427, "percent_covered_display": "85.2", "missing_lines": 9, "excluded_lines": 0, "percent_statements_covered": 85.24590163934427, "percent_statements_covered_display": "85.2"}, "missing_lines": [451, 464, 484, 492, 493, 494, 495, 496, 498], "excluded_lines": []}, "": {"executed_lines": [1, 6, 7, 9, 11, 12, 16, 25, 26, 34, 56, 59, 62, 66, 67, 68, 71, 84, 87, 101, 104, 140, 142, 149, 150, 152, 153, 156, 165, 190, 197, 200, 214, 215, 218, 233, 234, 235, 236, 237, 238, 239, 242, 243, 248, 325, 326, 344, 365, 376, 427, 436, 466, 500, 515, 516], "summary": {"covered_lines": 54, "num_statements": 67, "percent_covered": 80.59701492537313, "percent_covered_display": "80.6", "missing_lines": 13, "excluded_lines": 0, "percent_statements_covered": 80.59701492537313, "percent_statements_covered_display": "80.6"}, "missing_lines": [35, 36, 39, 40, 42, 43, 45, 46, 48, 49, 51, 52, 63], "excluded_lines": []}}}, "smrforge\\convenience_utils.py": {"executed_lines": [1, 8, 9, 11, 14, 15, 16, 21, 22, 23, 24, 25, 26, 28, 33, 34, 35, 37, 47, 90, 127, 173, 256, 303, 348, 385, 486, 508, 550, 580, 614, 637, 667, 669, 673, 676, 709, 712, 715, 750, 754, 762], "summary": {"covered_lines": 41, "num_statements": 165, "percent_covered": 24.848484848484848, "percent_covered_display": "24.8", "missing_lines": 124, "excluded_lines": 0, "percent_statements_covered": 24.848484848484848, "percent_statements_covered_display": "24.8"}, "missing_lines": [29, 30, 38, 39, 75, 76, 78, 79, 86, 87, 111, 112, 114, 115, 116, 117, 119, 154, 155, 157, 158, 160, 161, 163, 170, 193, 194, 197, 199, 201, 250, 279, 280, 282, 285, 286, 293, 295, 327, 328, 330, 331, 333, 334, 336, 337, 339, 345, 371, 377, 399, 400, 404, 407, 421, 422, 426, 428, 429, 430, 431, 432, 435, 480, 481, 483, 500, 528, 529, 531, 532, 534, 537, 539, 540, 542, 569, 570, 572, 573, 574, 576, 577, 600, 601, 603, 604, 605, 606, 628, 629, 631, 633, 634, 651, 652, 654, 656, 657, 670, 674, 700, 707, 713, 731, 733, 735, 736, 738, 740, 741, 748, 787, 788, 791, 794, 797, 799, 809, 810, 814, 815, 816, 818], "excluded_lines": [], "functions": {"create_simple_core": {"executed_lines": [], "summary": {"covered_lines": 0, "num_statements": 6, "percent_covered": 0.0, "percent_covered_display": "0.0", "missing_lines": 6, "excluded_lines": 0, "percent_statements_covered": 0.0, "percent_statements_covered_display": "0.0"}, "missing_lines": [75, 76, 78, 79, 86, 87], "excluded_lines": []}, "quick_mesh_extraction": {"executed_lines": [], "summary": {"covered_lines": 0, "num_statements": 7, "percent_covered": 0.0, "percent_covered_display": "0.0", "missing_lines": 7, "excluded_lines": 0, "percent_statements_covered": 0.0, "percent_statements_covered_display": "0.0"}, "missing_lines": [111, 112, 114, 115, 116, 117, 119], "excluded_lines": []}, "create_simple_solver": {"executed_lines": [], "summary": {"covered_lines": 0, "num_statements": 8, "percent_covered": 0.0, "percent_covered_display": "0.0", "missing_lines": 8, "excluded_lines": 0, "percent_statements_covered": 0.0, "percent_statements_covered_display": "0.0"}, "missing_lines": [154, 155, 157, 158, 160, 161, 163, 170], "excluded_lines": []}, "create_simple_xs_data": {"executed_lines": [], "summary": {"covered_lines": 0, "num_statements": 6, "percent_covered": 0.0, "percent_covered_display": "0.0", "missing_lines": 6, "excluded_lines": 0, "percent_statements_covered": 0.0, "percent_statements_covered_display": "0.0"}, "missing_lines": [193, 194, 197, 199, 201, 250], "excluded_lines": []}, "quick_keff_calculation": {"executed_lines": [], "summary": {"covered_lines": 0, "num_statements": 7, "percent_covered": 0.0, "percent_covered_display": "0.0", "missing_lines": 7, "excluded_lines": 0, "percent_statements_covered": 0.0, "percent_statements_covered_display": "0.0"}, "missing_lines": [279, 280, 282, 285, 286, 293, 295], "excluded_lines": []}, "create_simple_burnup_solver": {"executed_lines": [], "summary": {"covered_lines": 0, "num_statements": 10, "percent_covered": 0.0, "percent_covered_display": "0.0", "missing_lines": 10, "excluded_lines": 0, "percent_statements_covered": 0.0, "percent_statements_covered_display": "0.0"}, "missing_lines": [327, 328, 330, 331, 333, 334, 336, 337, 339, 345], "excluded_lines": []}, "quick_burnup_calculation": {"executed_lines": [], "summary": {"covered_lines": 0, "num_statements": 2, "percent_covered": 0.0, "percent_covered_display": "0.0", "missing_lines": 2, "excluded_lines": 0, "percent_statements_covered": 0.0, "percent_statements_covered_display": "0.0"}, "missing_lines": [371, 377], "excluded_lines": []}, "get_nuclide": {"executed_lines": [], "summary": {"covered_lines": 0, "num_statements": 16, "percent_covered": 0.0, "percent_covered_display": "0.0", "missing_lines": 16, "excluded_lines": 0, "percent_statements_covered": 0.0, "percent_statements_covered_display": "0.0"}, "missing_lines": [399, 400, 404, 407, 421, 422, 426, 428, 429, 430, 431, 432, 435, 480, 481, 483], "excluded_lines": []}, "create_nuclide_list": {"executed_lines": [], "summary": {"covered_lines": 0, "num_statements": 1, "percent_covered": 0.0, "percent_covered_display": "0.0", "missing_lines": 1, "excluded_lines": 0, "percent_statements_covered": 0.0, "percent_statements_covered_display": "0.0"}, "missing_lines": [500], "excluded_lines": []}, "quick_decay_heat": {"executed_lines": [], "summary": {"covered_lines": 0, "num_statements": 9, "percent_covered": 0.0, "percent_covered_display": "0.0", "missing_lines": 9, "excluded_lines": 0, "percent_statements_covered": 0.0, "percent_statements_covered_display": "0.0"}, "missing_lines": [528, 529, 531, 532, 534, 537, 539, 540, 542], "excluded_lines": []}, "quick_plot_core": {"executed_lines": [], "summary": {"covered_lines": 0, "num_statements": 7, "percent_covered": 0.0, "percent_covered_display": "0.0", "missing_lines": 7, "excluded_lines": 0, "percent_statements_covered": 0.0, "percent_statements_covered_display": "0.0"}, "missing_lines": [569, 570, 572, 573, 574, 576, 577], "excluded_lines": []}, "quick_plot_mesh": {"executed_lines": [], "summary": {"covered_lines": 0, "num_statements": 6, "percent_covered": 0.0, "percent_covered_display": "0.0", "missing_lines": 6, "excluded_lines": 0, "percent_statements_covered": 0.0, "percent_statements_covered_display": "0.0"}, "missing_lines": [600, 601, 603, 604, 605, 606], "excluded_lines": []}, "get_material": {"executed_lines": [], "summary": {"covered_lines": 0, "num_statements": 5, "percent_covered": 0.0, "percent_covered_display": "0.0", "missing_lines": 5, "excluded_lines": 0, "percent_statements_covered": 0.0, "percent_statements_covered_display": "0.0"}, "missing_lines": [628, 629, 631, 633, 634], "excluded_lines": []}, "list_materials": {"executed_lines": [], "summary": {"covered_lines": 0, "num_statements": 5, "percent_covered": 0.0, "percent_covered_display": "0.0", "missing_lines": 5, "excluded_lines": 0, "percent_statements_covered": 0.0, "percent_statements_covered_display": "0.0"}, "missing_lines": [651, 652, 654, 656, 657], "excluded_lines": []}, "_add_convenience_methods": {"executed_lines": [669, 673, 676, 709, 712, 715, 750], "summary": {"covered_lines": 7, "num_statements": 10, "percent_covered": 70.0, "percent_covered_display": "70.0", "missing_lines": 3, "excluded_lines": 0, "percent_statements_covered": 70.0, "percent_statements_covered_display": "70.0"}, "missing_lines": [670, 674, 713], "excluded_lines": []}, "_add_convenience_methods.quick_setup": {"executed_lines": [], "summary": {"covered_lines": 0, "num_statements": 2, "percent_covered": 0.0, "percent_covered_display": "0.0", "missing_lines": 2, "excluded_lines": 0, "percent_statements_covered": 0.0, "percent_statements_covered_display": "0.0"}, "missing_lines": [700, 707], "excluded_lines": []}, "_add_convenience_methods.quick_solve": {"executed_lines": [], "summary": {"covered_lines": 0, "num_statements": 8, "percent_covered": 0.0, "percent_covered_display": "0.0", "missing_lines": 8, "excluded_lines": 0, "percent_statements_covered": 0.0, "percent_statements_covered_display": "0.0"}, "missing_lines": [731, 733, 735, 736, 738, 740, 741, 748], "excluded_lines": []}, "run_complete_analysis": {"executed_lines": [], "summary": {"covered_lines": 0, "num_statements": 12, "percent_covered": 0.0, "percent_covered_display": "0.0", "missing_lines": 12, "excluded_lines": 0, "percent_statements_covered": 0.0, "percent_statements_covered_display": "0.0"}, "missing_lines": [787, 788, 791, 794, 797, 799, 809, 810, 814, 815, 816, 818], "excluded_lines": []}, "": {"executed_lines": [1, 8, 9, 11, 14, 15, 16, 21, 22, 23, 24, 25, 26, 28, 33, 34, 35, 37, 47, 90, 127, 173, 256, 303, 348, 385, 486, 508, 550, 580, 614, 637, 667, 754, 762], "summary": {"covered_lines": 34, "num_statements": 38, "percent_covered": 89.47368421052632, "percent_covered_display": "89.5", "missing_lines": 4, "excluded_lines": 0, "percent_statements_covered": 89.47368421052632, "percent_statements_covered_display": "89.5"}, "missing_lines": [29, 30, 38, 39], "excluded_lines": []}}, "classes": {"": {"executed_lines": [1, 8, 9, 11, 14, 15, 16, 21, 22, 23, 24, 25, 26, 28, 33, 34, 35, 37, 47, 90, 127, 173, 256, 303, 348, 385, 486, 508, 550, 580, 614, 637, 667, 669, 673, 676, 709, 712, 715, 750, 754, 762], "summary": {"covered_lines": 41, "num_statements": 165, "percent_covered": 24.848484848484848, "percent_covered_display": "24.8", "missing_lines": 124, "excluded_lines": 0, "percent_statements_covered": 24.848484848484848, "percent_statements_covered_display": "24.8"}, "missing_lines": [29, 30, 38, 39, 75, 76, 78, 79, 86, 87, 111, 112, 114, 115, 116, 117, 119, 154, 155, 157, 158, 160, 161, 163, 170, 193, 194, 197, 199, 201, 250, 279, 280, 282, 285, 286, 293, 295, 327, 328, 330, 331, 333, 334, 336, 337, 339, 345, 371, 377, 399, 400, 404, 407, 421, 422, 426, 428, 429, 430, 431, 432, 435, 480, 481, 483, 500, 528, 529, 531, 532, 534, 537, 539, 540, 542, 569, 570, 572, 573, 574, 576, 577, 600, 601, 603, 604, 605, 606, 628, 629, 631, 633, 634, 651, 652, 654, 656, 657, 670, 674, 700, 707, 713, 731, 733, 735, 736, 738, 740, 741, 748, 787, 788, 791, 794, 797, 799, 809, 810, 814, 815, 816, 818], "excluded_lines": []}}}, "smrforge\\core\\__init__.py": {"executed_lines": [1, 5, 8, 9, 22, 26, 27, 32, 36, 37, 44, 48, 49, 55, 59, 61, 62, 77, 78, 85, 86, 95, 96], "summary": {"covered_lines": 22, "num_statements": 30, "percent_covered": 73.33333333333333, "percent_covered_display": "73.3", "missing_lines": 8, "excluded_lines": 0, "percent_statements_covered": 73.33333333333333, "percent_statements_covered_display": "73.3"}, "missing_lines": [23, 24, 33, 34, 45, 46, 56, 57], "excluded_lines": [], "functions": {"": {"executed_lines": [1, 5, 8, 9, 22, 26, 27, 32, 36, 37, 44, 48, 49, 55, 59, 61, 62, 77, 78, 85, 86, 95, 96], "summary": {"covered_lines": 22, "num_statements": 30, "percent_covered": 73.33333333333333, "percent_covered_display": "73.3", "missing_lines": 8, "excluded_lines": 0, "percent_statements_covered": 73.33333333333333, "percent_statements_covered_display": "73.3"}, "missing_lines": [23, 24, 33, 34, 45, 46, 56, 57], "excluded_lines": []}}, "classes": {"": {"executed_lines": [1, 5, 8, 9, 22, 26, 27, 32, 36, 37, 44, 48, 49, 55, 59, 61, 62, 77, 78, 85, 86, 95, 96], "summary": {"covered_lines": 22, "num_statements": 30, "percent_covered": 73.33333333333333, "percent_covered_display": "73.3", "missing_lines": 8, "excluded_lines": 0, "percent_statements_covered": 73.33333333333333, "percent_statements_covered_display": "73.3"}, "missing_lines": [23, 24, 33, 34, 45, 46, 56, 57], "excluded_lines": []}}}, "smrforge\\core\\constants.py": {"executed_lines": [2, 11, 13, 16, 120, 123, 124, 125, 126, 127, 130, 220, 237, 244, 255, 256, 260, 272, 280, 283, 284, 285, 287, 288, 289, 290, 292, 295, 297, 298, 299, 301, 302, 303, 307, 322, 331, 340, 343], "summary": {"covered_lines": 37, "num_statements": 37, "percent_covered": 100.0, "percent_covered_display": "100.0", "missing_lines": 0, "excluded_lines": 7, "percent_statements_covered": 100.0, "percent_statements_covered_display": "100.0"}, "missing_lines": [], "excluded_lines": [343, 345, 346, 347, 350, 351, 352], "functions": {"watt_spectrum": {"executed_lines": [255, 256], "summary": {"covered_lines": 2, "num_statements": 2, "percent_covered": 100.0, "percent_covered_display": "100.0", "missing_lines": 0, "excluded_lines": 0, "percent_statements_covered": 100.0, "percent_statements_covered_display": "100.0"}, "missing_lines": [], "excluded_lines": []}, "parse_nuclide_string": {"executed_lines": [280, 283, 284, 285, 287, 288, 289, 290, 292], "summary": {"covered_lines": 9, "num_statements": 9, "percent_covered": 100.0, "percent_covered_display": "100.0", "missing_lines": 0, "excluded_lines": 0, "percent_statements_covered": 100.0, "percent_statements_covered_display": "100.0"}, "missing_lines": [], "excluded_lines": []}, "zam_to_name": {"executed_lines": [297, 298, 299, 301, 302, 303], "summary": {"covered_lines": 6, "num_statements": 6, "percent_covered": 100.0, "percent_covered_display": "100.0", "missing_lines": 0, "excluded_lines": 0, "percent_statements_covered": 100.0, "percent_statements_covered_display": "100.0"}, "missing_lines": [], "excluded_lines": []}, "": {"executed_lines": [2, 11, 13, 16, 120, 123, 124, 125, 126, 127, 130, 220, 237, 244, 260, 272, 295, 307, 322, 331, 340, 343], "summary": {"covered_lines": 20, "num_statements": 20, "percent_covered": 100.0, "percent_covered_display": "100.0", "missing_lines": 0, "excluded_lines": 7, "percent_statements_covered": 100.0, "percent_statements_covered_display": "100.0"}, "missing_lines": [], "excluded_lines": [343, 345, 346, 347, 350, 351, 352]}}, "classes": {"": {"executed_lines": [2, 11, 13, 16, 120, 123, 124, 125, 126, 127, 130, 220, 237, 244, 255, 256, 260, 272, 280, 283, 284, 285, 287, 288, 289, 290, 292, 295, 297, 298, 299, 301, 302, 303, 307, 322, 331, 340, 343], "summary": {"covered_lines": 37, "num_statements": 37, "percent_covered": 100.0, "percent_covered_display": "100.0", "missing_lines": 0, "excluded_lines": 7, "percent_statements_covered": 100.0, "percent_statements_covered_display": "100.0"}, "missing_lines": [], "excluded_lines": [343, 345, 346, 347, 350, 351, 352]}}}, "smrforge\\core\\decay_parser.py": {"executed_lines": [1, 11, 12, 13, 14, 16, 18, 21, 22, 23, 25, 26, 27, 28, 31, 32, 33, 35, 36, 37, 39, 44, 45, 46, 48, 49, 50, 51, 53, 58, 59, 60, 62, 63, 64, 65, 66, 67, 68, 69, 71, 79, 85, 92, 93, 109, 111, 122, 136, 137, 140, 141, 144, 145, 146, 150, 151, 152, 155, 173, 175, 176, 177, 179, 191, 192, 194, 197, 199, 200, 201, 202, 204, 208, 212, 223, 224, 227, 228, 230, 233, 234, 235, 237, 238, 239, 245, 246, 249, 251, 262, 265, 266, 269, 270, 272, 276, 278, 280, 290, 291, 297], "summary": {"covered_lines": 96, "num_statements": 126, "percent_covered": 76.19047619047619, "percent_covered_display": "76.2", "missing_lines": 30, "excluded_lines": 0, "percent_statements_covered": 76.19047619047619, "percent_statements_covered_display": "76.2"}, "missing_lines": [41, 55, 73, 74, 76, 77, 81, 82, 83, 87, 88, 89, 142, 158, 161, 163, 195, 205, 206, 209, 210, 225, 242, 243, 244, 267, 292, 293, 294, 296], "excluded_lines": [], "functions": {"GammaSpectrum.get_energy_spectrum": {"executed_lines": [], "summary": {"covered_lines": 0, "num_statements": 1, "percent_covered": 0.0, "percent_covered_display": "0.0", "missing_lines": 1, "excluded_lines": 0, "percent_statements_covered": 0.0, "percent_statements_covered_display": "0.0"}, "missing_lines": [41], "excluded_lines": []}, "BetaSpectrum.get_energy_spectrum": {"executed_lines": [], "summary": {"covered_lines": 0, "num_statements": 1, "percent_covered": 0.0, "percent_covered_display": "0.0", "missing_lines": 1, "excluded_lines": 0, "percent_statements_covered": 0.0, "percent_statements_covered_display": "0.0"}, "missing_lines": [55], "excluded_lines": []}, "DecayData.__post_init__": {"executed_lines": [], "summary": {"covered_lines": 0, "num_statements": 4, "percent_covered": 0.0, "percent_covered_display": "0.0", "missing_lines": 4, "excluded_lines": 0, "percent_statements_covered": 0.0, "percent_statements_covered_display": "0.0"}, "missing_lines": [73, 74, 76, 77], "excluded_lines": []}, "DecayData.get_total_gamma_energy": {"executed_lines": [], "summary": {"covered_lines": 0, "num_statements": 3, "percent_covered": 0.0, "percent_covered_display": "0.0", "missing_lines": 3, "excluded_lines": 0, "percent_statements_covered": 0.0, "percent_statements_covered_display": "0.0"}, "missing_lines": [81, 82, 83], "excluded_lines": []}, "DecayData.get_total_beta_energy": {"executed_lines": [], "summary": {"covered_lines": 0, "num_statements": 3, "percent_covered": 0.0, "percent_covered_display": "0.0", "missing_lines": 3, "excluded_lines": 0, "percent_statements_covered": 0.0, "percent_statements_covered_display": "0.0"}, "missing_lines": [87, 88, 89], "excluded_lines": []}, "ENDFDecayParser.__init__": {"executed_lines": [111], "summary": {"covered_lines": 1, "num_statements": 1, "percent_covered": 100.0, "percent_covered_display": "100.0", "missing_lines": 0, "excluded_lines": 0, "percent_statements_covered": 100.0, "percent_statements_covered_display": "100.0"}, "missing_lines": [], "excluded_lines": []}, "ENDFDecayParser.parse_file": {"executed_lines": [136, 137, 140, 141, 144, 145, 146, 150, 151, 152, 155, 173, 175, 176, 177], "summary": {"covered_lines": 15, "num_statements": 19, "percent_covered": 78.94736842105263, "percent_covered_display": "78.9", "missing_lines": 4, "excluded_lines": 0, "percent_statements_covered": 78.94736842105263, "percent_statements_covered_display": "78.9"}, "missing_lines": [142, 158, 161, 163], "excluded_lines": []}, "ENDFDecayParser._parse_filename": {"executed_lines": [191, 192, 194, 197, 199, 200, 201, 202, 204, 208], "summary": {"covered_lines": 10, "num_statements": 15, "percent_covered": 66.66666666666667, "percent_covered_display": "66.7", "missing_lines": 5, "excluded_lines": 0, "percent_statements_covered": 66.66666666666667, "percent_statements_covered_display": "66.7"}, "missing_lines": [195, 205, 206, 209, 210], "excluded_lines": []}, "ENDFDecayParser._parse_half_life": {"executed_lines": [223, 224, 227, 228, 230, 233, 234, 235, 237, 238, 239, 245, 246, 249], "summary": {"covered_lines": 14, "num_statements": 18, "percent_covered": 77.77777777777777, "percent_covered_display": "77.8", "missing_lines": 4, "excluded_lines": 0, "percent_statements_covered": 77.77777777777777, "percent_statements_covered_display": "77.8"}, "missing_lines": [225, 242, 243, 244], "excluded_lines": []}, "ENDFDecayParser._parse_decay_modes": {"executed_lines": [262, 265, 266, 269, 270, 272, 276, 278], "summary": {"covered_lines": 8, "num_statements": 9, "percent_covered": 88.88888888888889, "percent_covered_display": "88.9", "missing_lines": 1, "excluded_lines": 0, "percent_statements_covered": 88.88888888888889, "percent_statements_covered_display": "88.9"}, "missing_lines": [267], "excluded_lines": []}, "ENDFDecayParser._build_daughters_dict": {"executed_lines": [290, 291, 297], "summary": {"covered_lines": 3, "num_statements": 7, "percent_covered": 42.857142857142854, "percent_covered_display": "42.9", "missing_lines": 4, "excluded_lines": 0, "percent_statements_covered": 42.857142857142854, "percent_statements_covered_display": "42.9"}, "missing_lines": [292, 293, 294, 296], "excluded_lines": []}, "": {"executed_lines": [1, 11, 12, 13, 14, 16, 18, 21, 22, 23, 25, 26, 27, 28, 31, 32, 33, 35, 36, 37, 39, 44, 45, 46, 48, 49, 50, 51, 53, 58, 59, 60, 62, 63, 64, 65, 66, 67, 68, 69, 71, 79, 85, 92, 93, 109, 122, 179, 212, 251, 280], "summary": {"covered_lines": 45, "num_statements": 45, "percent_covered": 100.0, "percent_covered_display": "100.0", "missing_lines": 0, "excluded_lines": 0, "percent_statements_covered": 100.0, "percent_statements_covered_display": "100.0"}, "missing_lines": [], "excluded_lines": []}}, "classes": {"DecayMode": {"executed_lines": [], "summary": {"covered_lines": 0, "num_statements": 0, "percent_covered": 100.0, "percent_covered_display": "100.0", "missing_lines": 0, "excluded_lines": 0, "percent_statements_covered": 100.0, "percent_statements_covered_display": "100.0"}, "missing_lines": [], "excluded_lines": []}, "GammaSpectrum": {"executed_lines": [], "summary": {"covered_lines": 0, "num_statements": 1, "percent_covered": 0.0, "percent_covered_display": "0.0", "missing_lines": 1, "excluded_lines": 0, "percent_statements_covered": 0.0, "percent_statements_covered_display": "0.0"}, "missing_lines": [41], "excluded_lines": []}, "BetaSpectrum": {"executed_lines": [], "summary": {"covered_lines": 0, "num_statements": 1, "percent_covered": 0.0, "percent_covered_display": "0.0", "missing_lines": 1, "excluded_lines": 0, "percent_statements_covered": 0.0, "percent_statements_covered_display": "0.0"}, "missing_lines": [55], "excluded_lines": []}, "DecayData": {"executed_lines": [], "summary": {"covered_lines": 0, "num_statements": 10, "percent_covered": 0.0, "percent_covered_display": "0.0", "missing_lines": 10, "excluded_lines": 0, "percent_statements_covered": 0.0, "percent_statements_covered_display": "0.0"}, "missing_lines": [73, 74, 76, 77, 81, 82, 83, 87, 88, 89], "excluded_lines": []}, "ENDFDecayParser": {"executed_lines": [111, 136, 137, 140, 141, 144, 145, 146, 150, 151, 152, 155, 173, 175, 176, 177, 191, 192, 194, 197, 199, 200, 201, 202, 204, 208, 223, 224, 227, 228, 230, 233, 234, 235, 237, 238, 239, 245, 246, 249, 262, 265, 266, 269, 270, 272, 276, 278, 290, 291, 297], "summary": {"covered_lines": 51, "num_statements": 69, "percent_covered": 73.91304347826087, "percent_covered_display": "73.9", "missing_lines": 18, "excluded_lines": 0, "percent_statements_covered": 73.91304347826087, "percent_statements_covered_display": "73.9"}, "missing_lines": [142, 158, 161, 163, 195, 205, 206, 209, 210, 225, 242, 243, 244, 267, 292, 293, 294, 296], "excluded_lines": []}, "": {"executed_lines": [1, 11, 12, 13, 14, 16, 18, 21, 22, 23, 25, 26, 27, 28, 31, 32, 33, 35, 36, 37, 39, 44, 45, 46, 48, 49, 50, 51, 53, 58, 59, 60, 62, 63, 64, 65, 66, 67, 68, 69, 71, 79, 85, 92, 93, 109, 122, 179, 212, 251, 280], "summary": {"covered_lines": 45, "num_statements": 45, "percent_covered": 100.0, "percent_covered_display": "100.0", "missing_lines": 0, "excluded_lines": 0, "percent_statements_covered": 100.0, "percent_statements_covered_display": "100.0"}, "missing_lines": [], "excluded_lines": []}}}, "smrforge\\core\\endf_extractors.py": {"executed_lines": [], "summary": {"covered_lines": 0, "num_statements": 100, "percent_covered": 0.0, "percent_covered_display": "0.0", "missing_lines": 100, "excluded_lines": 0, "percent_statements_covered": 0.0, "percent_statements_covered_display": "0.0"}, "missing_lines": [10, 11, 13, 14, 15, 18, 39, 40, 43, 51, 52, 55, 59, 61, 62, 64, 68, 69, 72, 73, 74, 76, 77, 78, 80, 82, 84, 87, 106, 109, 110, 111, 112, 114, 115, 116, 119, 122, 125, 126, 127, 129, 130, 131, 132, 133, 134, 135, 136, 137, 140, 141, 142, 145, 147, 150, 180, 181, 184, 185, 186, 191, 192, 196, 198, 201, 202, 203, 204, 205, 206, 207, 208, 211, 213, 214, 215, 217, 220, 221, 222, 223, 226, 231, 232, 235, 237, 239, 240, 241, 242, 243, 246, 247, 248, 251, 252, 253, 254, 256], "excluded_lines": [], "functions": {"extract_nu_from_endf": {"executed_lines": [], "summary": {"covered_lines": 0, "num_statements": 21, "percent_covered": 0.0, "percent_covered_display": "0.0", "missing_lines": 21, "excluded_lines": 0, "percent_statements_covered": 0.0, "percent_statements_covered_display": "0.0"}, "missing_lines": [39, 40, 43, 51, 52, 55, 59, 61, 62, 64, 68, 69, 72, 73, 74, 76, 77, 78, 80, 82, 84], "excluded_lines": []}, "extract_chi_from_endf": {"executed_lines": [], "summary": {"covered_lines": 0, "num_statements": 27, "percent_covered": 0.0, "percent_covered_display": "0.0", "missing_lines": 27, "excluded_lines": 0, "percent_statements_covered": 0.0, "percent_statements_covered_display": "0.0"}, "missing_lines": [106, 109, 110, 111, 112, 114, 115, 116, 119, 122, 125, 126, 127, 129, 130, 131, 132, 133, 134, 135, 136, 137, 140, 141, 142, 145, 147], "excluded_lines": []}, "compute_improved_scattering_matrix": {"executed_lines": [], "summary": {"covered_lines": 0, "num_statements": 44, "percent_covered": 0.0, "percent_covered_display": "0.0", "missing_lines": 44, "excluded_lines": 0, "percent_statements_covered": 0.0, "percent_statements_covered_display": "0.0"}, "missing_lines": [180, 181, 184, 185, 186, 191, 192, 196, 198, 201, 202, 203, 204, 205, 206, 207, 208, 211, 213, 214, 215, 217, 220, 221, 222, 223, 226, 231, 232, 235, 237, 239, 240, 241, 242, 243, 246, 247, 248, 251, 252, 253, 254, 256], "excluded_lines": []}, "": {"executed_lines": [], "summary": {"covered_lines": 0, "num_statements": 8, "percent_covered": 0.0, "percent_covered_display": "0.0", "missing_lines": 8, "excluded_lines": 0, "percent_statements_covered": 0.0, "percent_statements_covered_display": "0.0"}, "missing_lines": [10, 11, 13, 14, 15, 18, 87, 150], "excluded_lines": []}}, "classes": {"": {"executed_lines": [], "summary": {"covered_lines": 0, "num_statements": 100, "percent_covered": 0.0, "percent_covered_display": "0.0", "missing_lines": 100, "excluded_lines": 0, "percent_statements_covered": 0.0, "percent_statements_covered_display": "0.0"}, "missing_lines": [10, 11, 13, 14, 15, 18, 39, 40, 43, 51, 52, 55, 59, 61, 62, 64, 68, 69, 72, 73, 74, 76, 77, 78, 80, 82, 84, 87, 106, 109, 110, 111, 112, 114, 115, 116, 119, 122, 125, 126, 127, 129, 130, 131, 132, 133, 134, 135, 136, 137, 140, 141, 142, 145, 147, 150, 180, 181, 184, 185, 186, 191, 192, 196, 198, 201, 202, 203, 204, 205, 206, 207, 208, 211, 213, 214, 215, 217, 220, 221, 222, 223, 226, 231, 232, 235, 237, 239, 240, 241, 242, 243, 246, 247, 248, 251, 252, 253, 254, 256], "excluded_lines": []}}}, "smrforge\\core\\endf_parser.py": {"executed_lines": [1, 11, 12, 13, 14, 16, 18, 19, 21, 27, 28, 29, 31, 32, 33, 34, 36, 38, 39, 40, 41, 43, 44, 45, 48, 49, 52, 53, 63, 70, 71, 72, 74, 75, 77, 79, 81, 83, 85, 86, 87, 89, 97, 98, 100, 101, 102, 103, 112, 114, 123, 124, 126, 127, 128, 141, 143, 145, 146, 149, 152, 154, 157, 158, 159, 160, 162, 164, 165, 166, 169, 171, 172, 174, 175, 176, 177, 178, 179, 180, 181, 182, 183, 184, 185, 187, 196, 197, 198, 201, 202, 203, 205, 206, 207, 213, 214, 216, 217, 218, 225, 227, 236, 237, 240, 243, 246, 251, 252, 254, 256, 257, 260, 261, 262, 263, 266, 267, 268, 269, 273, 274, 275, 278, 279, 280, 284, 287, 291, 292, 294, 295, 298, 300, 301, 302, 303, 306, 307, 308, 309, 311, 313, 314, 317, 318, 321, 322, 323, 326, 328, 329, 330, 332, 334, 335, 337, 356, 360, 361, 375, 377, 379, 381, 383, 385, 388, 389, 390, 391, 392, 395, 403, 405, 407, 409, 411], "summary": {"covered_lines": 173, "num_statements": 182, "percent_covered": 95.05494505494505, "percent_covered_display": "95.1", "missing_lines": 9, "excluded_lines": 0, "percent_statements_covered": 95.05494505494505, "percent_statements_covered_display": "95.1"}, "missing_lines": [22, 23, 24, 208, 209, 210, 247, 248, 276], "excluded_lines": [], "functions": {"ReactionData.interpolate": {"executed_lines": [38, 39, 40, 41, 43, 44, 45, 48, 49], "summary": {"covered_lines": 9, "num_statements": 9, "percent_covered": 100.0, "percent_covered_display": "100.0", "missing_lines": 0, "excluded_lines": 0, "percent_statements_covered": 100.0, "percent_statements_covered_display": "100.0"}, "missing_lines": [], "excluded_lines": []}, "ENDFEvaluation.__init__": {"executed_lines": [70, 71, 72, 74, 75, 77], "summary": {"covered_lines": 6, "num_statements": 6, "percent_covered": 100.0, "percent_covered_display": "100.0", "missing_lines": 0, "excluded_lines": 0, "percent_statements_covered": 100.0, "percent_statements_covered_display": "100.0"}, "missing_lines": [], "excluded_lines": []}, "ENDFEvaluation.__contains__": {"executed_lines": [81], "summary": {"covered_lines": 1, "num_statements": 1, "percent_covered": 100.0, "percent_covered_display": "100.0", "missing_lines": 0, "excluded_lines": 0, "percent_statements_covered": 100.0, "percent_statements_covered_display": "100.0"}, "missing_lines": [], "excluded_lines": []}, "ENDFEvaluation.__getitem__": {"executed_lines": [85, 86, 87], "summary": {"covered_lines": 3, "num_statements": 3, "percent_covered": 100.0, "percent_covered_display": "100.0", "missing_lines": 0, "excluded_lines": 0, "percent_statements_covered": 100.0, "percent_statements_covered_display": "100.0"}, "missing_lines": [], "excluded_lines": []}, "ENDFEvaluation.to_polars": {"executed_lines": [97, 98, 100, 101, 102, 103, 112], "summary": {"covered_lines": 7, "num_statements": 7, "percent_covered": 100.0, "percent_covered_display": "100.0", "missing_lines": 0, "excluded_lines": 0, "percent_statements_covered": 100.0, "percent_statements_covered_display": "100.0"}, "missing_lines": [], "excluded_lines": []}, "ENDFEvaluation.get_reactions_dataframe": {"executed_lines": [123, 124, 126, 127, 128, 141], "summary": {"covered_lines": 6, "num_statements": 6, "percent_covered": 100.0, "percent_covered_display": "100.0", "missing_lines": 0, "excluded_lines": 0, "percent_statements_covered": 100.0, "percent_statements_covered_display": "100.0"}, "missing_lines": [], "excluded_lines": []}, "ENDFEvaluation._parse_file": {"executed_lines": [145, 146, 149, 152], "summary": {"covered_lines": 4, "num_statements": 4, "percent_covered": 100.0, "percent_covered_display": "100.0", "missing_lines": 0, "excluded_lines": 0, "percent_statements_covered": 100.0, "percent_statements_covered_display": "100.0"}, "missing_lines": [], "excluded_lines": []}, "ENDFEvaluation._parse_header": {"executed_lines": [157, 158, 159, 160, 162, 164, 165, 166, 169, 171, 172, 174, 175, 176, 177, 178, 179, 180, 181, 182, 183, 184, 185], "summary": {"covered_lines": 23, "num_statements": 23, "percent_covered": 100.0, "percent_covered_display": "100.0", "missing_lines": 0, "excluded_lines": 0, "percent_statements_covered": 100.0, "percent_statements_covered_display": "100.0"}, "missing_lines": [], "excluded_lines": []}, "ENDFEvaluation._parse_mf3": {"executed_lines": [196, 197, 198, 201, 202, 203, 205, 206, 207, 213, 214, 216, 217, 218, 225], "summary": {"covered_lines": 15, "num_statements": 18, "percent_covered": 83.33333333333333, "percent_covered_display": "83.3", "missing_lines": 3, "excluded_lines": 0, "percent_statements_covered": 83.33333333333333, "percent_statements_covered_display": "83.3"}, "missing_lines": [208, 209, 210], "excluded_lines": []}, "ENDFEvaluation._parse_mf3_section": {"executed_lines": [236, 237, 240, 243, 246, 251, 252, 254, 256, 257, 260, 261, 262, 263, 266, 267, 268, 269, 273, 274, 275, 278, 279, 280, 284, 287, 291, 292, 294, 295, 298, 300, 301, 302, 303, 306, 307, 308, 309, 311, 313, 314, 317, 318, 321, 322, 323, 326, 328, 329, 330, 332], "summary": {"covered_lines": 52, "num_statements": 55, "percent_covered": 94.54545454545455, "percent_covered_display": "94.5", "missing_lines": 3, "excluded_lines": 0, "percent_statements_covered": 94.54545454545455, "percent_statements_covered_display": "94.5"}, "missing_lines": [247, 248, 276], "excluded_lines": []}, "ENDFEvaluation._mt_to_reaction_name": {"executed_lines": [337, 356], "summary": {"covered_lines": 2, "num_statements": 2, "percent_covered": 100.0, "percent_covered_display": "100.0", "missing_lines": 0, "excluded_lines": 0, "percent_statements_covered": 100.0, "percent_statements_covered_display": "100.0"}, "missing_lines": [], "excluded_lines": []}, "ENDFCompatibility.__init__": {"executed_lines": [377], "summary": {"covered_lines": 1, "num_statements": 1, "percent_covered": 100.0, "percent_covered_display": "100.0", "missing_lines": 0, "excluded_lines": 0, "percent_statements_covered": 100.0, "percent_statements_covered_display": "100.0"}, "missing_lines": [], "excluded_lines": []}, "ENDFCompatibility.__contains__": {"executed_lines": [381], "summary": {"covered_lines": 1, "num_statements": 1, "percent_covered": 100.0, "percent_covered_display": "100.0", "missing_lines": 0, "excluded_lines": 0, "percent_statements_covered": 100.0, "percent_statements_covered_display": "100.0"}, "missing_lines": [], "excluded_lines": []}, "ENDFCompatibility.__getitem__": {"executed_lines": [385, 388, 389, 403], "summary": {"covered_lines": 4, "num_statements": 4, "percent_covered": 100.0, "percent_covered_display": "100.0", "missing_lines": 0, "excluded_lines": 0, "percent_statements_covered": 100.0, "percent_statements_covered_display": "100.0"}, "missing_lines": [], "excluded_lines": []}, "ENDFCompatibility.__getitem__.ReactionWrapper.__init__": {"executed_lines": [390, 391, 392, 395], "summary": {"covered_lines": 4, "num_statements": 4, "percent_covered": 100.0, "percent_covered_display": "100.0", "missing_lines": 0, "excluded_lines": 0, "percent_statements_covered": 100.0, "percent_statements_covered_display": "100.0"}, "missing_lines": [], "excluded_lines": []}, "ENDFCompatibility.to_polars": {"executed_lines": [407], "summary": {"covered_lines": 1, "num_statements": 1, "percent_covered": 100.0, "percent_covered_display": "100.0", "missing_lines": 0, "excluded_lines": 0, "percent_statements_covered": 100.0, "percent_statements_covered_display": "100.0"}, "missing_lines": [], "excluded_lines": []}, "ENDFCompatibility.get_reactions_dataframe": {"executed_lines": [411], "summary": {"covered_lines": 1, "num_statements": 1, "percent_covered": 100.0, "percent_covered_display": "100.0", "missing_lines": 0, "excluded_lines": 0, "percent_statements_covered": 100.0, "percent_statements_covered_display": "100.0"}, "missing_lines": [], "excluded_lines": []}, "": {"executed_lines": [1, 11, 12, 13, 14, 16, 18, 19, 21, 27, 28, 29, 31, 32, 33, 34, 36, 52, 53, 63, 79, 83, 89, 114, 143, 154, 187, 227, 334, 335, 360, 361, 375, 379, 383, 405, 409], "summary": {"covered_lines": 33, "num_statements": 36, "percent_covered": 91.66666666666667, "percent_covered_display": "91.7", "missing_lines": 3, "excluded_lines": 0, "percent_statements_covered": 91.66666666666667, "percent_statements_covered_display": "91.7"}, "missing_lines": [22, 23, 24], "excluded_lines": []}}, "classes": {"ReactionData": {"executed_lines": [38, 39, 40, 41, 43, 44, 45, 48, 49], "summary": {"covered_lines": 9, "num_statements": 9, "percent_covered": 100.0, "percent_covered_display": "100.0", "missing_lines": 0, "excluded_lines": 0, "percent_statements_covered": 100.0, "percent_statements_covered_display": "100.0"}, "missing_lines": [], "excluded_lines": []}, "ENDFEvaluation": {"executed_lines": [70, 71, 72, 74, 75, 77, 81, 85, 86, 87, 97, 98, 100, 101, 102, 103, 112, 123, 124, 126, 127, 128, 141, 145, 146, 149, 152, 157, 158, 159, 160, 162, 164, 165, 166, 169, 171, 172, 174, 175, 176, 177, 178, 179, 180, 181, 182, 183, 184, 185, 196, 197, 198, 201, 202, 203, 205, 206, 207, 213, 214, 216, 217, 218, 225, 236, 237, 240, 243, 246, 251, 252, 254, 256, 257, 260, 261, 262, 263, 266, 267, 268, 269, 273, 274, 275, 278, 279, 280, 284, 287, 291, 292, 294, 295, 298, 300, 301, 302, 303, 306, 307, 308, 309, 311, 313, 314, 317, 318, 321, 322, 323, 326, 328, 329, 330, 332, 337, 356], "summary": {"covered_lines": 119, "num_statements": 125, "percent_covered": 95.2, "percent_covered_display": "95.2", "missing_lines": 6, "excluded_lines": 0, "percent_statements_covered": 95.2, "percent_statements_covered_display": "95.2"}, "missing_lines": [208, 209, 210, 247, 248, 276], "excluded_lines": []}, "ENDFCompatibility": {"executed_lines": [377, 381, 385, 388, 389, 403, 407, 411], "summary": {"covered_lines": 8, "num_statements": 8, "percent_covered": 100.0, "percent_covered_display": "100.0", "missing_lines": 0, "excluded_lines": 0, "percent_statements_covered": 100.0, "percent_statements_covered_display": "100.0"}, "missing_lines": [], "excluded_lines": []}, "ENDFCompatibility.__getitem__.ReactionWrapper": {"executed_lines": [390, 391, 392, 395], "summary": {"covered_lines": 4, "num_statements": 4, "percent_covered": 100.0, "percent_covered_display": "100.0", "missing_lines": 0, "excluded_lines": 0, "percent_statements_covered": 100.0, "percent_statements_covered_display": "100.0"}, "missing_lines": [], "excluded_lines": []}, "": {"executed_lines": [1, 11, 12, 13, 14, 16, 18, 19, 21, 27, 28, 29, 31, 32, 33, 34, 36, 52, 53, 63, 79, 83, 89, 114, 143, 154, 187, 227, 334, 335, 360, 361, 375, 379, 383, 405, 409], "summary": {"covered_lines": 33, "num_statements": 36, "percent_covered": 91.66666666666667, "percent_covered_display": "91.7", "missing_lines": 3, "excluded_lines": 0, "percent_statements_covered": 91.66666666666667, "percent_statements_covered_display": "91.7"}, "missing_lines": [22, 23, 24], "excluded_lines": []}}}, "smrforge\\core\\endf_setup.py": {"executed_lines": [1, 8, 9, 10, 12, 20, 27, 32, 37, 42, 47, 80, 237, 279, 348], "summary": {"covered_lines": 13, "num_statements": 208, "percent_covered": 6.25, "percent_covered_display": "6.2", "missing_lines": 195, "excluded_lines": 9, "percent_statements_covered": 6.25, "percent_statements_covered_display": "6.2"}, "missing_lines": [22, 23, 24, 29, 34, 39, 44, 54, 55, 56, 57, 58, 59, 60, 61, 64, 65, 66, 67, 68, 69, 70, 71, 72, 74, 75, 77, 82, 83, 84, 85, 86, 87, 89, 90, 92, 93, 94, 95, 97, 98, 99, 101, 102, 103, 104, 105, 106, 108, 109, 110, 111, 114, 115, 117, 118, 120, 121, 122, 123, 124, 126, 127, 128, 129, 130, 131, 133, 134, 135, 136, 139, 140, 141, 142, 144, 145, 146, 149, 150, 151, 152, 153, 154, 155, 157, 159, 160, 161, 162, 163, 164, 165, 167, 168, 169, 176, 177, 178, 179, 181, 182, 183, 185, 187, 188, 189, 192, 193, 195, 196, 199, 200, 206, 207, 208, 209, 210, 211, 212, 213, 215, 217, 219, 220, 221, 224, 225, 226, 227, 228, 229, 230, 231, 232, 234, 239, 241, 242, 243, 244, 245, 246, 248, 249, 250, 252, 253, 254, 256, 257, 258, 260, 261, 262, 264, 267, 268, 270, 271, 273, 274, 275, 276, 291, 292, 294, 296, 307, 308, 309, 311, 313, 314, 315, 316, 318, 319, 320, 323, 324, 325, 328, 329, 330, 331, 333, 335, 336, 338, 339, 341, 343, 344, 345], "excluded_lines": [348, 349, 350, 351, 352, 353, 354, 355, 356], "functions": {"print_step": {"executed_lines": [], "summary": {"covered_lines": 0, "num_statements": 3, "percent_covered": 0.0, "percent_covered_display": "0.0", "missing_lines": 3, "excluded_lines": 0, "percent_statements_covered": 0.0, "percent_statements_covered_display": "0.0"}, "missing_lines": [22, 23, 24], "excluded_lines": []}, "print_success": {"executed_lines": [], "summary": {"covered_lines": 0, "num_statements": 1, "percent_covered": 0.0, "percent_covered_display": "0.0", "missing_lines": 1, "excluded_lines": 0, "percent_statements_covered": 0.0, "percent_statements_covered_display": "0.0"}, "missing_lines": [29], "excluded_lines": []}, "print_error": {"executed_lines": [], "summary": {"covered_lines": 0, "num_statements": 1, "percent_covered": 0.0, "percent_covered_display": "0.0", "missing_lines": 1, "excluded_lines": 0, "percent_statements_covered": 0.0, "percent_statements_covered_display": "0.0"}, "missing_lines": [34], "excluded_lines": []}, "print_info": {"executed_lines": [], "summary": {"covered_lines": 0, "num_statements": 1, "percent_covered": 0.0, "percent_covered_display": "0.0", "missing_lines": 1, "excluded_lines": 0, "percent_statements_covered": 0.0, "percent_statements_covered_display": "0.0"}, "missing_lines": [39], "excluded_lines": []}, "print_warning": {"executed_lines": [], "summary": {"covered_lines": 0, "num_statements": 1, "percent_covered": 0.0, "percent_covered_display": "0.0", "missing_lines": 1, "excluded_lines": 0, "percent_statements_covered": 0.0, "percent_statements_covered_display": "0.0"}, "missing_lines": [44], "excluded_lines": []}, "setup_endf_data_interactive": {"executed_lines": [], "summary": {"covered_lines": 0, "num_statements": 20, "percent_covered": 0.0, "percent_covered_display": "0.0", "missing_lines": 20, "excluded_lines": 0, "percent_statements_covered": 0.0, "percent_statements_covered_display": "0.0"}, "missing_lines": [54, 55, 56, 57, 58, 59, 60, 61, 64, 65, 66, 67, 68, 69, 70, 71, 72, 74, 75, 77], "excluded_lines": []}, "setup_existing_files": {"executed_lines": [], "summary": {"covered_lines": 0, "num_statements": 109, "percent_covered": 0.0, "percent_covered_display": "0.0", "missing_lines": 109, "excluded_lines": 0, "percent_statements_covered": 0.0, "percent_statements_covered_display": "0.0"}, "missing_lines": [82, 83, 84, 85, 86, 87, 89, 90, 92, 93, 94, 95, 97, 98, 99, 101, 102, 103, 104, 105, 106, 108, 109, 110, 111, 114, 115, 117, 118, 120, 121, 122, 123, 124, 126, 127, 128, 129, 130, 131, 133, 134, 135, 136, 139, 140, 141, 142, 144, 145, 146, 149, 150, 151, 152, 153, 154, 155, 157, 159, 160, 161, 162, 163, 164, 165, 167, 168, 169, 176, 177, 178, 179, 181, 182, 183, 185, 187, 188, 189, 192, 193, 195, 196, 199, 200, 206, 207, 208, 209, 210, 211, 212, 213, 215, 217, 219, 220, 221, 224, 225, 226, 227, 228, 229, 230, 231, 232, 234], "excluded_lines": []}, "setup_download_instructions": {"executed_lines": [], "summary": {"covered_lines": 0, "num_statements": 28, "percent_covered": 0.0, "percent_covered_display": "0.0", "missing_lines": 28, "excluded_lines": 0, "percent_statements_covered": 0.0, "percent_statements_covered_display": "0.0"}, "missing_lines": [239, 241, 242, 243, 244, 245, 246, 248, 249, 250, 252, 253, 254, 256, 257, 258, 260, 261, 262, 264, 267, 268, 270, 271, 273, 274, 275, 276], "excluded_lines": []}, "validate_endf_setup": {"executed_lines": [], "summary": {"covered_lines": 0, "num_statements": 31, "percent_covered": 0.0, "percent_covered_display": "0.0", "missing_lines": 31, "excluded_lines": 0, "percent_statements_covered": 0.0, "percent_statements_covered_display": "0.0"}, "missing_lines": [291, 292, 294, 296, 307, 308, 309, 311, 313, 314, 315, 316, 318, 319, 320, 323, 324, 325, 328, 329, 330, 331, 333, 335, 336, 338, 339, 341, 343, 344, 345], "excluded_lines": []}, "": {"executed_lines": [1, 8, 9, 10, 12, 20, 27, 32, 37, 42, 47, 80, 237, 279, 348], "summary": {"covered_lines": 13, "num_statements": 13, "percent_covered": 100.0, "percent_covered_display": "100.0", "missing_lines": 0, "excluded_lines": 9, "percent_statements_covered": 100.0, "percent_statements_covered_display": "100.0"}, "missing_lines": [], "excluded_lines": [348, 349, 350, 351, 352, 353, 354, 355, 356]}}, "classes": {"": {"executed_lines": [1, 8, 9, 10, 12, 20, 27, 32, 37, 42, 47, 80, 237, 279, 348], "summary": {"covered_lines": 13, "num_statements": 208, "percent_covered": 6.25, "percent_covered_display": "6.2", "missing_lines": 195, "excluded_lines": 9, "percent_statements_covered": 6.25, "percent_statements_covered_display": "6.2"}, "missing_lines": [22, 23, 24, 29, 34, 39, 44, 54, 55, 56, 57, 58, 59, 60, 61, 64, 65, 66, 67, 68, 69, 70, 71, 72, 74, 75, 77, 82, 83, 84, 85, 86, 87, 89, 90, 92, 93, 94, 95, 97, 98, 99, 101, 102, 103, 104, 105, 106, 108, 109, 110, 111, 114, 115, 117, 118, 120, 121, 122, 123, 124, 126, 127, 128, 129, 130, 131, 133, 134, 135, 136, 139, 140, 141, 142, 144, 145, 146, 149, 150, 151, 152, 153, 154, 155, 157, 159, 160, 161, 162, 163, 164, 165, 167, 168, 169, 176, 177, 178, 179, 181, 182, 183, 185, 187, 188, 189, 192, 193, 195, 196, 199, 200, 206, 207, 208, 209, 210, 211, 212, 213, 215, 217, 219, 220, 221, 224, 225, 226, 227, 228, 229, 230, 231, 232, 234, 239, 241, 242, 243, 244, 245, 246, 248, 249, 250, 252, 253, 254, 256, 257, 258, 260, 261, 262, 264, 267, 268, 270, 271, 273, 274, 275, 276, 291, 292, 294, 296, 307, 308, 309, 311, 313, 314, 315, 316, 318, 319, 320, 323, 324, 325, 328, 329, 330, 331, 333, 335, 336, 338, 339, 341, 343, 344, 345], "excluded_lines": [348, 349, 350, 351, 352, 353, 354, 355, 356]}}}, "smrforge\\core\\fission_yield_parser.py": {"executed_lines": [1, 11, 12, 13, 14, 16, 18, 21, 22, 23, 25, 26, 27, 28, 29, 32, 33, 34, 36, 37, 38, 39, 41, 52, 53, 55, 56, 58, 68, 69, 70, 71, 74, 75, 91, 93, 95, 109, 110, 113, 114, 117, 118, 119, 122, 123, 126, 127, 129, 140, 142, 153, 165, 166, 168, 171, 173, 174, 175, 176, 178, 182, 186, 197, 200, 201, 204, 205, 207, 212, 214], "summary": {"covered_lines": 67, "num_statements": 81, "percent_covered": 82.71604938271605, "percent_covered_display": "82.7", "missing_lines": 14, "excluded_lines": 0, "percent_statements_covered": 82.71604938271605, "percent_statements_covered_display": "82.7"}, "missing_lines": [115, 130, 131, 133, 147, 149, 150, 151, 169, 179, 180, 183, 184, 202], "excluded_lines": [], "functions": {"FissionYieldData.get_yield": {"executed_lines": [52, 53, 55, 56], "summary": {"covered_lines": 4, "num_statements": 4, "percent_covered": 100.0, "percent_covered_display": "100.0", "missing_lines": 0, "excluded_lines": 0, "percent_statements_covered": 100.0, "percent_statements_covered_display": "100.0"}, "missing_lines": [], "excluded_lines": []}, "FissionYieldData.get_total_yield": {"executed_lines": [68, 69, 70, 71], "summary": {"covered_lines": 4, "num_statements": 4, "percent_covered": 100.0, "percent_covered_display": "100.0", "missing_lines": 0, "excluded_lines": 0, "percent_statements_covered": 100.0, "percent_statements_covered_display": "100.0"}, "missing_lines": [], "excluded_lines": []}, "ENDFFissionYieldParser.__init__": {"executed_lines": [93], "summary": {"covered_lines": 1, "num_statements": 1, "percent_covered": 100.0, "percent_covered_display": "100.0", "missing_lines": 0, "excluded_lines": 0, "percent_statements_covered": 100.0, "percent_statements_covered_display": "100.0"}, "missing_lines": [], "excluded_lines": []}, "ENDFFissionYieldParser.parse_file": {"executed_lines": [109, 110, 113, 114, 117, 118, 119, 122, 123, 126, 127, 129, 140, 142], "summary": {"covered_lines": 14, "num_statements": 22, "percent_covered": 63.63636363636363, "percent_covered_display": "63.6", "missing_lines": 8, "excluded_lines": 0, "percent_statements_covered": 63.63636363636363, "percent_statements_covered_display": "63.6"}, "missing_lines": [115, 130, 131, 133, 147, 149, 150, 151], "excluded_lines": []}, "ENDFFissionYieldParser._parse_filename": {"executed_lines": [165, 166, 168, 171, 173, 174, 175, 176, 178, 182], "summary": {"covered_lines": 10, "num_statements": 15, "percent_covered": 66.66666666666667, "percent_covered_display": "66.7", "missing_lines": 5, "excluded_lines": 0, "percent_statements_covered": 66.66666666666667, "percent_statements_covered_display": "66.7"}, "missing_lines": [169, 179, 180, 183, 184], "excluded_lines": []}, "ENDFFissionYieldParser._parse_yields": {"executed_lines": [197, 200, 201, 204, 205, 207, 212, 214], "summary": {"covered_lines": 8, "num_statements": 9, "percent_covered": 88.88888888888889, "percent_covered_display": "88.9", "missing_lines": 1, "excluded_lines": 0, "percent_statements_covered": 88.88888888888889, "percent_statements_covered_display": "88.9"}, "missing_lines": [202], "excluded_lines": []}, "": {"executed_lines": [1, 11, 12, 13, 14, 16, 18, 21, 22, 23, 25, 26, 27, 28, 29, 32, 33, 34, 36, 37, 38, 39, 41, 58, 74, 75, 91, 95, 153, 186], "summary": {"covered_lines": 26, "num_statements": 26, "percent_covered": 100.0, "percent_covered_display": "100.0", "missing_lines": 0, "excluded_lines": 0, "percent_statements_covered": 100.0, "percent_statements_covered_display": "100.0"}, "missing_lines": [], "excluded_lines": []}}, "classes": {"FissionYield": {"executed_lines": [], "summary": {"covered_lines": 0, "num_statements": 0, "percent_covered": 100.0, "percent_covered_display": "100.0", "missing_lines": 0, "excluded_lines": 0, "percent_statements_covered": 100.0, "percent_statements_covered_display": "100.0"}, "missing_lines": [], "excluded_lines": []}, "FissionYieldData": {"executed_lines": [52, 53, 55, 56, 68, 69, 70, 71], "summary": {"covered_lines": 8, "num_statements": 8, "percent_covered": 100.0, "percent_covered_display": "100.0", "missing_lines": 0, "excluded_lines": 0, "percent_statements_covered": 100.0, "percent_statements_covered_display": "100.0"}, "missing_lines": [], "excluded_lines": []}, "ENDFFissionYieldParser": {"executed_lines": [93, 109, 110, 113, 114, 117, 118, 119, 122, 123, 126, 127, 129, 140, 142, 165, 166, 168, 171, 173, 174, 175, 176, 178, 182, 197, 200, 201, 204, 205, 207, 212, 214], "summary": {"covered_lines": 33, "num_statements": 47, "percent_covered": 70.2127659574468, "percent_covered_display": "70.2", "missing_lines": 14, "excluded_lines": 0, "percent_statements_covered": 70.2127659574468, "percent_statements_covered_display": "70.2"}, "missing_lines": [115, 130, 131, 133, 147, 149, 150, 151, 169, 179, 180, 183, 184, 202], "excluded_lines": []}, "": {"executed_lines": [1, 11, 12, 13, 14, 16, 18, 21, 22, 23, 25, 26, 27, 28, 29, 32, 33, 34, 36, 37, 38, 39, 41, 58, 74, 75, 91, 95, 153, 186], "summary": {"covered_lines": 26, "num_statements": 26, "percent_covered": 100.0, "percent_covered_display": "100.0", "missing_lines": 0, "excluded_lines": 0, "percent_statements_covered": 100.0, "percent_statements_covered_display": "100.0"}, "missing_lines": [], "excluded_lines": []}}}, "smrforge\\core\\gamma_production_parser.py": {"executed_lines": [1, 11, 12, 13, 14, 16, 18, 21, 22, 23, 25, 26, 27, 28, 29, 32, 33, 34, 36, 37, 38, 40, 56, 71, 72, 88, 97, 136, 166, 206, 247], "summary": {"covered_lines": 27, "num_statements": 132, "percent_covered": 20.454545454545453, "percent_covered_display": "20.5", "missing_lines": 105, "excluded_lines": 0, "percent_statements_covered": 20.454545454545453, "percent_statements_covered_display": "20.5"}, "missing_lines": [51, 52, 53, 54, 67, 68, 90, 107, 108, 111, 112, 113, 115, 116, 117, 120, 123, 125, 131, 132, 133, 134, 143, 149, 150, 151, 152, 153, 154, 155, 156, 157, 158, 159, 160, 161, 162, 164, 173, 176, 177, 178, 180, 181, 182, 184, 185, 186, 187, 188, 191, 194, 195, 196, 204, 213, 216, 217, 218, 219, 221, 222, 223, 225, 226, 227, 228, 229, 232, 235, 236, 237, 245, 261, 262, 264, 265, 266, 267, 268, 269, 272, 273, 274, 277, 278, 281, 282, 283, 284, 285, 287, 289, 290, 292, 293, 295, 296, 297, 298, 299, 301, 303, 304, 306], "excluded_lines": [], "functions": {"GammaProductionData.get_total_gamma_yield": {"executed_lines": [], "summary": {"covered_lines": 0, "num_statements": 4, "percent_covered": 0.0, "percent_covered_display": "0.0", "missing_lines": 4, "excluded_lines": 0, "percent_statements_covered": 0.0, "percent_statements_covered_display": "0.0"}, "missing_lines": [51, 52, 53, 54], "excluded_lines": []}, "GammaProductionData.get_gamma_spectrum": {"executed_lines": [], "summary": {"covered_lines": 0, "num_statements": 2, "percent_covered": 0.0, "percent_covered_display": "0.0", "missing_lines": 2, "excluded_lines": 0, "percent_statements_covered": 0.0, "percent_statements_covered_display": "0.0"}, "missing_lines": [67, 68], "excluded_lines": []}, "ENDFGammaProductionParser.__init__": {"executed_lines": [], "summary": {"covered_lines": 0, "num_statements": 1, "percent_covered": 0.0, "percent_covered_display": "0.0", "missing_lines": 1, "excluded_lines": 0, "percent_statements_covered": 0.0, "percent_statements_covered_display": "0.0"}, "missing_lines": [90], "excluded_lines": []}, "ENDFGammaProductionParser.parse_file": {"executed_lines": [], "summary": {"covered_lines": 0, "num_statements": 15, "percent_covered": 0.0, "percent_covered_display": "0.0", "missing_lines": 15, "excluded_lines": 0, "percent_statements_covered": 0.0, "percent_statements_covered_display": "0.0"}, "missing_lines": [107, 108, 111, 112, 113, 115, 116, 117, 120, 123, 125, 131, 132, 133, 134], "excluded_lines": []}, "ENDFGammaProductionParser._parse_filename": {"executed_lines": [], "summary": {"covered_lines": 0, "num_statements": 16, "percent_covered": 0.0, "percent_covered_display": "0.0", "missing_lines": 16, "excluded_lines": 0, "percent_statements_covered": 0.0, "percent_statements_covered_display": "0.0"}, "missing_lines": [143, 149, 150, 151, 152, 153, 154, 155, 156, 157, 158, 159, 160, 161, 162, 164], "excluded_lines": []}, "ENDFGammaProductionParser._parse_mf12": {"executed_lines": [], "summary": {"covered_lines": 0, "num_statements": 17, "percent_covered": 0.0, "percent_covered_display": "0.0", "missing_lines": 17, "excluded_lines": 0, "percent_statements_covered": 0.0, "percent_statements_covered_display": "0.0"}, "missing_lines": [173, 176, 177, 178, 180, 181, 182, 184, 185, 186, 187, 188, 191, 194, 195, 196, 204], "excluded_lines": []}, "ENDFGammaProductionParser._parse_mf13_14": {"executed_lines": [], "summary": {"covered_lines": 0, "num_statements": 18, "percent_covered": 0.0, "percent_covered_display": "0.0", "missing_lines": 18, "excluded_lines": 0, "percent_statements_covered": 0.0, "percent_statements_covered_display": "0.0"}, "missing_lines": [213, 216, 217, 218, 219, 221, 222, 223, 225, 226, 227, 228, 229, 232, 235, 236, 237, 245], "excluded_lines": []}, "ENDFGammaProductionParser._parse_gamma_spectrum_section": {"executed_lines": [], "summary": {"covered_lines": 0, "num_statements": 32, "percent_covered": 0.0, "percent_covered_display": "0.0", "missing_lines": 32, "excluded_lines": 0, "percent_statements_covered": 0.0, "percent_statements_covered_display": "0.0"}, "missing_lines": [261, 262, 264, 265, 266, 267, 268, 269, 272, 273, 274, 277, 278, 281, 282, 283, 284, 285, 287, 289, 290, 292, 293, 295, 296, 297, 298, 299, 301, 303, 304, 306], "excluded_lines": []}, "": {"executed_lines": [1, 11, 12, 13, 14, 16, 18, 21, 22, 23, 25, 26, 27, 28, 29, 32, 33, 34, 36, 37, 38, 40, 56, 71, 72, 88, 97, 136, 166, 206, 247], "summary": {"covered_lines": 27, "num_statements": 27, "percent_covered": 100.0, "percent_covered_display": "100.0", "missing_lines": 0, "excluded_lines": 0, "percent_statements_covered": 100.0, "percent_statements_covered_display": "100.0"}, "missing_lines": [], "excluded_lines": []}}, "classes": {"GammaProductionSpectrum": {"executed_lines": [], "summary": {"covered_lines": 0, "num_statements": 0, "percent_covered": 100.0, "percent_covered_display": "100.0", "missing_lines": 0, "excluded_lines": 0, "percent_statements_covered": 100.0, "percent_statements_covered_display": "100.0"}, "missing_lines": [], "excluded_lines": []}, "GammaProductionData": {"executed_lines": [], "summary": {"covered_lines": 0, "num_statements": 6, "percent_covered": 0.0, "percent_covered_display": "0.0", "missing_lines": 6, "excluded_lines": 0, "percent_statements_covered": 0.0, "percent_statements_covered_display": "0.0"}, "missing_lines": [51, 52, 53, 54, 67, 68], "excluded_lines": []}, "ENDFGammaProductionParser": {"executed_lines": [], "summary": {"covered_lines": 0, "num_statements": 99, "percent_covered": 0.0, "percent_covered_display": "0.0", "missing_lines": 99, "excluded_lines": 0, "percent_statements_covered": 0.0, "percent_statements_covered_display": "0.0"}, "missing_lines": [90, 107, 108, 111, 112, 113, 115, 116, 117, 120, 123, 125, 131, 132, 133, 134, 143, 149, 150, 151, 152, 153, 154, 155, 156, 157, 158, 159, 160, 161, 162, 164, 173, 176, 177, 178, 180, 181, 182, 184, 185, 186, 187, 188, 191, 194, 195, 196, 204, 213, 216, 217, 218, 219, 221, 222, 223, 225, 226, 227, 228, 229, 232, 235, 236, 237, 245, 261, 262, 264, 265, 266, 267, 268, 269, 272, 273, 274, 277, 278, 281, 282, 283, 284, 285, 287, 289, 290, 292, 293, 295, 296, 297, 298, 299, 301, 303, 304, 306], "excluded_lines": []}, "": {"executed_lines": [1, 11, 12, 13, 14, 16, 18, 21, 22, 23, 25, 26, 27, 28, 29, 32, 33, 34, 36, 37, 38, 40, 56, 71, 72, 88, 97, 136, 166, 206, 247], "summary": {"covered_lines": 27, "num_statements": 27, "percent_covered": 100.0, "percent_covered_display": "100.0", "missing_lines": 0, "excluded_lines": 0, "percent_statements_covered": 100.0, "percent_statements_covered_display": "100.0"}, "missing_lines": [], "excluded_lines": []}}}, "smrforge\\core\\material_mapping.py": {"executed_lines": [1, 9, 10, 12, 15, 16, 17, 26, 27, 28, 30, 32, 36, 37, 38, 43, 44, 54, 129, 147, 159, 160, 183, 184, 207, 208, 228, 229], "summary": {"covered_lines": 25, "num_statements": 61, "percent_covered": 40.98360655737705, "percent_covered_display": "41.0", "missing_lines": 36, "excluded_lines": 0, "percent_statements_covered": 40.98360655737705, "percent_statements_covered_display": "41.0"}, "missing_lines": [33, 40, 170, 173, 174, 177, 178, 179, 181, 194, 197, 198, 201, 202, 203, 205, 220, 221, 222, 225, 226, 246, 247, 249, 250, 253, 254, 256, 257, 259, 260, 261, 262, 264, 265, 267], "excluded_lines": [], "functions": {"MaterialComposition.__post_init__": {"executed_lines": [32, 36, 37, 38], "summary": {"covered_lines": 4, "num_statements": 6, "percent_covered": 66.66666666666667, "percent_covered_display": "66.7", "missing_lines": 2, "excluded_lines": 0, "percent_statements_covered": 66.66666666666667, "percent_statements_covered_display": "66.7"}, "missing_lines": [33, 40], "excluded_lines": []}, "MaterialMapper.get_composition": {"executed_li
[...]
, "missing_lines": [], "excluded_lines": []}, "TransientConditions.validate_times": {"executed_lines": [606, 607, 609, 610], "summary": {"covered_lines": 4, "num_statements": 5, "percent_covered": 80.0, "percent_covered_display": "80.0", "missing_lines": 1, "excluded_lines": 0, "percent_statements_covered": 80.0, "percent_statements_covered_display": "80.0"}, "missing_lines": [612], "excluded_lines": []}, "load_reactor_from_json": {"executed_lines": [675, 676], "summary": {"covered_lines": 2, "num_statements": 2, "percent_covered": 100.0, "percent_covered_display": "100.0", "missing_lines": 0, "excluded_lines": 0, "percent_statements_covered": 100.0, "percent_statements_covered_display": "100.0"}, "missing_lines": [], "excluded_lines": []}, "save_reactor_to_json": {"executed_lines": [681, 682], "summary": {"covered_lines": 2, "num_statements": 2, "percent_covered": 100.0, "percent_covered_display": "100.0", "missing_lines": 0, "excluded_lines": 0, "percent_statements_covered": 100.0, "percent_statements_covered_display": "100.0"}, "missing_lines": [], "excluded_lines": []}, "load_reactor_from_yaml": {"executed_lines": [687, 689, 690, 691], "summary": {"covered_lines": 4, "num_statements": 4, "percent_covered": 100.0, "percent_covered_display": "100.0", "missing_lines": 0, "excluded_lines": 0, "percent_statements_covered": 100.0, "percent_statements_covered_display": "100.0"}, "missing_lines": [], "excluded_lines": []}, "": {"executed_lines": [2, 7, 8, 9, 10, 12, 13, 22, 29, 38, 50, 60, 61, 62, 70, 71, 73, 74, 75, 76, 79, 80, 82, 83, 84, 85, 88, 89, 91, 92, 93, 94, 97, 98, 100, 101, 102, 103, 111, 112, 118, 119, 120, 123, 128, 129, 134, 137, 140, 145, 150, 151, 152, 157, 158, 161, 166, 171, 172, 173, 178, 181, 184, 187, 192, 200, 201, 224, 225, 242, 243, 261, 262, 278, 279, 280, 295, 296, 300, 301, 307, 308, 319, 320, 324, 325, 329, 330, 338, 373, 374, 377, 380, 383, 386, 389, 394, 397, 402, 405, 409, 410, 423, 426, 427, 429, 430, 433, 434, 435, 436, 439, 442, 445, 447, 448, 468, 469, 495, 500, 501, 503, 506, 509, 512, 515, 518, 519, 522, 526, 527, 528, 536, 539, 540, 542, 546, 550, 552, 554, 555, 570, 571, 575, 578, 579, 581, 582, 585, 588, 590, 591, 593, 594, 596, 599, 603, 604, 614, 622, 623, 628, 632, 637, 642, 645, 648, 651, 656, 660, 673, 679, 685, 698], "summary": {"covered_lines": 161, "num_statements": 161, "percent_covered": 100.0, "percent_covered_display": "100.0", "missing_lines": 0, "excluded_lines": 25, "percent_statements_covered": 100.0, "percent_statements_covered_display": "100.0"}, "missing_lines": [], "excluded_lines": [698, 699, 701, 703, 706, 707, 708, 730, 731, 732, 733, 734, 735, 738, 739, 740, 761, 762, 765, 766, 767, 770, 771, 774, 775]}}, "classes": {"ReactorType": {"executed_lines": [], "summary": {"covered_lines": 0, "num_statements": 0, "percent_covered": 100.0, "percent_covered_display": "100.0", "missing_lines": 0, "excluded_lines": 0, "percent_statements_covered": 100.0, "percent_statements_covered_display": "100.0"}, "missing_lines": [], "excluded_lines": []}, "FuelType": {"executed_lines": [], "summary": {"covered_lines": 0, "num_statements": 0, "percent_covered": 100.0, "percent_covered_display": "100.0", "missing_lines": 0, "excluded_lines": 0, "percent_statements_covered": 100.0, "percent_statements_covered_display": "100.0"}, "missing_lines": [], "excluded_lines": []}, "EnrichmentClass": {"executed_lines": [], "summary": {"covered_lines": 0, "num_statements": 0, "percent_covered": 100.0, "percent_covered_display": "100.0", "missing_lines": 0, "excluded_lines": 0, "percent_statements_covered": 100.0, "percent_statements_covered_display": "100.0"}, "missing_lines": [], "excluded_lines": []}, "GraphiteGrade": {"executed_lines": [], "summary": {"covered_lines": 0, "num_statements": 0, "percent_covered": 100.0, "percent_covered_display": "100.0", "missing_lines": 0, "excluded_lines": 0, "percent_statements_covered": 100.0, "percent_statements_covered_display": "100.0"}, "missing_lines": [], "excluded_lines": []}, "ReactorSpecification": {"executed_lines": [203, 204, 209, 210, 216, 217, 218, 219, 220, 222, 227, 229, 230, 234, 235, 240, 245, 247, 248, 253, 254, 259, 264, 265, 267, 268, 270, 271, 276, 282, 287, 288, 289, 298, 303, 304, 305, 310, 311, 312, 313, 314, 315, 317, 322, 327, 332], "summary": {"covered_lines": 47, "num_statements": 48, "percent_covered": 97.91666666666667, "percent_covered_display": "97.9", "missing_lines": 1, "excluded_lines": 0, "percent_statements_covered": 97.91666666666667, "percent_statements_covered_display": "97.9"}, "missing_lines": [283], "excluded_lines": []}, "GeometryParameters": {"executed_lines": [412, 413, 415, 416, 418, 419, 421], "summary": {"covered_lines": 7, "num_statements": 7, "percent_covered": 100.0, "percent_covered_display": "100.0", "missing_lines": 0, "excluded_lines": 0, "percent_statements_covered": 100.0, "percent_statements_covered_display": "100.0"}, "missing_lines": [], "excluded_lines": []}, "CrossSectionData": {"executed_lines": [450, 452, 453, 454, 460, 461, 466, 472, 473, 476, 477, 480, 484, 486, 487, 488, 493], "summary": {"covered_lines": 17, "num_statements": 21, "percent_covered": 80.95238095238095, "percent_covered_display": "81.0", "missing_lines": 4, "excluded_lines": 0, "percent_statements_covered": 80.95238095238095, "percent_statements_covered_display": "81.0"}, "missing_lines": [455, 462, 481, 489], "excluded_lines": []}, "SolverOptions": {"executed_lines": [530, 531, 532, 533, 534], "summary": {"covered_lines": 5, "num_statements": 5, "percent_covered": 100.0, "percent_covered_display": "100.0", "missing_lines": 0, "excluded_lines": 0, "percent_statements_covered": 100.0, "percent_statements_covered_display": "100.0"}, "missing_lines": [], "excluded_lines": []}, "MaterialComposition": {"executed_lines": [557, 558, 560, 561, 562, 563, 564, 568, 573], "summary": {"covered_lines": 9, "num_statements": 9, "percent_covered": 100.0, "percent_covered_display": "100.0", "missing_lines": 0, "excluded_lines": 0, "percent_statements_covered": 100.0, "percent_statements_covered_display": "100.0"}, "missing_lines": [], "excluded_lines": []}, "TransientConditions": {"executed_lines": [606, 607, 609, 610], "summary": {"covered_lines": 4, "num_statements": 5, "percent_covered": 80.0, "percent_covered_display": "80.0", "missing_lines": 1, "excluded_lines": 0, "percent_statements_covered": 80.0, "percent_statements_covered_display": "80.0"}, "missing_lines": [612], "excluded_lines": []}, "SMRForgeSettings": {"executed_lines": [], "summary": {"covered_lines": 0, "num_statements": 0, "percent_covered": 100.0, "percent_covered_display": "100.0", "missing_lines": 0, "excluded_lines": 0, "percent_statements_covered": 100.0, "percent_statements_covered_display": "100.0"}, "missing_lines": [], "excluded_lines": []}, "": {"executed_lines": [2, 7, 8, 9, 10, 12, 13, 22, 29, 31, 32, 33, 34, 35, 38, 40, 41, 42, 43, 44, 45, 46, 47, 50, 52, 53, 54, 55, 56, 60, 61, 62, 70, 71, 73, 74, 75, 76, 79, 80, 82, 83, 84, 85, 88, 89, 91, 92, 93, 94, 97, 98, 100, 101, 102, 103, 111, 112, 118, 119, 120, 123, 128, 129, 134, 137, 140, 145, 150, 151, 152, 157, 158, 161, 166, 171, 172, 173, 178, 181, 184, 187, 192, 200, 201, 224, 225, 242, 243, 261, 262, 278, 279, 280, 295, 296, 300, 301, 307, 308, 319, 320, 324, 325, 329, 330, 338, 373, 374, 377, 380, 383, 386, 389, 394, 397, 402, 405, 409, 410, 423, 426, 427, 429, 430, 433, 434, 435, 436, 439, 442, 445, 447, 448, 468, 469, 495, 500, 501, 503, 506, 509, 512, 515, 518, 519, 522, 526, 527, 528, 536, 539, 540, 542, 546, 550, 552, 554, 555, 570, 571, 575, 578, 579, 581, 582, 585, 588, 590, 591, 593, 594, 596, 599, 603, 604, 614, 622, 623, 628, 632, 637, 642, 645, 648, 651, 656, 660, 673, 675, 676, 679, 681, 682, 685, 687, 689, 690, 691, 698], "summary": {"covered_lines": 187, "num_statements": 187, "percent_covered": 100.0, "percent_covered_display": "100.0", "missing_lines": 0, "excluded_lines": 25, "percent_statements_covered": 100.0, "percent_statements_covered_display": "100.0"}, "missing_lines": [], "excluded_lines": [698, 699, 701, 703, 706, 707, 708, 730, 731, 732, 733, 734, 735, 738, 739, 740, 761, 762, 765, 766, 767, 770, 771, 774, 775]}}}, "smrforge\\validation\\validators.py": {"executed_lines": [1, 8, 20], "summary": {"covered_lines": 2, "num_statements": 2, "percent_covered": 100.0, "percent_covered_display": "100.0", "missing_lines": 0, "excluded_lines": 0, "percent_statements_covered": 100.0, "percent_statements_covered_display": "100.0"}, "missing_lines": [], "excluded_lines": [], "functions": {"": {"executed_lines": [1, 8, 20], "summary": {"covered_lines": 2, "num_statements": 2, "percent_covered": 100.0, "percent_covered_display": "100.0", "missing_lines": 0, "excluded_lines": 0, "percent_statements_covered": 100.0, "percent_statements_covered_display": "100.0"}, "missing_lines": [], "excluded_lines": []}}, "classes": {"": {"executed_lines": [1, 8, 20], "summary": {"covered_lines": 2, "num_statements": 2, "percent_covered": 100.0, "percent_covered_display": "100.0", "missing_lines": 0, "excluded_lines": 0, "percent_statements_covered": 100.0, "percent_statements_covered_display": "100.0"}, "missing_lines": [], "excluded_lines": []}}}, "smrforge\\visualization\\__init__.py": {"executed_lines": [1, 11, 12, 19, 26, 27, 36, 40, 42, 43, 52, 53], "summary": {"covered_lines": 11, "num_statements": 17, "percent_covered": 64.70588235294117, "percent_covered_display": "64.7", "missing_lines": 6, "excluded_lines": 0, "percent_statements_covered": 64.70588235294117, "percent_statements_covered_display": "64.7"}, "missing_lines": [20, 21, 23, 24, 37, 38], "excluded_lines": [], "functions": {"": {"executed_lines": [1, 11, 12, 19, 26, 27, 36, 40, 42, 43, 52, 53], "summary": {"covered_lines": 11, "num_statements": 17, "percent_covered": 64.70588235294117, "percent_covered_display": "64.7", "missing_lines": 6, "excluded_lines": 0, "percent_statements_covered": 64.70588235294117, "percent_statements_covered_display": "64.7"}, "missing_lines": [20, 21, 23, 24, 37, 38], "excluded_lines": []}}, "classes": {"": {"executed_lines": [1, 11, 12, 19, 26, 27, 36, 40, 42, 43, 52, 53], "summary": {"covered_lines": 11, "num_statements": 17, "percent_covered": 64.70588235294117, "percent_covered_display": "64.7", "missing_lines": 6, "excluded_lines": 0, "percent_statements_covered": 64.70588235294117, "percent_statements_covered_display": "64.7"}, "missing_lines": [20, 21, 23, 24, 37, 38], "excluded_lines": []}}}, "smrforge\\visualization\\geometry.py": {"executed_lines": [1, 7, 8, 10, 11, 12, 13, 15, 16, 18, 25, 47, 50, 51, 53, 55, 56, 57, 58, 60, 62, 63, 64, 65, 66, 68, 71, 80, 81, 84, 85, 90, 92, 93, 94, 95, 96, 97, 98, 100, 101, 110, 112, 113, 114, 115, 116, 118, 119, 120, 122, 123, 124, 126, 136, 137, 140, 149, 151, 152, 153, 155, 165, 167, 168, 169, 170, 175, 176, 179, 199, 200, 202, 205, 206, 208, 218, 219, 220, 221, 224, 226, 229, 249, 250, 255, 256, 259, 279, 280, 284, 285], "summary": {"covered_lines": 91, "num_statements": 109, "percent_covered": 83.4862385321101, "percent_covered_display": "83.5", "missing_lines": 18, "excluded_lines": 0, "percent_statements_covered": 83.4862385321101, "percent_statements_covered_display": "83.5"}, "missing_lines": [19, 20, 21, 22, 48, 87, 127, 156, 172, 173, 209, 210, 211, 212, 213, 215, 252, 282], "excluded_lines": [], "functions": {"plot_core_layout": {"executed_lines": [47, 50, 51, 53, 55, 56, 57, 58, 60, 62, 63, 64, 65, 66, 68], "summary": {"covered_lines": 15, "num_statements": 16, "percent_covered": 93.75, "percent_covered_display": "93.8", "missing_lines": 1, "excluded_lines": 0, "percent_statements_covered": 93.75, "percent_statements_covered_display": "93.8"}, "missing_lines": [48], "excluded_lines": []}, "_plot_prismatic_layout": {"executed_lines": [80, 81, 84, 85, 90, 92, 93, 94, 95, 96, 97, 98, 100, 101, 110, 112, 113, 114, 115, 116, 118, 119, 120, 122, 123, 124, 126, 136, 137], "summary": {"covered_lines": 29, "num_statements": 31, "percent_covered": 93.54838709677419, "percent_covered_display": "93.5", "missing_lines": 2, "excluded_lines": 0, "percent_statements_covered": 93.54838709677419, "percent_statements_covered_display": "93.5"}, "missing_lines": [87, 127], "excluded_lines": []}, "_plot_pebble_bed_layout": {"executed_lines": [149, 151, 152, 153, 155, 165, 167, 168, 169, 170, 175, 176], "summary": {"covered_lines": 12, "num_statements": 15, "percent_covered": 80.0, "percent_covered_display": "80.0", "missing_lines": 3, "excluded_lines": 0, "percent_statements_covered": 80.0, "percent_statements_covered_display": "80.0"}, "missing_lines": [156, 172, 173], "excluded_lines": []}, "plot_flux_on_geometry": {"executed_lines": [199, 200, 202, 205, 206, 208, 218, 219, 220, 221, 224, 226], "summary": {"covered_lines": 12, "num_statements": 18, "percent_covered": 66.66666666666667, "percent_covered_display": "66.7", "missing_lines": 6, "excluded_lines": 0, "percent_statements_covered": 66.66666666666667, "percent_statements_covered_display": "66.7"}, "missing_lines": [209, 210, 211, 212, 213, 215], "excluded_lines": []}, "plot_power_distribution": {"executed_lines": [249, 250, 255, 256], "summary": {"covered_lines": 4, "num_statements": 5, "percent_covered": 80.0, "percent_covered_display": "80.0", "missing_lines": 1, "excluded_lines": 0, "percent_statements_covered": 80.0, "percent_statements_covered_display": "80.0"}, "missing_lines": [252], "excluded_lines": []}, "plot_temperature_distribution": {"executed_lines": [279, 280, 284, 285], "summary": {"covered_lines": 4, "num_statements": 5, "percent_covered": 80.0, "percent_covered_display": "80.0", "missing_lines": 1, "excluded_lines": 0, "percent_statements_covered": 80.0, "percent_statements_covered_display": "80.0"}, "missing_lines": [282], "excluded_lines": []}, "": {"executed_lines": [1, 7, 8, 10, 11, 12, 13, 15, 16, 18, 25, 71, 140, 179, 229, 259], "summary": {"covered_lines": 15, "num_statements": 19, "percent_covered": 78.94736842105263, "percent_covered_display": "78.9", "missing_lines": 4, "excluded_lines": 0, "percent_statements_covered": 78.94736842105263, "percent_statements_covered_display": "78.9"}, "missing_lines": [19, 20, 21, 22], "excluded_lines": []}}, "classes": {"": {"executed_lines": [1, 7, 8, 10, 11, 12, 13, 15, 16, 18, 25, 47, 50, 51, 53, 55, 56, 57, 58, 60, 62, 63, 64, 65, 66, 68, 71, 80, 81, 84, 85, 90, 92, 93, 94, 95, 96, 97, 98, 100, 101, 110, 112, 113, 114, 115, 116, 118, 119, 120, 122, 123, 124, 126, 136, 137, 140, 149, 151, 152, 153, 155, 165, 167, 168, 169, 170, 175, 176, 179, 199, 200, 202, 205, 206, 208, 218, 219, 220, 221, 224, 226, 229, 249, 250, 255, 256, 259, 279, 280, 284, 285], "summary": {"covered_lines": 91, "num_statements": 109, "percent_covered": 83.4862385321101, "percent_covered_display": "83.5", "missing_lines": 18, "excluded_lines": 0, "percent_statements_covered": 83.4862385321101, "percent_statements_covered_display": "83.5"}, "missing_lines": [19, 20, 21, 22, 48, 87, 127, 156, 172, 173, 209, 210, 211, 212, 213, 215, 252, 282], "excluded_lines": []}}}, "smrforge\\visualization\\mesh_3d.py": {"executed_lines": [1, 7, 9, 11, 12, 16, 17, 19, 20, 21, 23, 24, 27, 28, 30, 31, 32, 34, 37, 144, 198, 266, 301, 338], "summary": {"covered_lines": 23, "num_statements": 116, "percent_covered": 19.82758620689655, "percent_covered_display": "19.8", "missing_lines": 93, "excluded_lines": 0, "percent_statements_covered": 19.82758620689655, "percent_statements_covered_display": "19.8"}, "missing_lines": [13, 15, 26, 59, 60, 64, 67, 69, 70, 71, 73, 74, 75, 76, 77, 79, 80, 83, 85, 103, 105, 106, 107, 108, 109, 110, 111, 112, 115, 116, 129, 141, 162, 163, 167, 169, 183, 195, 218, 219, 224, 227, 228, 229, 230, 231, 233, 234, 236, 239, 242, 243, 244, 245, 246, 247, 249, 252, 255, 263, 284, 285, 290, 293, 296, 298, 309, 310, 315, 316, 317, 318, 319, 320, 321, 322, 323, 325, 328, 329, 331, 332, 335, 356, 357, 361, 363, 365, 366, 368, 369, 383, 395], "excluded_lines": [], "functions": {"plot_mesh3d_plotly": {"executed_lines": [], "summary": {"covered_lines": 0, "num_statements": 29, "percent_covered": 0.0, "percent_covered_display": "0.0", "missing_lines": 29, "excluded_lines": 0, "percent_statements_covered": 0.0, "percent_statements_covered_display": "0.0"}, "missing_lines": [59, 60, 64, 67, 69, 70, 71, 73, 74, 75, 76, 77, 79, 80, 83, 85, 103, 105, 106, 107, 108, 109, 110, 111, 112, 115, 116, 129, 141], "excluded_lines": []}, "plot_surface_plotly": {"executed_lines": [], "summary": {"covered_lines": 0, "num_statements": 6, "percent_covered": 0.0, "percent_covered_display": "0.0", "missing_lines": 6, "excluded_lines": 0, "percent_statements_covered": 0.0, "percent_statements_covered_display": "0.0"}, "missing_lines": [162, 163, 167, 169, 183, 195], "excluded_lines": []}, "plot_mesh3d_pyvista": {"executed_lines": [], "summary": {"covered_lines": 0, "num_statements": 22, "percent_covered": 0.0, "percent_covered_display": "0.0", "missing_lines": 22, "excluded_lines": 0, "percent_statements_covered": 0.0, "percent_statements_covered_display": "0.0"}, "missing_lines": [218, 219, 224, 227, 228, 229, 230, 231, 233, 234, 236, 239, 242, 243, 244, 245, 246, 247, 249, 252, 255, 263], "excluded_lines": []}, "plot_surface_pyvista": {"executed_lines": [], "summary": {"covered_lines": 0, "num_statements": 6, "percent_covered": 0.0, "percent_covered_display": "0.0", "missing_lines": 6, "excluded_lines": 0, "percent_statements_covered": 0.0, "percent_statements_covered_display": "0.0"}, "missing_lines": [284, 285, 290, 293, 296, 298], "excluded_lines": []}, "export_mesh_to_vtk": {"executed_lines": [], "summary": {"covered_lines": 0, "num_statements": 17, "percent_covered": 0.0, "percent_covered_display": "0.0", "missing_lines": 17, "excluded_lines": 0, "percent_statements_covered": 0.0, "percent_statements_covered_display": "0.0"}, "missing_lines": [309, 310, 315, 316, 317, 318, 319, 320, 321, 322, 323, 325, 328, 329, 331, 332, 335], "excluded_lines": []}, "plot_multiple_meshes_plotly": {"executed_lines": [], "summary": {"covered_lines": 0, "num_statements": 10, "percent_covered": 0.0, "percent_covered_display": "0.0", "missing_lines": 10, "excluded_lines": 0, "percent_statements_covered": 0.0, "percent_statements_covered_display": "0.0"}, "missing_lines": [356, 357, 361, 363, 365, 366, 368, 369, 383, 395], "excluded_lines": []}, "": {"executed_lines": [1, 7, 9, 11, 12, 16, 17, 19, 20, 21, 23, 24, 27, 28, 30, 31, 32, 34, 37, 144, 198, 266, 301, 338], "summary": {"covered_lines": 23, "num_statements": 26, "percent_covered": 88.46153846153847, "percent_covered_display": "88.5", "missing_lines": 3, "excluded_lines": 0, "percent_statements_covered": 88.46153846153847, "percent_statements_covered_display": "88.5"}, "missing_lines": [13, 15, 26], "excluded_lines": []}}, "classes": {"": {"executed_lines": [1, 7, 9, 11, 12, 16, 17, 19, 20, 21, 23, 24, 27, 28, 30, 31, 32, 34, 37, 144, 198, 266, 301, 338], "summary": {"covered_lines": 23, "num_statements": 116, "percent_covered": 19.82758620689655, "percent_covered_display": "19.8", "missing_lines": 93, "excluded_lines": 0, "percent_statements_covered": 19.82758620689655, "percent_statements_covered_display": "19.8"}, "missing_lines": [13, 15, 26, 59, 60, 64, 67, 69, 70, 71, 73, 74, 75, 76, 77, 79, 80, 83, 85, 103, 105, 106, 107, 108, 109, 110, 111, 112, 115, 116, 129, 141, 162, 163, 167, 169, 183, 195, 218, 219, 224, 227, 228, 229, 230, 231, 233, 234, 236, 239, 242, 243, 244, 245, 246, 247, 249, 252, 255, 263, 284, 285, 290, 293, 296, 298, 309, 310, 315, 316, 317, 318, 319, 320, 321, 322, 323, 325, 328, 329, 331, 332, 335, 356, 357, 361, 363, 365, 366, 368, 369, 383, 395], "excluded_lines": []}}}}, "totals": {"covered_lines": 5575, "num_statements": 8653, "percent_covered": 64.4285218999191, "percent_covered_display": "64.4", "missing_lines": 3078, "excluded_lines": 312, "percent_statements_covered": 64.4285218999191, "percent_statements_covered_display": "64.4"}}