============================= test session starts =============================
platform win32 -- Python 3.12.0rc3, pytest-9.0.2, pluggy-1.6.0 -- C:\Users\cmwha\AppData\Local\Programs\Python\Python312\python.exe
cachedir: output\pytest_cache
rootdir: C:\Users\cmwha\OneDrive\Documents\GitHub\smrforge
configfile: pytest.ini
plugins: anyio-4.12.1, dash-3.3.0, asyncio-1.3.0, cov-7.0.0, zarr-3.1.5
asyncio: mode=Mode.STRICT, debug=False, asyncio_default_fixture_loop_scope=function, asyncio_default_test_loop_scope=function
collecting ... collected 5052 items

tests/performance/test_performance_benchmarks.py::TestKeffCalculationPerformance::test_keff_calculation_small SKIPPED [  0%]
tests/performance/test_performance_benchmarks.py::TestKeffCalculationPerformance::test_keff_calculation_medium SKIPPED [  0%]
tests/performance/test_performance_benchmarks.py::TestGeometryPerformance::test_mesh_generation_performance SKIPPED [  0%]
tests/performance/test_performance_benchmarks.py::TestMemoryBenchmarks::test_keff_small_memory SKIPPED [  0%]
tests/performance/test_performance_benchmarks.py::TestMemoryBenchmarks::test_mesh_generation_memory SKIPPED [  0%]
tests/test_adaptive_sampling.py::TestImportanceMap::test_importance_map_init PASSED [  0%]
tests/test_adaptive_sampling.py::TestImportanceMap::test_importance_map_normalization PASSED [  0%]
tests/test_adaptive_sampling.py::TestImportanceMap::test_get_sampling_probability PASSED [  0%]
tests/test_adaptive_sampling.py::TestImportanceMap::test_get_total_importance PASSED [  0%]
tests/test_adaptive_sampling.py::TestAdaptiveMonteCarloSolver::test_adaptive_solver_init PASSED [  0%]
tests/test_adaptive_sampling.py::TestAdaptiveMonteCarloSolver::test_build_importance_map_no_history PASSED [  0%]
tests/test_adaptive_sampling.py::TestAdaptiveMonteCarloSolver::test_build_importance_map_with_history PASSED [  0%]
tests/test_adaptive_sampling.py::TestAdaptiveMonteCarloSolver::test_adapt_particle_distribution PASSED [  0%]
tests/test_adaptive_sampling.py::TestAdaptiveMonteCarloSolver::test_estimate_fission_density PASSED [  0%]
tests/test_adaptive_sampling.py::TestAdaptiveMonteCarloSolver::test_estimate_fission_density_empty PASSED [  0%]
tests/test_adaptive_sampling.py::TestAdaptiveMonteCarloSolver::test_combine_results PASSED [  0%]
tests/test_adaptive_sampling.py::TestAdaptiveMonteCarloSolver::test_combine_results_no_history PASSED [  0%]
tests/test_adaptive_sampling.py::TestAdaptiveMonteCarloSolver::test_resample_source_no_importance_map PASSED [  0%]
tests/test_adaptive_sampling.py::TestAdaptiveMonteCarloSolver::test_resample_source_empty_fission_bank PASSED [  0%]
tests/test_adaptive_sampling.py::TestAdaptiveMonteCarloSolver::test_resample_source_importance PASSED [  0%]
tests/test_adaptive_sampling.py::TestCreateAdaptiveSolver::test_create_adaptive_solver PASSED [  0%]
tests/test_adaptive_sampling.py::TestAdaptiveMonteCarloSolverExtended::test_build_importance_map_zero_max PASSED [  0%]
tests/test_adaptive_sampling.py::TestAdaptiveMonteCarloSolverExtended::test_exploration_phase PASSED [  0%]
tests/test_adaptive_sampling.py::TestAdaptiveMonteCarloSolverExtended::test_exploration_phase_empty_fission_bank PASSED [  0%]
tests/test_adaptive_sampling.py::TestAdaptiveMonteCarloSolverExtended::test_refinement_phase PASSED [  0%]
tests/test_adaptive_sampling.py::TestAdaptiveMonteCarloSolverExtended::test_refinement_phase_no_importance_map PASSED [  0%]
tests/test_adaptive_sampling.py::TestAdaptiveMonteCarloSolverExtended::test_resample_source_importance_with_importance_map PASSED [  0%]
tests/test_adaptive_sampling.py::TestAdaptiveMonteCarloSolverExtended::test_resample_source_importance_all_zero_importance PASSED [  0%]
tests/test_adaptive_sampling.py::TestAdaptiveMonteCarloSolverExtended::test_solve_eigenvalue PASSED [  0%]
tests/test_adaptive_sampling.py::TestAdaptiveMonteCarloSolverExtended::test_combine_results_fallback_to_all_history PASSED [  0%]
tests/test_adaptive_sampling.py::TestAdaptiveMonteCarloSolverExtended::test_importance_map_get_sampling_probability_edge_cases PASSED [  0%]
tests/test_adaptive_sampling.py::TestAdaptiveMonteCarloSolverExtended::test_importance_map_get_sampling_probability_out_of_bounds PASSED [  0%]
tests/test_adaptive_sampling.py::TestAdaptiveMonteCarloSolverExtended::test_estimate_fission_density_with_positions PASSED [  0%]
tests/test_adaptive_sampling.py::TestAdaptiveMonteCarloSolverExtended::test_estimate_fission_density_boundary_positions PASSED [  0%]
tests/test_adaptive_sampling.py::TestAdaptiveMonteCarloSolverExtended::test_resample_source_with_importance_map PASSED [  0%]
tests/test_adjoint_weighting.py::TestAdjointWeighting::test_collapse_with_adjoint_weighting PASSED [  0%]
tests/test_adjoint_weighting.py::TestAdjointWeighting::test_adjoint_weighting_preserves_reaction_rates PASSED [  0%]
tests/test_adjoint_weighting.py::TestAdjointWeighting::test_adjoint_weighting_with_varying_flux PASSED [  0%]
tests/test_ai_audit_ml_export.py::TestAiAudit::test_record_ai_model PASSED [  0%]
tests/test_ai_audit_ml_export.py::TestAiAudit::test_ai_models_used_in_to_dict PASSED [  0%]
tests/test_ai_audit_ml_export.py::TestAiAudit::test_load_backward_compat_no_ai_models PASSED [  0%]
tests/test_ai_audit_ml_export.py::TestMlExport::test_export_parquet PASSED [  0%]
tests/test_ai_audit_ml_export.py::TestMlExport::test_export_hdf5 PASSED  [  0%]
tests/test_anisotropic_scattering.py::TestAnisotropicScattering::test_compute_anisotropic_scattering_basic PASSED [  0%]
tests/test_anisotropic_scattering.py::TestAnisotropicScattering::test_legendre_orders PASSED [  0%]
tests/test_anisotropic_scattering.py::TestAnisotropicScattering::test_p0_equals_isotropic PASSED [  0%]
tests/test_anisotropic_scattering.py::TestAnisotropicScattering::test_p1_anisotropy PASSED [  0%]
tests/test_anisotropic_scattering.py::TestAnisotropicScattering::test_p2_anisotropy PASSED [  0%]
tests/test_anisotropic_scattering.py::TestAnisotropicScattering::test_thermal_vs_fast_anisotropy PASSED [  0%]
tests/test_anisotropic_scattering.py::TestAnisotropicScattering::test_matrix_shapes PASSED [  0%]
tests/test_anisotropic_scattering.py::TestAnisotropicScattering::test_different_nuclides PASSED [  1%]
tests/test_anisotropic_scattering.py::TestAnisotropicScattering::test_temperature_dependence PASSED [  1%]
tests/test_assembly.py::TestAssembly::test_assembly_creation PASSED      [  1%]
tests/test_assembly.py::TestAssembly::test_assembly_burnup_fraction PASSED [  1%]
tests/test_assembly.py::TestAssembly::test_assembly_burnup_fraction_zero_target PASSED [  1%]
tests/test_assembly.py::TestAssembly::test_assembly_is_depleted PASSED   [  1%]
tests/test_assembly.py::TestAssembly::test_assembly_age_cycles PASSED    [  1%]
tests/test_assembly.py::TestAssembly::test_assembly_rotate PASSED        [  1%]
tests/test_assembly.py::TestAssembly::test_assembly_set_orientation PASSED [  1%]
tests/test_assembly.py::TestAssembly::test_assembly_record_position PASSED [  1%]
tests/test_assembly.py::TestAssembly::test_assembly_move_to PASSED       [  1%]
tests/test_assembly.py::TestAssembly::test_assembly_move_to_no_cycle PASSED [  1%]
tests/test_assembly.py::TestRefuelingPattern::test_pattern_creation PASSED [  1%]
tests/test_assembly.py::TestRefuelingPattern::test_pattern_validate PASSED [  1%]
tests/test_assembly.py::TestRefuelingPattern::test_pattern_get_batch_size PASSED [  1%]
tests/test_assembly.py::TestRefuelingPattern::test_pattern_generate_position_based_shuffle_radial_rotation PASSED [  1%]
tests/test_assembly.py::TestRefuelingPattern::test_pattern_generate_position_based_shuffle_radial_outward PASSED [  1%]
tests/test_assembly.py::TestRefuelingPattern::test_pattern_generate_position_based_shuffle_radial_inward PASSED [  1%]
tests/test_assembly.py::TestRefuelingPattern::test_pattern_generate_position_based_shuffle_pattern_based PASSED [  1%]
tests/test_assembly.py::TestRefuelingPattern::test_pattern_generate_position_based_shuffle_default PASSED [  1%]
tests/test_assembly.py::TestAssemblyManager::test_manager_creation PASSED [  1%]
tests/test_assembly.py::TestAssemblyManager::test_manager_add_assembly PASSED [  1%]
tests/test_assembly.py::TestAssemblyManager::test_manager_get_assemblies_by_batch PASSED [  1%]
tests/test_assembly.py::TestAssemblyManager::test_manager_get_depleted_assemblies PASSED [  1%]
tests/test_assembly.py::TestAssemblyManager::test_manager_shuffle_assemblies PASSED [  1%]
tests/test_assembly.py::TestAssemblyManager::test_manager_refuel PASSED  [  1%]
tests/test_assembly.py::TestAssemblyManager::test_manager_average_burnup PASSED [  1%]
tests/test_assembly.py::TestAssemblyManager::test_manager_average_burnup_empty PASSED [  1%]
tests/test_assembly.py::TestAssemblyManager::test_manager_cycle_length_estimate PASSED [  1%]
tests/test_assembly.py::TestAssemblyManager::test_manager_cycle_length_no_hm PASSED [  1%]
tests/test_assembly.py::TestAssemblyManager::test_pattern_validate_batch_sizes_dont_sum PASSED [  1%]
tests/test_assembly.py::TestAssemblyManager::test_manager_shuffle_assemblies_invalid_pattern PASSED [  1%]
tests/test_assembly.py::TestAssemblyManager::test_manager_shuffle_assemblies_batch_zero_assignment PASSED [  1%]
tests/test_assembly.py::TestAssemblyManager::test_manager_shuffle_assemblies_position_updates PASSED [  1%]
tests/test_assembly.py::TestAssemblyManager::test_manager_get_geometry_at_cycle PASSED [  1%]
tests/test_assembly.py::TestAssemblyManager::test_manager_get_position_history PASSED [  1%]
tests/test_assembly.py::TestAssemblyManager::test_manager_apply_burnup_dependent_shuffle PASSED [  1%]
tests/test_assembly.py::TestAssemblyManager::test_manager_get_assemblies_by_orientation PASSED [  1%]
tests/test_assembly.py::TestAssemblyManager::test_manager_rotate_assembly PASSED [  1%]
tests/test_assembly.py::TestAssemblyManager::test_manager_rotate_batch PASSED [  1%]
tests/test_assembly.py::TestAssemblyManager::test_manager_get_batch_statistics PASSED [  1%]
tests/test_assembly.py::TestAssemblyManager::test_manager_support_multiple_batches PASSED [  1%]
tests/test_assembly.py::TestAssemblyManager::test_manager_create_multi_batch_pattern PASSED [  1%]
tests/test_async_methods.py::TestNuclearDataCacheAsync::test_get_cross_section_async_memory_cache_hit PASSED [  1%]
tests/test_async_methods.py::TestNuclearDataCacheAsync::test_get_cross_section_async_zarr_cache_hit PASSED [  1%]
tests/test_async_methods.py::TestNuclearDataCacheAsync::test_get_cross_section_async_cache_miss_fetches PASSED [  1%]
tests/test_async_methods.py::TestNuclearDataCacheAsync::test_ensure_endf_file_async_existing_file PASSED [  1%]
tests/test_async_methods.py::TestNuclearDataCacheAsync::test_ensure_endf_file_async_downloads_when_missing PASSED [  1%]
tests/test_async_methods.py::TestNuclearDataCacheAsync::test_ensure_endf_file_async_uses_provided_client PASSED [  1%]
tests/test_async_methods.py::TestNuclearDataCacheAsync::test_ensure_endf_file_async_httpx_unavailable PASSED [  1%]
tests/test_async_methods.py::TestNuclearDataCacheAsync::test_fetch_and_cache_async_simple_parser PASSED [  1%]
tests/test_async_methods.py::TestNuclearDataCacheAsync::test_fetch_and_cache_async_with_client PASSED [  2%]
tests/test_async_methods.py::TestCrossSectionTableAsync::test_generate_multigroup_async_basic PASSED [  2%]
tests/test_async_methods.py::TestCrossSectionTableAsync::test_generate_multigroup_async_parallel_fetching PASSED [  2%]
tests/test_async_methods.py::TestCrossSectionTableAsync::test_generate_multigroup_async_with_client PASSED [  2%]
tests/test_async_methods.py::TestCrossSectionTableAsync::test_generate_multigroup_async_creates_client PASSED [  2%]
tests/test_async_methods.py::TestCrossSectionTableAsync::test_generate_multigroup_async_httpx_unavailable PASSED [  2%]
tests/test_async_methods.py::TestCrossSectionTableAsync::test_generate_multigroup_async_with_weighting_flux PASSED [  2%]
tests/test_backend_fallback_chain.py::TestBackendFallbackChain::test_endf_parserpy_only PASSED [  2%]
tests/test_backend_fallback_chain.py::TestBackendFallbackChain::test_sandy_only PASSED [  2%]
tests/test_backend_fallback_chain.py::TestBackendFallbackChain::test_simple_parser_only PASSED [  2%]
tests/test_backend_fallback_chain.py::TestBackendFallbackChain::test_all_backends_fail PASSED [  2%]
tests/test_backend_fallback_chain.py::TestBackendFallbackChain::test_endf_parserpy_fails_sandy_succeeds PASSED [  2%]
tests/test_benchmarks_community.py::TestCommunityBenchmarkRunner::test_list_cases PASSED [  2%]
tests/test_benchmarks_community.py::TestCommunityBenchmarkRunner::test_run_all_returns_dict PASSED [  2%]
tests/test_benchmarks_community.py::TestCommunityBenchmarkRunner::test_generate_report_without_output PASSED [  2%]
tests/test_benchmarks_community.py::TestCommunityBenchmarkRunner::test_generate_report_with_output PASSED [  2%]
tests/test_benchmarks_community.py::TestCommunityBenchmarkRunnerCustomPath::test_custom_benchmarks_path PASSED [  2%]
tests/test_benchmarks_community.py::TestCommunityBenchmarkRunnerCustomPath::test_benchmarks_file_not_found PASSED [  2%]
tests/test_benchmarks_community.py::TestLoadBenchmarks::test_load_benchmarks_default PASSED [  2%]
tests/test_burnup_adaptive_tracking.py::TestAdaptiveNuclideTracking::test_adaptive_tracking_initialization PASSED [  2%]
tests/test_burnup_adaptive_tracking.py::TestAdaptiveNuclideTracking::test_adaptive_tracking_disabled PASSED [  2%]
tests/test_burnup_adaptive_tracking.py::TestAdaptiveNuclideTracking::test_always_track_nuclides PASSED [  2%]
tests/test_burnup_adaptive_tracking.py::TestAdaptiveNuclideTracking::test_identify_nuclides_to_remove PASSED [  2%]
tests/test_burnup_adaptive_tracking.py::TestAdaptiveNuclideTracking::test_identify_nuclides_to_add PASSED [  2%]
tests/test_burnup_adaptive_tracking.py::TestAdaptiveNuclideTracking::test_update_adaptive_nuclides PASSED [  2%]
tests/test_burnup_adaptive_tracking.py::TestAdaptiveNuclideTracking::test_adaptive_tracking_options PASSED [  2%]
tests/test_burnup_adaptive_tracking.py::TestAdaptiveNuclideTracking::test_adaptive_tracking_integration PASSED [  2%]
tests/test_burnup_checkpointing.py::TestBurnupCheckpointing::test_checkpoint_options_initialization PASSED [  2%]
tests/test_burnup_checkpointing.py::TestBurnupCheckpointing::test_checkpoint_dir_creation PASSED [  2%]
tests/test_burnup_checkpointing.py::TestBurnupCheckpointing::test_save_checkpoint_creates_file PASSED [  2%]
tests/test_burnup_checkpointing.py::TestBurnupCheckpointing::test_save_checkpoint_content PASSED [  2%]
tests/test_burnup_checkpointing.py::TestBurnupCheckpointing::test_save_checkpoint_saves_state PASSED [  2%]
tests/test_burnup_checkpointing.py::TestBurnupCheckpointing::test_save_checkpoint_without_h5py PASSED [  2%]
tests/test_burnup_checkpointing.py::TestBurnupCheckpointing::test_load_checkpoint_file_not_found PASSED [  2%]
tests/test_burnup_checkpointing.py::TestBurnupCheckpointing::test_load_checkpoint_restores_state SKIPPED [  2%]
tests/test_burnup_checkpointing.py::TestBurnupCheckpointing::test_load_checkpoint_without_h5py PASSED [  2%]
tests/test_burnup_checkpointing.py::TestBurnupCheckpointing::test_checkpoint_interval_timing PASSED [  2%]
tests/test_burnup_checkpointing.py::TestBurnupCheckpointing::test_resume_from_checkpoint PASSED [  2%]
tests/test_burnup_checkpointing.py::TestBurnupCheckpointing::test_checkpoint_none_dir PASSED [  2%]
tests/test_burnup_checkpointing.py::TestBurnupCheckpointing::test_checkpoint_interval_none PASSED [  2%]
tests/test_burnup_checkpointing.py::TestBurnupCheckpointIntegration::test_full_checkpoint_resume_workflow SKIPPED [  2%]
tests/test_burnup_init.py::TestBurnupInitImports::test_burnup_init_imports_success PASSED [  2%]
tests/test_burnup_init.py::TestBurnupInitImports::test_burnup_init_lwr_burnup_import_error PASSED [  2%]
tests/test_burnup_init.py::TestBurnupInitImports::test_burnup_init_fuel_management_import_error PASSED [  2%]
tests/test_burnup_solver.py::TestBurnupSolver::test_burnup_solver_initialization PASSED [  2%]
tests/test_burnup_solver.py::TestBurnupSolver::test_nuclide_initialization PASSED [  2%]
tests/test_burnup_solver.py::TestBurnupSolver::test_initial_concentrations PASSED [  2%]
tests/test_burnup_solver.py::TestNuclideInventory::test_nuclide_inventory_creation PASSED [  2%]
tests/test_burnup_solver.py::TestNuclideInventory::test_get_concentration PASSED [  2%]
tests/test_burnup_solver.py::TestNuclideInventory::test_get_total_inventory PASSED [  2%]
tests/test_burnup_solver.py::TestBurnupOptions::test_burnup_options_creation PASSED [  3%]
tests/test_burnup_solver.py::TestBurnupOptions::test_burnup_options_defaults PASSED [  3%]
tests/test_burnup_solver_comprehensive.py::TestBurnupSolverComprehensive::test_solve_time_step PASSED [  3%]
tests/test_burnup_solver_comprehensive.py::TestBurnupSolverComprehensive::test_build_decay_matrix PASSED [  3%]
tests/test_burnup_solver_comprehensive.py::TestBurnupSolverComprehensive::test_build_fission_production_vector PASSED [  3%]
tests/test_burnup_solver_comprehensive.py::TestBurnupSolverComprehensive::test_build_capture_matrix PASSED [  3%]
tests/test_burnup_solver_comprehensive.py::TestBurnupSolverComprehensive::test_update_cross_sections PASSED [  3%]
tests/test_burnup_solver_comprehensive.py::TestBurnupSolverComprehensive::test_update_burnup PASSED [  3%]
tests/test_burnup_solver_comprehensive.py::TestBurnupSolverComprehensive::test_compute_decay_heat PASSED [  3%]
tests/test_burnup_solver_comprehensive.py::TestBurnupSolverComprehensive::test_solve_full_burnup PASSED [  3%]
tests/test_burnup_solver_comprehensive.py::TestBurnupSolverComprehensive::test_track_fission_products PASSED [  3%]
tests/test_burnup_solver_comprehensive.py::TestBurnupSolverComprehensive::test_track_actinides PASSED [  3%]
tests/test_burnup_solver_comprehensive.py::TestBurnupSolverComprehensive::test_power_density_array PASSED [  3%]
tests/test_burnup_solver_comprehensive.py::TestBurnupSolverComprehensive::test_initial_concentrations_calculation PASSED [  3%]
tests/test_burnup_solver_comprehensive.py::TestBurnupSolverComprehensive::test_get_fission_yield_data_caching PASSED [  3%]
tests/test_burnup_solver_comprehensive.py::TestBurnupSolverComprehensive::test_build_capture_matrix_with_cross_section PASSED [  3%]
tests/test_burnup_solver_comprehensive.py::TestBurnupSolverComprehensive::test_build_capture_matrix_with_fallback PASSED [  3%]
tests/test_burnup_solver_comprehensive.py::TestBurnupSolverComprehensive::test_update_burnup_zero_mass PASSED [  3%]
tests/test_burnup_solver_comprehensive.py::TestBurnupSolverComprehensive::test_compute_decay_heat_specific_time PASSED [  3%]
tests/test_burnup_solver_comprehensive.py::TestBurnupSolverComprehensive::test_solve_time_step_ode_failure PASSED [  3%]
tests/test_burnup_solver_comprehensive.py::TestBurnupSolverComprehensive::test_solve_time_step_exception PASSED [  3%]
tests/test_burnup_solver_comprehensive.py::TestBurnupSolverComprehensive::test_solve_neutronics_error_handling PASSED [  3%]
tests/test_burnup_solver_comprehensive.py::TestBurnupSolverComprehensive::test_build_fission_production_vector_no_flux PASSED [  3%]
tests/test_burnup_solver_comprehensive.py::TestBurnupSolverComprehensive::test_build_capture_matrix_no_flux PASSED [  3%]
tests/test_burnup_solver_comprehensive.py::TestBurnupSolverComprehensive::test_init_decay_data_fallback PASSED [  3%]
tests/test_burnup_solver_comprehensive.py::TestBurnupSolverComprehensive::test_build_capture_matrix_nuclide_specific_xs_failure PASSED [  3%]
tests/test_burnup_solver_comprehensive.py::TestBurnupSolverComprehensive::test_build_capture_matrix_zero_concentration PASSED [  3%]
tests/test_burnup_solver_comprehensive.py::TestBurnupSolverComprehensive::test_update_burnup_zero_mass_kg PASSED [  3%]
tests/test_burnup_solver_comprehensive.py::TestBurnupSolverComprehensive::test_solve_with_neutronics_resolve_condition PASSED [  3%]
tests/test_burnup_visualization.py::test_plot_batch_comparison_plotly_and_matplotlib_and_errors PASSED [  3%]
tests/test_burnup_visualization.py::test_plot_refueling_cycles_plotly_and_matplotlib_and_errors PASSED [  3%]
tests/test_burnup_visualization.py::test_plot_control_rod_effects_plotly_and_matplotlib PASSED [  3%]
tests/test_burnup_visualization.py::test_plot_burnup_dashboard_enhanced_returns_base_and_enhanced PASSED [  3%]
tests/test_burnup_visualization.py::test_module_import_flags_for_missing_plotly_and_matplotlib PASSED [  3%]
tests/test_cli.py::TestCLIHelperFunctions::test_print_warning_with_rich PASSED [  3%]
tests/test_cli.py::TestCLIHelperFunctions::test_print_warning_without_rich PASSED [  3%]
tests/test_cli.py::TestCLIHelperFunctions::test_print_success_with_rich PASSED [  3%]
tests/test_cli.py::TestCLIHelperFunctions::test_print_success_without_rich PASSED [  3%]
tests/test_cli.py::TestCLIHelperFunctions::test_print_error_with_rich PASSED [  3%]
tests/test_cli.py::TestCLIHelperFunctions::test_print_error_without_rich PASSED [  3%]
tests/test_cli.py::TestCLIHelperFunctions::test_print_info_with_rich PASSED [  3%]
tests/test_cli.py::TestCLIHelperFunctions::test_print_info_without_rich PASSED [  3%]
tests/test_cli.py::TestServeDashboard::test_serve_dashboard_missing_dash PASSED [  3%]
tests/test_cli.py::TestServeDashboard::test_serve_dashboard_success PASSED [  3%]
tests/test_cli.py::TestServeDashboard::test_serve_dashboard_with_custom_host_port PASSED [  3%]
tests/test_cli.py::TestServeDashboard::test_serve_dashboard_import_error PASSED [  3%]
tests/test_cli.py::TestReactorCreateOutput::test_reactor_create_save_yaml PASSED [  3%]
tests/test_cli.py::TestReactorCreateOutput::test_reactor_create_unsupported_format PASSED [  3%]
tests/test_cli.py::TestReactorCreateOutput::test_reactor_create_print_info_with_rich PASSED [  3%]
tests/test_cli.py::TestReactorCreateOutput::test_reactor_create_print_info_without_rich PASSED [  3%]
tests/test_cli.py::TestReactorCreate::test_reactor_create_from_preset PASSED [  3%]
tests/test_cli.py::TestReactorCreate::test_reactor_create_invalid_preset PASSED [  4%]
tests/test_cli.py::TestReactorCreate::test_reactor_create_from_json_config PASSED [  4%]
tests/test_cli.py::TestReactorCreate::test_reactor_create_from_yaml_config PASSED [  4%]
tests/test_cli.py::TestReactorCreate::test_reactor_create_yaml_not_available PASSED [  4%]
tests/test_cli.py::TestReactorCreate::test_reactor_create_with_custom_params PASSED [  4%]
tests/test_cli.py::TestReactorCreate::test_reactor_create_save_json PASSED [  4%]
tests/test_cli.py::TestReactorCreate::test_reactor_create_no_options PASSED [  4%]
tests/test_cli.py::TestReactorAnalyze::test_reactor_analyze_no_reactor PASSED [  4%]
tests/test_cli.py::TestReactorAnalyze::test_reactor_analyze_file_not_found PASSED [  4%]
tests/test_cli.py::TestReactorAnalyze::test_reactor_analyze_batch_mode PASSED [  4%]
tests/test_cli.py::TestReactorAnalyze::test_reactor_analyze_keff_with_rich PASSED [  4%]
tests/test_cli.py::TestReactorAnalyze::test_reactor_analyze_keff_without_rich PASSED [  4%]
tests/test_cli.py::TestReactorAnalyze::test_reactor_analyze_neutronics PASSED [  4%]
tests/test_cli.py::TestReactorAnalyze::test_reactor_analyze_with_output PASSED [  4%]
tests/test_cli.py::TestReactorAnalyze::test_reactor_analyze_display_results_with_rich PASSED [  4%]
tests/test_cli.py::TestReactorAnalyze::test_reactor_analyze_display_results_without_rich PASSED [  4%]
tests/test_cli.py::TestReactorAnalyze::test_reactor_analyze_full_analysis PASSED [  4%]
tests/test_cli.py::TestReactorList::test_reactor_list_basic PASSED       [  4%]
tests/test_cli.py::TestReactorList::test_reactor_list_detailed PASSED    [  4%]
tests/test_cli.py::TestDataSetup::test_data_setup_interactive PASSED     [  4%]
tests/test_cli.py::TestDataSetup::test_data_setup_with_directory PASSED  [  4%]
tests/test_cli.py::TestDataSetup::test_data_setup_directory_not_found PASSED [  4%]
tests/test_cli.py::TestDataDownload::test_data_download_basic PASSED     [  4%]
tests/test_cli.py::TestDataDownload::test_data_download_with_all_options PASSED [  4%]
tests/test_cli.py::TestDataValidate::test_data_validate_directory PASSED [  4%]
tests/test_cli.py::TestDataValidate::test_data_validate_files PASSED     [  4%]
tests/test_cli.py::TestDataValidate::test_data_validate_no_options PASSED [  4%]
tests/test_cli.py::TestMainFunction::test_main_version PASSED            [  4%]
tests/test_cli.py::TestMainFunction::test_main_help PASSED               [  4%]
tests/test_cli.py::TestMainFunction::test_main_serve_command PASSED      [  4%]
tests/test_cli.py::TestMainFunction::test_main_reactor_create_command PASSED [  4%]
tests/test_cli.py::TestBurnupRun::test_burnup_run_no_reactor PASSED      [  4%]
tests/test_cli.py::TestBurnupRun::test_burnup_run_file_not_found PASSED  [  4%]
tests/test_cli.py::TestBurnupRun::test_burnup_run_basic PASSED           [  4%]
tests/test_cli.py::TestBurnupRun::test_burnup_run_with_output PASSED     [  4%]
tests/test_cli.py::TestConfigCommands::test_config_show_no_config_file PASSED [  4%]
tests/test_cli.py::TestConfigCommands::test_config_show_with_config PASSED [  4%]
tests/test_cli.py::TestConfigCommands::test_config_show_specific_key PASSED [  4%]
tests/test_cli.py::TestConfigCommands::test_config_show_specific_key_not_found PASSED [  4%]
tests/test_cli.py::TestConfigCommands::test_config_show_nested_config PASSED [  4%]
tests/test_cli.py::TestConfigCommands::test_config_show_specific_key_without_rich PASSED [  4%]
tests/test_cli.py::TestConfigCommands::test_config_set PASSED            [  4%]
tests/test_cli.py::TestConfigCommands::test_config_set_new_key PASSED    [  4%]
tests/test_cli.py::TestConfigCommands::test_config_set_nested_key PASSED [  4%]
tests/test_cli.py::TestConfigCommands::test_config_set_integer_value PASSED [  4%]
tests/test_cli.py::TestConfigCommands::test_config_set_float_value PASSED [  4%]
tests/test_cli.py::TestConfigCommands::test_config_set_boolean_value PASSED [  4%]
tests/test_cli.py::TestConfigCommands::test_config_set_create_new_file PASSED [  4%]
tests/test_cli.py::TestConfigCommands::test_config_init PASSED           [  4%]
tests/test_cli.py::TestConfigCommands::test_config_init_with_production_template PASSED [  4%]
tests/test_cli.py::TestConfigCommands::test_config_init_with_development_template PASSED [  5%]
tests/test_cli.py::TestConfigCommands::test_config_init_with_force PASSED [  5%]
tests/test_cli.py::TestConfigCommands::test_config_init_file_exists PASSED [  5%]
tests/test_cli.py::TestConfigCommands::test_config_init_without_rich PASSED [  5%]
tests/test_cli.py::TestShellInteractive::test_shell_interactive_with_ipython PASSED [  5%]
tests/test_cli.py::TestShellInteractive::test_shell_interactive_without_ipython PASSED [  5%]
tests/test_cli.py::TestWorkflowRun::test_workflow_run_file_not_found PASSED [  5%]
tests/test_cli.py::TestWorkflowRun::test_workflow_run_yaml_not_available PASSED [  5%]
tests/test_cli.py::TestWorkflowRun::test_workflow_run_create_reactor_step PASSED [  5%]
tests/test_cli.py::TestWorkflowRun::test_workflow_run_analyze_step PASSED [  5%]
tests/test_cli.py::TestWorkflowRun::test_workflow_run_with_config_file_step PASSED [  5%]
tests/test_cli.py::TestWorkflowRun::test_workflow_run_unknown_step_type PASSED [  5%]
tests/test_cli.py::TestWorkflowRun::test_workflow_run_analyze_with_output PASSED [  5%]
tests/test_cli.py::TestWorkflowRun::test_workflow_run_visualize_step PASSED [  5%]
tests/test_cli.py::TestWorkflowRun::test_workflow_run_analyze_neutronics PASSED [  5%]
tests/test_cli.py::TestWorkflowRun::test_workflow_run_analyze_full PASSED [  5%]
tests/test_cli.py::TestWorkflowRun::test_workflow_run_create_reactor_with_output PASSED [  5%]
tests/test_cli.py::TestWorkflowRun::test_workflow_run_create_reactor_no_preset_or_config PASSED [  5%]
tests/test_cli.py::TestWorkflowRun::test_workflow_run_invalid_steps PASSED [  5%]
tests/test_cli.py::TestTransientRun::test_transient_run_basic PASSED     [  5%]
tests/test_cli.py::TestThermalLumped::test_thermal_lumped_basic PASSED   [  5%]
tests/test_cli.py::TestValidateDesign::test_validate_design_no_reactor PASSED [  5%]
tests/test_cli.py::TestValidateDesign::test_validate_design_file_not_found PASSED [  5%]
tests/test_cli.py::TestValidateDesign::test_validate_design_with_preset PASSED [  5%]
tests/test_cli.py::TestValidateDesign::test_validate_design_with_output PASSED [  5%]
tests/test_cli.py::TestValidateDesign::test_validate_design_with_violations PASSED [  5%]
tests/test_cli.py::TestReactorAnalyzeBatch::test_reactor_analyze_batch_no_files PASSED [  5%]
tests/test_cli.py::TestReactorAnalyzeBatch::test_reactor_analyze_batch_sequential PASSED [  5%]
tests/test_cli.py::TestReactorAnalyzeBatch::test_reactor_analyze_batch_sequential_with_rich PASSED [  5%]
tests/test_cli.py::TestReactorAnalyzeBatch::test_reactor_analyze_batch_parallel_with_rich PASSED [  5%]
tests/test_cli.py::TestReactorAnalyzeBatch::test_reactor_analyze_batch_parallel_without_rich PASSED [  5%]
tests/test_cli.py::TestReactorAnalyzeBatch::test_reactor_analyze_batch_with_output_dir PASSED [  5%]
tests/test_cli.py::TestReactorAnalyzeBatch::test_reactor_analyze_batch_with_errors PASSED [  5%]
tests/test_cli.py::TestReactorAnalyzeBatch::test_reactor_analyze_batch_summary_with_rich PASSED [  5%]
tests/test_cli.py::TestReactorAnalyzeBatch::test_reactor_analyze_batch_summary_with_errors_rich PASSED [  5%]
tests/test_cli.py::TestReactorAnalyzeBatch::test_reactor_analyze_batch_yaml_file PASSED [  5%]
tests/test_cli.py::TestReactorAnalyzeBatch::test_reactor_analyze_batch_yaml_not_available PASSED [  5%]
tests/test_cli.py::TestReactorAnalyzeBatch::test_reactor_analyze_batch_summary_without_rich PASSED [  5%]
tests/test_cli.py::TestReactorAnalyzeBatch::test_reactor_analyze_batch_with_errors_summary PASSED [  5%]
tests/test_cli.py::TestReactorCompare::test_reactor_compare_no_options PASSED [  5%]
tests/test_cli.py::TestReactorCompare::test_reactor_compare_with_presets PASSED [  5%]
tests/test_cli.py::TestReactorCompare::test_reactor_compare_with_reactors PASSED [  5%]
tests/test_cli.py::TestReactorCompare::test_reactor_compare_with_output PASSED [  5%]
tests/test_cli.py::TestReactorCompare::test_reactor_compare_with_power_density PASSED [  5%]
tests/test_cli.py::TestReactorCompare::test_reactor_compare_with_temperature_peak PASSED [  5%]
tests/test_cli.py::TestReactorCompare::test_reactor_compare_html_output PASSED [  5%]
tests/test_cli.py::TestReactorCompare::test_reactor_compare_with_rich PASSED [  5%]
tests/test_cli.py::TestValidateRun::test_validate_run_script_not_found PASSED [  5%]
tests/test_cli.py::TestValidateRun::test_validate_run_with_endf_dir PASSED [  5%]
tests/test_cli.py::TestValidateRun::test_validate_run_run_validation_script_path PASSED [  5%]
tests/test_cli.py::TestValidateRun::test_validate_run_run_validation_with_output_and_benchmarks PASSED [  5%]
tests/test_cli.py::TestValidateRun::test_validate_run_run_validation_failed_returncode PASSED [  6%]
tests/test_cli.py::TestValidateBenchmark::test_validate_benchmark_success PASSED [  6%]
tests/test_cli.py::TestValidateBenchmark::test_validate_benchmark_fail_exits PASSED [  6%]
tests/test_cli.py::TestReportDesign::test_report_design_no_preset_or_reactor PASSED [  6%]
tests/test_cli.py::TestReportDesign::test_report_design_with_preset PASSED [  6%]
tests/test_cli.py::TestVisualizeGeometry::test_visualize_geometry_file_not_found PASSED [  6%]
tests/test_cli.py::TestVisualizeGeometry::test_visualize_geometry_2d PASSED [  6%]
tests/test_cli.py::TestVisualizeGeometry::test_visualize_geometry_3d PASSED [  6%]
tests/test_cli.py::TestVisualizeGeometry::test_visualize_geometry_with_output PASSED [  6%]
tests/test_cli.py::TestVisualizeGeometry::test_visualize_geometry_interactive PASSED [  6%]
tests/test_cli.py::TestVisualizeFlux::test_visualize_flux_file_not_found PASSED [  6%]
tests/test_cli.py::TestVisualizeFlux::test_visualize_flux_basic PASSED   [  6%]
tests/test_cli.py::TestBurnupVisualize::test_burnup_visualize_file_not_found PASSED [  6%]
tests/test_cli.py::TestBurnupVisualize::test_burnup_visualize_basic PASSED [  6%]
tests/test_cli.py::TestBurnupVisualize::test_burnup_visualize_with_burnup_plot PASSED [  6%]
tests/test_cli.py::TestBurnupVisualize::test_burnup_visualize_composition PASSED [  6%]
tests/test_cli.py::TestBurnupVisualize::test_burnup_visualize_with_keff PASSED [  6%]
tests/test_cli.py::TestBurnupVisualize::test_burnup_visualize_unsupported_format PASSED [  6%]
tests/test_cli.py::TestBurnupVisualize::test_burnup_visualize_hdf5_not_available PASSED [  6%]
tests/test_cli.py::TestSweepRun::test_sweep_run_basic PASSED             [  6%]
tests/test_cli.py::TestSweepRun::test_sweep_run_with_reactor_file PASSED [  6%]
tests/test_cli.py::TestSweepRun::test_sweep_run_with_preset PASSED       [  6%]
tests/test_cli.py::TestTemplateCreate::test_template_create_no_options PASSED [  6%]
tests/test_cli.py::TestTemplateCreate::test_template_create_from_preset PASSED [  6%]
tests/test_cli.py::TestTemplateModify::test_template_modify_file_not_found PASSED [  6%]
tests/test_cli.py::TestTemplateModify::test_template_modify_with_params PASSED [  6%]
tests/test_cli.py::TestTemplateValidate::test_template_validate_valid PASSED [  6%]
tests/test_cli.py::TestTemplateValidate::test_template_validate_invalid PASSED [  6%]
tests/test_cli.py::TestAdditionalCLIPaths::test_reactor_list_without_rich PASSED [  6%]
tests/test_cli.py::TestAdditionalCLIPaths::test_reactor_list_with_type_filter PASSED [  6%]
tests/test_cli.py::TestAdditionalCLIPaths::test_reactor_list_detailed_without_rich PASSED [  6%]
tests/test_cli.py::TestAdditionalCLIPaths::test_config_show_yaml_not_available PASSED [  6%]
tests/test_cli.py::TestAdditionalCLIPaths::test_config_set_yaml_not_available PASSED [  6%]
tests/test_cli.py::TestAdditionalCLIPaths::test_transient_run_with_output PASSED [  6%]
tests/test_cli.py::TestAdditionalCLIPaths::test_transient_run_without_rich PASSED [  6%]
tests/test_cli.py::TestAdditionalCLIPaths::test_thermal_lumped_with_config PASSED [  6%]
tests/test_cli.py::TestAdditionalCLIPaths::test_thermal_lumped_yaml_not_available PASSED [  6%]
tests/test_cli.py::TestDesignStudyHtmlReport::test_write_design_study_html PASSED [  6%]
tests/test_cli.py::TestCLIHelpers::test_to_jsonable_ndarray PASSED       [  6%]
tests/test_cli.py::TestCLIHelpers::test_to_jsonable_np_generic PASSED    [  6%]
tests/test_cli.py::TestCLIHelpers::test_to_jsonable_path PASSED          [  6%]
tests/test_cli.py::TestCLIHelpers::test_to_jsonable_dict PASSED          [  6%]
tests/test_cli.py::TestCLIHelpers::test_to_jsonable_list_tuple PASSED    [  6%]
tests/test_cli.py::TestCLIHelpers::test_to_jsonable_set PASSED           [  6%]
tests/test_cli.py::TestCLIHelpers::test_to_jsonable_other PASSED         [  6%]
tests/test_cli.py::TestCLIHelpers::test_supports_unicode PASSED          [  6%]
tests/test_cli.py::TestCLIHelpers::test_save_workflow_plot_matplotlib PASSED [  6%]
tests/test_cli.py::TestCLIHelpers::test_save_workflow_plot_plotly_html PASSED [  6%]
tests/test_cli.py::TestCLIHelpers::test_save_workflow_plot_plotly_image_fallback PASSED [  6%]
tests/test_cli.py::TestCLIHelpers::test_save_workflow_plot_unsupported PASSED [  6%]
tests/test_cli.py::TestDataInterpolate::test_data_interpolate_invalid_nuclide PASSED [  7%]
tests/test_cli.py::TestDataInterpolate::test_data_interpolate_success_mocked PASSED [  7%]
tests/test_cli.py::TestDataShield::test_data_shield_invalid_nuclide PASSED [  7%]
tests/test_cli.py::TestDecayHeatCalculate::test_decay_heat_no_inventory_or_nuclides PASSED [  7%]
tests/test_cli.py::TestDecayHeatCalculate::test_decay_heat_invalid_nuclide_spec PASSED [  7%]
tests/test_cli.py::TestDecayHeatCalculate::test_decay_heat_success_nuclides_mocked PASSED [  7%]
tests/test_cli.py::TestGitHubActionsCLI::test_github_repo_root_invalid_dir PASSED [  7%]
tests/test_cli.py::TestGitHubActionsCLI::test_github_actions_status_success PASSED [  7%]
tests/test_cli.py::TestGitHubActionsCLI::test_github_actions_enable_success PASSED [  7%]
tests/test_cli.py::TestGitHubActionsCLI::test_github_actions_disable_success PASSED [  7%]
tests/test_cli.py::TestGitHubActionsCLI::test_github_actions_list_success PASSED [  7%]
tests/test_cli.py::TestGitHubActionsCLI::test_github_actions_set_unknown_feature PASSED [  7%]
tests/test_cli.py::TestGitHubActionsCLI::test_github_actions_set_success PASSED [  7%]
tests/test_cli.py::TestGitHubActionsCLI::test_github_actions_configure_with_flags PASSED [  7%]
tests/test_cli.py::TestGitHubActionsCLI::test_main_github_status PASSED  [  7%]
tests/test_cli.py::TestWorkflowCLI::test_workflow_doe_lhs_success PASSED [  7%]
tests/test_cli.py::TestWorkflowCLI::test_workflow_doe_factorial_success PASSED [  7%]
tests/test_cli.py::TestWorkflowCLI::test_workflow_doe_error_invalid_factors PASSED [  7%]
tests/test_cli.py::TestWorkflowCLI::test_workflow_design_point_success PASSED [  7%]
tests/test_cli.py::TestWorkflowCLI::test_workflow_safety_report_success PASSED [  7%]
tests/test_cli.py::TestWorkflowCLI::test_workflow_pareto_success PASSED  [  7%]
tests/test_cli.py::TestWorkflowCLI::test_workflow_requirements_to_constraints_success PASSED [  7%]
tests/test_cli.py::TestBatchKeffAndWorkflowHandlers::test_batch_keff_run_no_reactors PASSED [  7%]
tests/test_cli.py::TestBatchKeffAndWorkflowHandlers::test_batch_keff_run_success_mocked PASSED [  7%]
tests/test_cli.py::TestBatchKeffAndWorkflowHandlers::test_workflow_variant_success PASSED [  7%]
tests/test_cli.py::TestBatchKeffAndWorkflowHandlers::test_workflow_sensitivity_success PASSED [  7%]
tests/test_cli.py::TestBatchKeffAndWorkflowHandlers::test_workflow_sensitivity_no_file PASSED [  7%]
tests/test_cli.py::TestBatchKeffAndWorkflowHandlers::test_workflow_sobol_success PASSED [  7%]
tests/test_cli.py::TestBatchKeffAndWorkflowHandlers::test_workflow_sobol_no_file PASSED [  7%]
tests/test_cli.py::TestBatchKeffAndWorkflowHandlers::test_workflow_atlas_success PASSED [  7%]
tests/test_cli.py::TestBatchKeffAndWorkflowHandlers::test_workflow_surrogate_success PASSED [  7%]
tests/test_cli.py::TestBatchKeffAndWorkflowHandlers::test_data_shield_success_mocked PASSED [  7%]
tests/test_cli.py::TestBatchKeffAndWorkflowHandlers::test_workflow_design_study_success PASSED [  7%]
tests/test_cli.py::TestBatchKeffAndWorkflowHandlers::test_workflow_optimize_no_reactor PASSED [  7%]
tests/test_cli.py::TestBatchKeffAndWorkflowHandlers::test_workflow_optimize_success_mocked PASSED [  7%]
tests/test_cli.py::TestBatchKeffAndWorkflowHandlers::test_workflow_uq_no_reactor PASSED [  7%]
tests/test_cli.py::TestBatchKeffAndWorkflowHandlers::test_workflow_uq_success_mocked PASSED [  7%]
tests/test_constants.py::TestElementSymbols::test_element_symbols_contains_uranium PASSED [  7%]
tests/test_constants.py::TestElementSymbols::test_symbol_to_z_mapping PASSED [  7%]
tests/test_constants.py::TestElementSymbols::test_element_symbols_consistency PASSED [  7%]
tests/test_constants.py::TestParseNuclideString::test_parse_simple_nuclide PASSED [  7%]
tests/test_constants.py::TestParseNuclideString::test_parse_metastable PASSED [  7%]
tests/test_constants.py::TestParseNuclideString::test_parse_metastable_with_number PASSED [  7%]
tests/test_constants.py::TestParseNuclideString::test_parse_invalid_nuclide PASSED [  7%]
tests/test_constants.py::TestParseNuclideString::test_parse_various_nuclides PASSED [  7%]
tests/test_constants.py::TestZamToName::test_zam_to_name_u235 PASSED     [  7%]
tests/test_constants.py::TestZamToName::test_zam_to_name_u238 PASSED     [  7%]
tests/test_constants.py::TestZamToName::test_zam_to_name_metastable PASSED [  7%]
tests/test_constants.py::TestZamToName::test_zam_to_name_round_trip PASSED [  7%]
tests/test_constants.py::TestWattSpectrum::test_watt_spectrum_normalized PASSED [  7%]
tests/test_constants.py::TestWattSpectrum::test_watt_spectrum_positive PASSED [  7%]
tests/test_constants.py::TestWattSpectrum::test_watt_spectrum_with_u235_params PASSED [  8%]
tests/test_constants.py::TestWattSpectrum::test_watt_spectrum_with_pu239_params PASSED [  8%]
tests/test_constants.py::TestWattSpectrum::test_watt_spectrum_shape PASSED [  8%]
tests/test_constants.py::TestConstants::test_htgr_constants_dict PASSED  [  8%]
tests/test_constants.py::TestConstants::test_atomic_masses_dict PASSED   [  8%]
tests/test_constants.py::TestConstants::test_q_values_dict PASSED        [  8%]
tests/test_constants.py::TestConstants::test_resonance_integrals_dict PASSED [  8%]
tests/test_constants.py::TestConstants::test_fast_flux_threshold PASSED  [  8%]
tests/test_constants.py::TestGroupStructures::test_group_structures_dict PASSED [  8%]
tests/test_constants.py::TestGroupStructures::test_scale_44_structure PASSED [  8%]
tests/test_constants.py::TestGroupStructures::test_htgr_8_structure PASSED [  8%]
tests/test_constants.py::TestGroupStructures::test_casmo_16_structure PASSED [  8%]
tests/test_constants.py::TestDelayedNeutronData::test_delayed_neutron_data_structure PASSED [  8%]
tests/test_constants.py::TestDelayedNeutronData::test_u235_delayed_neutron_data PASSED [  8%]
tests/test_constants.py::TestDelayedNeutronData::test_pu239_delayed_neutron_data PASSED [  8%]
tests/test_constraints.py::TestConstraintViolation::test_constraint_violation_creation PASSED [  8%]
tests/test_constraints.py::TestValidationResult::test_validation_result_passed PASSED [  8%]
tests/test_constraints.py::TestValidationResult::test_validation_result_with_errors PASSED [  8%]
tests/test_constraints.py::TestValidationResult::test_validation_result_with_warnings PASSED [  8%]
tests/test_constraints.py::TestConstraintSet::test_add_constraint PASSED [  8%]
tests/test_constraints.py::TestConstraintSet::test_get_regulatory_limits PASSED [  8%]
tests/test_constraints.py::TestConstraintSet::test_get_safety_margins PASSED [  8%]
tests/test_constraints.py::TestConstraintSet::test_save_and_load PASSED  [  8%]
tests/test_constraints.py::TestDesignValidator::test_init PASSED         [  8%]
tests/test_constraints.py::TestDesignValidator::test_validate_analysis_failure PASSED [  8%]
tests/test_constraints.py::TestDesignValidator::test_validate_k_eff_pass PASSED [  8%]
tests/test_constraints.py::TestDesignValidator::test_validate_k_eff_fail PASSED [  8%]
tests/test_constraints.py::TestDesignValidator::test_validate_power_density_pass PASSED [  8%]
tests/test_constraints.py::TestDesignValidator::test_validate_power_density_exceed PASSED [  8%]
tests/test_constraints.py::TestDesignValidator::test_validate_power_density_warning PASSED [  8%]
tests/test_constraints.py::TestDesignValidator::test_validate_min_constraint PASSED [  8%]
tests/test_constraints.py::TestDesignValidator::test_validate_min_constraint_fail PASSED [  8%]
tests/test_constraints.py::TestDesignValidator::test_validate_with_preexisting_results PASSED [  8%]
tests/test_constraints.py::TestDesignValidator::test_validate_power_peak_factor PASSED [  8%]
tests/test_constraints.py::TestDesignValidator::test_validate_unknown_constraint PASSED [  8%]
tests/test_constraints.py::TestDesignValidator::test_validate_value_from_reactor_spec PASSED [  8%]
tests/test_constraints.py::TestDesignValidator::test_validate_min_constraint_warning_severity PASSED [  8%]
tests/test_constraints.py::TestDesignValidator::test_validate_min_constraint_error_severity PASSED [  8%]
tests/test_constraints.py::TestDesignValidator::test_validate_min_k_eff_max_type PASSED [  8%]
tests/test_constraints.py::TestDesignValidator::test_validate_unknown_constraint_type_skipped PASSED [  8%]
tests/test_constraints.py::TestDesignValidator::test_validate_spec_missing_constraint_attribute_skipped PASSED [  8%]
tests/test_constraints.py::TestDesignValidator::test_validate_max_constraint_no_violation_severity_none PASSED [  8%]
tests/test_constraints.py::TestDesignValidator::test_validate_reactor_no_spec_skipped PASSED [  8%]
tests/test_constraints.py::TestDesignValidator::test_validate_min_constraint_no_violation_severity_none PASSED [  8%]
tests/test_control_controllers.py::TestPIDController::test_pid_basic PASSED [  8%]
tests/test_control_controllers.py::TestPIDController::test_pid_integral_windup PASSED [  8%]
tests/test_control_controllers.py::TestPIDController::test_pid_reset PASSED [  8%]
tests/test_control_controllers.py::TestPIDController::test_pid_setpoint_change PASSED [  8%]
tests/test_control_controllers.py::TestReactorController::test_reactor_controller_init PASSED [  8%]
tests/test_control_controllers.py::TestReactorController::test_control_step_power_mode PASSED [  8%]
tests/test_control_controllers.py::TestReactorController::test_control_step_temperature_mode PASSED [  9%]
tests/test_control_controllers.py::TestReactorController::test_control_step_coordinated_mode PASSED [  9%]
tests/test_control_controllers.py::TestReactorController::test_setpoint_updates PASSED [  9%]
tests/test_control_controllers.py::TestReactorController::test_reset PASSED [  9%]
tests/test_control_controllers.py::TestLoadFollowingController::test_load_following_init PASSED [  9%]
tests/test_control_controllers.py::TestLoadFollowingController::test_get_demand_no_profile PASSED [  9%]
tests/test_control_controllers.py::TestLoadFollowingController::test_get_demand_with_profile PASSED [  9%]
tests/test_control_controllers.py::TestLoadFollowingController::test_ramp_limited_setpoint PASSED [  9%]
tests/test_control_controllers.py::TestLoadFollowingController::test_control_step PASSED [  9%]
tests/test_control_controllers.py::TestLoadFollowingController::test_reset PASSED [  9%]
tests/test_control_integration.py::TestCreateControlledReactivity::test_create_controlled_reactivity_basic PASSED [  9%]
tests/test_control_integration.py::TestCreateControlledReactivity::test_create_controlled_reactivity_with_rod_worth PASSED [  9%]
tests/test_control_integration.py::TestCreateControlledReactivity::test_create_controlled_reactivity_with_state PASSED [  9%]
tests/test_control_integration.py::TestCreateControlledReactivity::test_create_controlled_reactivity_with_temperature_key PASSED [  9%]
tests/test_control_integration.py::TestCreateControlledReactivity::test_create_controlled_reactivity_time_evolution PASSED [  9%]
tests/test_control_integration.py::TestCreateControlledReactivity::test_create_controlled_reactivity_state_update PASSED [  9%]
tests/test_control_integration.py::TestCreateLoadFollowingReactivity::test_create_load_following_reactivity_basic PASSED [  9%]
tests/test_control_integration.py::TestCreateLoadFollowingReactivity::test_create_load_following_reactivity_with_state PASSED [  9%]
tests/test_control_integration.py::TestCreateLoadFollowingReactivity::test_create_load_following_reactivity_with_temperature_key PASSED [  9%]
tests/test_control_integration.py::TestCreateLoadFollowingReactivity::test_create_load_following_reactivity_time_evolution PASSED [  9%]
tests/test_control_integration.py::TestCreateLoadFollowingReactivity::test_create_load_following_reactivity_state_update PASSED [  9%]
tests/test_control_integration.py::TestCreateLoadFollowingReactivity::test_create_load_following_reactivity_no_state_update PASSED [  9%]
tests/test_control_integration.py::TestIntegrationWithRealControllers::test_create_controlled_reactivity_real_controller PASSED [  9%]
tests/test_control_integration.py::TestIntegrationWithRealControllers::test_create_load_following_reactivity_real_controller PASSED [  9%]
tests/test_control_integration.py::TestControlIntegrationEdgeCases::test_create_controlled_reactivity_state_partial_update PASSED [  9%]
tests/test_control_integration.py::TestControlIntegrationEdgeCases::test_create_controlled_reactivity_state_only_temperature PASSED [  9%]
tests/test_control_integration.py::TestControlIntegrationEdgeCases::test_create_controlled_reactivity_empty_state_dict PASSED [  9%]
tests/test_control_integration.py::TestControlIntegrationEdgeCases::test_create_controlled_reactivity_dt_calculation_zero_time PASSED [  9%]
tests/test_control_integration.py::TestControlIntegrationEdgeCases::test_create_controlled_reactivity_rod_worth_none PASSED [  9%]
tests/test_control_integration.py::TestControlIntegrationEdgeCases::test_create_load_following_reactivity_state_partial_update PASSED [  9%]
tests/test_control_integration.py::TestControlIntegrationEdgeCases::test_create_load_following_reactivity_empty_state_dict PASSED [  9%]
tests/test_control_integration.py::TestControlIntegrationEdgeCases::test_create_load_following_reactivity_dt_calculation PASSED [  9%]
tests/test_control_integration.py::TestControlIntegrationEdgeCases::test_create_controlled_reactivity_temperature_precedence PASSED [  9%]
tests/test_control_integration.py::TestControlIntegrationEdgeCases::test_create_load_following_reactivity_temperature_precedence PASSED [  9%]
tests/test_control_integration.py::TestControlIntegrationEdgeCases::test_create_controlled_reactivity_state_neither_key PASSED [  9%]
tests/test_control_integration.py::TestControlIntegrationEdgeCases::test_create_controlled_reactivity_backwards_time PASSED [  9%]
tests/test_control_integration.py::TestControlIntegrationEdgeCases::test_create_load_following_reactivity_state_neither_key PASSED [  9%]
tests/test_control_integration.py::TestControlIntegrationEdgeCases::test_create_controlled_reactivity_state_none PASSED [  9%]
tests/test_control_integration.py::TestControlIntegrationEdgeCases::test_create_load_following_reactivity_state_none PASSED [  9%]
tests/test_control_integration.py::TestControlIntegrationEdgeCases::test_create_controlled_reactivity_state_with_only_temperature_no_power PASSED [  9%]
tests/test_control_integration.py::TestControlIntegrationEdgeCases::test_create_load_following_reactivity_state_with_only_temperature_no_power PASSED [  9%]
tests/test_control_integration_extended.py::TestControlIntegrationExtendedEdgeCases::test_create_controlled_reactivity_state_with_none_temperature_fallback PASSED [  9%]
tests/test_control_integration_extended.py::TestControlIntegrationExtendedEdgeCases::test_create_controlled_reactivity_state_with_t_fuel PASSED [  9%]
tests/test_control_integration_extended.py::TestControlIntegrationExtendedEdgeCases::test_create_load_following_reactivity_state_with_none_temperature_fallback PASSED [  9%]
tests/test_control_integration_extended.py::TestControlIntegrationExtendedEdgeCases::test_create_load_following_reactivity_state_with_t_fuel PASSED [  9%]
tests/test_control_integration_extended.py::TestControlIntegrationExtendedEdgeCases::test_create_controlled_reactivity_control_step_exception PASSED [  9%]
tests/test_control_integration_extended.py::TestControlIntegrationExtendedEdgeCases::test_create_load_following_reactivity_control_step_exception PASSED [  9%]
tests/test_control_integration_extended.py::TestControlIntegrationExtendedEdgeCases::test_create_controlled_reactivity_zero_initial_time_dt_zero PASSED [  9%]
tests/test_control_integration_extended.py::TestControlIntegrationExtendedEdgeCases::test_create_load_following_reactivity_zero_initial_time_dt_zero PASSED [  9%]
tests/test_control_integration_extended.py::TestControlIntegrationExtendedEdgeCases::test_create_controlled_reactivity_negative_dt PASSED [  9%]
tests/test_control_integration_extended.py::TestControlIntegrationExtendedEdgeCases::test_create_load_following_reactivity_state_temperature_only_via_get PASSED [  9%]
tests/test_control_integration_extended.py::TestControlIntegrationExtendedEdgeCases::test_create_controlled_reactivity_state_power_only_no_temp_update PASSED [ 10%]
tests/test_control_integration_extended.py::TestControlIntegrationExtendedEdgeCases::test_create_load_following_reactivity_state_power_only_no_temp_update PASSED [ 10%]
tests/test_control_rod_worth.py::TestWorthProfile::test_uniform_profile PASSED [ 10%]
tests/test_control_rod_worth.py::TestWorthProfile::test_cosine_profile PASSED [ 10%]
tests/test_control_rod_worth.py::TestWorthProfile::test_parabolic_profile PASSED [ 10%]
tests/test_control_rod_worth.py::TestWorthProfile::test_get_worth_fraction PASSED [ 10%]
tests/test_control_rod_worth.py::TestWorthProfile::test_get_worth_fraction_cosine PASSED [ 10%]
tests/test_control_rod_worth.py::TestWorthProfile::test_get_worth_fraction_position_gt_one_normalized PASSED [ 10%]
tests/test_control_rod_worth.py::TestWorthProfile::test_get_worth_fraction_position_gt_one_max_zero PASSED [ 10%]
tests/test_control_rod_worth.py::TestControlRodWorthCalculator::test_calculator_creation PASSED [ 10%]
tests/test_control_rod_worth.py::TestControlRodWorthCalculator::test_calculate_worth_uniform PASSED [ 10%]
tests/test_control_rod_worth.py::TestControlRodWorthCalculator::test_calculate_worth_cosine PASSED [ 10%]
tests/test_control_rod_worth.py::TestControlRodWorthCalculator::test_calculate_flux_weighted_worth PASSED [ 10%]
tests/test_control_rod_worth.py::TestControlRodWorthCalculator::test_calculate_worth_gradient PASSED [ 10%]
tests/test_control_rod_worth.py::TestControlRodWorthCalculator::test_interpolate_worth PASSED [ 10%]
tests/test_control_rod_worth.py::TestControlRodWorthCalculator::test_calculate_worth_axial_positions_norm_max_le_one PASSED [ 10%]
tests/test_control_rod_worth.py::TestControlRodWorthCalculator::test_calculate_worth_no_inserted_region PASSED [ 10%]
tests/test_control_rod_worth.py::TestControlRodWorthCalculator::test_calculate_worth_zero_flux_sum PASSED [ 10%]
tests/test_control_rod_worth.py::TestControlRodWorthCalculator::test_interpolate_worth_cubic PASSED [ 10%]
tests/test_control_rod_worth.py::TestWorthFromNeutronics::test_calculate_rod_worth_from_neutronics PASSED [ 10%]
tests/test_control_rod_worth.py::TestWorthFromNeutronics::test_calculate_rod_worth_from_neutronics_invalid_k_eff PASSED [ 10%]
tests/test_control_rod_worth.py::TestWorthFromNeutronics::test_calculate_rod_worth_pcm PASSED [ 10%]
tests/test_control_rod_worth.py::TestWorthFromNeutronics::test_calculate_worth_profile_from_neutronics PASSED [ 10%]
tests/test_control_rod_worth.py::TestWorthFromNeutronics::test_worth_profile_normalization PASSED [ 10%]
tests/test_control_rods.py::TestControlRod::test_control_rod_creation PASSED [ 10%]
tests/test_control_rods.py::TestControlRod::test_control_rod_volume PASSED [ 10%]
tests/test_control_rods.py::TestControlRod::test_control_rod_inserted_length PASSED [ 10%]
tests/test_control_rods.py::TestControlRod::test_control_rod_fully_inserted PASSED [ 10%]
tests/test_control_rods.py::TestControlRod::test_control_rod_fully_withdrawn PASSED [ 10%]
tests/test_control_rods.py::TestControlRodBank::test_bank_creation PASSED [ 10%]
tests/test_control_rods.py::TestControlRodBank::test_bank_add_rod PASSED [ 10%]
tests/test_control_rods.py::TestControlRodBank::test_bank_set_insertion PASSED [ 10%]
tests/test_control_rods.py::TestControlRodBank::test_bank_scram PASSED   [ 10%]
tests/test_control_rods.py::TestControlRodBank::test_bank_withdraw PASSED [ 10%]
tests/test_control_rods.py::TestControlRodBank::test_bank_total_worth PASSED [ 10%]
tests/test_control_rods.py::TestControlRodBank::test_bank_total_worth_no_max PASSED [ 10%]
tests/test_control_rods.py::TestControlRodBank::test_bank_total_worth_with_worth_profile PASSED [ 10%]
tests/test_control_rods.py::TestControlRodBank::test_bank_length_property PASSED [ 10%]
tests/test_control_rods.py::TestControlRodBank::test_bank_get_rods_by_position PASSED [ 10%]
tests/test_control_rods.py::TestControlRodBank::test_bank_get_rods_by_position_no_rods PASSED [ 10%]
tests/test_control_rods.py::TestControlRodBank::test_bank_can_insert_no_dependencies PASSED [ 10%]
tests/test_control_rods.py::TestControlRodBank::test_bank_can_insert_with_dependencies PASSED [ 10%]
tests/test_control_rods.py::TestControlRodBank::test_bank_can_insert_dependency_not_inserted PASSED [ 10%]
tests/test_control_rods.py::TestControlRodBank::test_bank_can_insert_dependency_not_found PASSED [ 10%]
tests/test_control_rods.py::TestControlRodSequence::test_sequence_creation PASSED [ 10%]
tests/test_control_rods.py::TestControlRodSequence::test_sequence_with_steps PASSED [ 10%]
tests/test_control_rods.py::TestScramEvent::test_scram_event_creation PASSED [ 10%]
tests/test_control_rods.py::TestControlRodWorthAtPosition::test_worth_at_position_no_worth PASSED [ 10%]
tests/test_control_rods.py::TestControlRodWorthAtPosition::test_worth_at_position_outside_inserted_length PASSED [ 10%]
tests/test_control_rods.py::TestControlRodWorthAtPosition::test_worth_at_position_with_worth_profile PASSED [ 10%]
tests/test_control_rods.py::TestControlRodWorthAtPosition::test_worth_at_position_zero_length PASSED [ 11%]
tests/test_control_rods.py::TestControlRodSystem::test_system_creation PASSED [ 11%]
tests/test_control_rods.py::TestControlRodSystem::test_system_add_bank PASSED [ 11%]
tests/test_control_rods.py::TestControlRodSystem::test_system_get_bank PASSED [ 11%]
tests/test_control_rods.py::TestControlRodSystem::test_system_scram_all PASSED [ 11%]
tests/test_control_rods.py::TestControlRodSystem::test_system_total_reactivity_worth PASSED [ 11%]
tests/test_control_rods.py::TestControlRodSystem::test_system_shutdown_margin PASSED [ 11%]
tests/test_control_rods.py::TestControlRodSystem::test_system_shutdown_margin_no_max_worth PASSED [ 11%]
tests/test_control_rods.py::TestControlRodSystem::test_system_execute_sequence PASSED [ 11%]
tests/test_control_rods.py::TestControlRodSystem::test_system_execute_sequence_bank_not_found PASSED [ 11%]
tests/test_control_rods.py::TestControlRodSystem::test_system_execute_sequence_with_dependency_check PASSED [ 11%]
tests/test_control_rods.py::TestControlRodSystem::test_system_execute_sequence_dependency_failed PASSED [ 11%]
tests/test_control_rods.py::TestControlRodSystem::test_system_scram_all_records_history PASSED [ 11%]
tests/test_control_rods.py::TestControlRodSystem::test_system_add_sequence PASSED [ 11%]
tests/test_control_rods.py::TestControlRodSystem::test_system_get_sequence PASSED [ 11%]
tests/test_control_rods.py::TestControlRodSystem::test_system_get_banks_by_priority PASSED [ 11%]
tests/test_control_rods.py::TestControlRodSystem::test_system_get_banks_by_zone PASSED [ 11%]
tests/test_control_rods.py::TestControlRodSystem::test_system_calculate_worth_at_position PASSED [ 11%]
tests/test_control_rods.py::TestControlRodSystem::test_system_calculate_worth_at_position_with_radial_profile PASSED [ 11%]
tests/test_control_rods.py::TestControlRodSystem::test_system_calculate_worth_at_position_with_axial_profile PASSED [ 11%]
tests/test_control_rods.py::TestControlRodSystem::test_system_calculate_worth_at_position_zero_radius PASSED [ 11%]
tests/test_control_rods.py::TestControlRodSystem::test_system_sequenced_insertion_by_priority PASSED [ 11%]
tests/test_control_rods.py::TestControlRodSystem::test_system_sequenced_insertion_by_dependency PASSED [ 11%]
tests/test_control_rods.py::TestControlRodSystem::test_system_sequenced_insertion_specific_banks PASSED [ 11%]
tests/test_control_rods.py::TestControlRodSystem::test_system_sequenced_insertion_circular_dependency PASSED [ 11%]
tests/test_control_rods.py::TestControlRodSystem::test_system_sequenced_insertion_dependency_violation PASSED [ 11%]
tests/test_control_rods.py::TestControlRodSystem::test_system_get_scram_geometry PASSED [ 11%]
tests/test_control_rods.py::TestControlRodSystem::test_system_is_in_scram_state PASSED [ 11%]
tests/test_control_rods.py::TestControlRodSystem::test_system_create_standard_sequence PASSED [ 11%]
tests/test_control_rods.py::TestControlRodSystem::test_system_create_standard_sequence_not_regulation_first PASSED [ 11%]
tests/test_control_rods.py::TestControlRodSystem::test_system_create_standard_sequence_empty_banks PASSED [ 11%]
tests/test_convenience.py::TestListPresets::test_list_presets_returns_list PASSED [ 11%]
tests/test_convenience.py::TestListPresets::test_list_presets_contains_expected PASSED [ 11%]
tests/test_convenience.py::TestGetPreset::test_get_preset_returns_spec PASSED [ 11%]
tests/test_convenience.py::TestGetPreset::test_get_preset_invalid_name PASSED [ 11%]
tests/test_convenience.py::TestCreateReactor::test_create_reactor_custom PASSED [ 11%]
tests/test_convenience.py::TestCreateReactor::test_create_reactor_with_defaults PASSED [ 11%]
tests/test_convenience.py::TestCreateReactor::test_create_reactor_with_preset_name PASSED [ 11%]
tests/test_convenience.py::TestCreateReactor::test_create_reactor_invalid_preset PASSED [ 11%]
tests/test_convenience.py::TestCreateReactor::test_create_reactor_from_config_path PASSED [ 11%]
tests/test_convenience.py::TestLoadReactor::test_load_reactor_from_path PASSED [ 11%]
tests/test_convenience.py::TestLoadReactor::test_load_reactor_from_str PASSED [ 11%]
tests/test_convenience.py::TestLoadReactor::test_load_reactor_solve_keff PASSED [ 11%]
tests/test_convenience.py::TestQuickValidate::test_quick_validate_with_path PASSED [ 11%]
tests/test_convenience.py::TestQuickValidate::test_quick_validate_with_reactor PASSED [ 11%]
tests/test_convenience.py::TestQuickKeff::test_quick_keff_returns_float PASSED [ 11%]
tests/test_convenience.py::TestQuickKeff::test_quick_keff_with_custom_params PASSED [ 11%]
tests/test_convenience.py::TestAnalyzePreset::test_analyze_preset_returns_dict PASSED [ 11%]
tests/test_convenience.py::TestCompareDesigns::test_compare_designs_returns_dict PASSED [ 11%]
tests/test_convenience.py::TestCompareDesigns::test_compare_designs_empty_list PASSED [ 11%]
tests/test_convenience.py::TestSimpleReactorAdditional::test_simple_reactor_solve_returns_dict PASSED [ 11%]
tests/test_convenience.py::TestSimpleReactorAdditional::test_simple_reactor_save_and_load PASSED [ 12%]
tests/test_convenience.py::TestSimpleReactorAdditional::test_solve_keff_with_validation_error PASSED [ 12%]
tests/test_convenience.py::TestSimpleReactorAdditional::test_solve_with_power_distribution PASSED [ 12%]
tests/test_convenience.py::TestSimpleReactorAdditional::test_compare_designs_handles_errors PASSED [ 12%]
tests/test_convenience.py::TestSimpleReactor::test_simple_reactor_init PASSED [ 12%]
tests/test_convenience.py::TestSimpleReactor::test_simple_reactor_solve_keff PASSED [ 12%]
tests/test_convenience.py::TestSimpleReactor::test_simple_reactor_solve PASSED [ 12%]
tests/test_convenience.py::TestSimpleReactor::test_simple_reactor_get_core PASSED [ 12%]
tests/test_convenience.py::TestSimpleReactor::test_simple_reactor_get_xs_data PASSED [ 12%]
tests/test_convenience.py::TestSimpleReactor::test_simple_reactor_from_preset PASSED [ 12%]
tests/test_convenience.py::TestSimpleReactor::test_create_reactor_invalid_preset_error_path PASSED [ 12%]
tests/test_convenience.py::TestSimpleReactor::test_create_reactor_supports_all_listed_presets PASSED [ 12%]
tests/test_convenience.py::TestSimpleReactor::test_analyze_preset_return_path PASSED [ 12%]
tests/test_convenience.py::TestSimpleReactor::test_simple_reactor_from_preset_initialization PASSED [ 12%]
tests/test_convenience.py::TestSimpleReactor::test_simple_reactor_get_core_with_preset PASSED [ 12%]
tests/test_convenience.py::TestSimpleReactor::test_simple_reactor_get_xs_data_with_preset PASSED [ 12%]
tests/test_convenience.py::TestSimpleReactor::test_simple_reactor_solve_with_power_distribution PASSED [ 12%]
tests/test_convenience.py::TestSimpleReactor::test_convenience_import_error_handling PASSED [ 12%]
tests/test_convenience.py::TestSimpleReactor::test_get_library_initialization SKIPPED [ 12%]
tests/test_convenience.py::TestSimpleReactor::test_simple_reactor_solve_keff_success_path PASSED [ 12%]
tests/test_convenience.py::TestSimpleReactor::test_simple_reactor_solve_keff_exception_handling PASSED [ 12%]
tests/test_convenience.py::TestConvenienceEdgeCases::test_create_reactor_all_preset_types PASSED [ 12%]
tests/test_convenience.py::TestConvenienceEdgeCases::test_create_reactor_with_all_kwargs PASSED [ 12%]
tests/test_convenience.py::TestConvenienceEdgeCases::test_simple_reactor_init_with_custom_heavy_metal_loading PASSED [ 12%]
tests/test_convenience.py::TestConvenienceEdgeCases::test_simple_reactor_init_with_custom_coolant_flow_rate PASSED [ 12%]
tests/test_convenience.py::TestConvenienceEdgeCases::test_simple_reactor_get_core_builds_simple_core PASSED [ 12%]
tests/test_convenience.py::TestConvenienceEdgeCases::test_simple_reactor_get_core_calculates_n_rings PASSED [ 12%]
tests/test_convenience.py::TestConvenienceEdgeCases::test_simple_reactor_get_xs_data_creates_simple_xs PASSED [ 12%]
tests/test_convenience.py::TestConvenienceEdgeCases::test_simple_reactor_create_simple_xs PASSED [ 12%]
tests/test_convenience.py::TestConvenienceEdgeCases::test_simple_reactor_solve_with_power_distribution_exception PASSED [ 12%]
tests/test_convenience.py::TestConvenienceEdgeCases::test_simple_reactor_solve_keff_no_k_eff_attribute PASSED [ 12%]
tests/test_convenience.py::TestConvenienceEdgeCases::test_simple_reactor_solve_keff_k_eff_is_none PASSED [ 12%]
tests/test_convenience.py::TestConvenienceEdgeCases::test_compare_designs_with_exception PASSED [ 12%]
tests/test_convenience.py::TestConvenienceEdgeCases::test_compare_designs_mixed_valid_invalid PASSED [ 12%]
tests/test_convenience.py::TestConvenienceEdgeCases::test_simple_reactor_save_with_string_path PASSED [ 12%]
tests/test_convenience.py::TestConvenienceEdgeCases::test_simple_reactor_load_with_string_path PASSED [ 12%]
tests/test_convenience.py::TestConvenienceEdgeCases::test_simple_reactor_init_excludes_kwargs_from_spec PASSED [ 12%]
tests/test_convenience.py::TestConvenienceEdgeCases::test_simple_reactor_init_with_additional_kwargs PASSED [ 12%]
tests/test_convenience.py::TestConvenienceEdgeCases::test_get_library_raises_import_error_when_unavailable PASSED [ 12%]
tests/test_convenience.py::TestConvenienceEdgeCases::test_create_reactor_preset_class_mapping PASSED [ 12%]
tests/test_convenience.py::TestConvenienceMissingCoverage::test_get_preset_return_path PASSED [ 12%]
tests/test_convenience.py::TestConvenienceMissingCoverage::test_quick_keff_return_path PASSED [ 12%]
tests/test_convenience.py::TestConvenienceMissingCoverage::test_analyze_preset_full_path PASSED [ 12%]
tests/test_convenience.py::TestConvenienceMissingCoverage::test_compare_designs_exception_handling PASSED [ 12%]
tests/test_convenience.py::TestConvenienceMissingCoverage::test_get_core_simple_build_all_lines PASSED [ 12%]
tests/test_convenience.py::TestConvenienceMissingCoverage::test_get_core_with_preset_build_core PASSED [ 12%]
tests/test_convenience.py::TestConvenienceMissingCoverage::test_get_xs_data_with_preset_get_cross_sections PASSED [ 12%]
tests/test_convenience.py::TestConvenienceMissingCoverage::test_get_xs_data_creates_simple_xs_path PASSED [ 12%]
tests/test_convenience.py::TestConvenienceMissingCoverage::test_create_reactor_invalid_preset_raises_valueerror PASSED [ 12%]
tests/test_convenience.py::TestConvenienceMissingCoverage::test_get_library_raises_import_error PASSED [ 12%]
tests/test_convenience.py::TestConvenienceMissingCoverage::test_dummy_classes_defined_on_import_error PASSED [ 13%]
tests/test_convenience.py::TestConvenienceMissingCoverage::test_solve_power_distribution_success_path PASSED [ 13%]
tests/test_convenience.py::TestConvenienceMissingCoverage::test_solve_power_distribution_exception_path PASSED [ 13%]
tests/test_convenience_and_init_import_paths.py::test_convenience_module_core_paths PASSED [ 13%]
tests/test_convenience_and_init_import_paths.py::test_package_init_convenience_importerror_handling PASSED [ 13%]
tests/test_convenience_design_point.py::test_get_design_point_basic PASSED [ 13%]
tests/test_convenience_design_point.py::test_get_design_point_with_power_distribution PASSED [ 13%]
tests/test_convenience_design_point.py::test_save_variant_creates_file PASSED [ 13%]
tests/test_convenience_design_point.py::test_save_variant_sanitizes_name PASSED [ 13%]
tests/test_convenience_init.py::TestConvenienceInitImports::test_convenience_init_imports_success PASSED [ 13%]
tests/test_convenience_init.py::TestConvenienceInitImports::test_convenience_init_transient_import_error PASSED [ 13%]
tests/test_convenience_init.py::TestConvenienceInitImports::test_convenience_init_exception_handling PASSED [ 13%]
tests/test_convenience_init_comprehensive.py::TestConvenienceInitImportPaths::test_import_when_parent_available PASSED [ 13%]
tests/test_convenience_init_comprehensive.py::TestConvenienceInitImportPaths::test_transient_convenience_available PASSED [ 13%]
tests/test_convenience_init_comprehensive.py::TestConvenienceInitImportPaths::test_transient_convenience_not_available PASSED [ 13%]
tests/test_convenience_init_comprehensive.py::TestConvenienceInitImportPaths::test_all_exports_when_available PASSED [ 13%]
tests/test_convenience_init_comprehensive.py::TestConvenienceInitImportPaths::test_all_exports_when_transients_available PASSED [ 13%]
tests/test_convenience_init_comprehensive.py::TestConvenienceInitEdgeCases::test_import_when_parent_is_same_module PASSED [ 13%]
tests/test_convenience_init_comprehensive.py::TestConvenienceInitEdgeCases::test_all_empty_when_main_unavailable PASSED [ 13%]
tests/test_convenience_init_comprehensive.py::TestConvenienceInitEdgeCases::test_all_exports_only_main_available PASSED [ 13%]
tests/test_convenience_new_functions.py::TestListReactorTypes::test_returns_non_empty_list PASSED [ 13%]
tests/test_convenience_new_functions.py::TestListReactorTypes::test_contains_prismatic PASSED [ 13%]
tests/test_convenience_new_functions.py::TestListFuelTypes::test_returns_non_empty_list PASSED [ 13%]
tests/test_convenience_new_functions.py::TestListFuelTypes::test_contains_uco PASSED [ 13%]
tests/test_convenience_new_functions.py::TestQuickSweep::test_sweep_with_reactor_json_path PASSED [ 13%]
tests/test_convenience_new_functions.py::TestQuickSweep::test_sweep_with_preset_when_available PASSED [ 13%]
tests/test_convenience_new_functions.py::TestQuickEconomics::test_economics_with_reactor_json_path PASSED [ 13%]
tests/test_convenience_new_functions.py::TestQuickEconomics::test_economics_with_preset_when_available PASSED [ 13%]
tests/test_convenience_new_functions.py::TestListConstraintSets::test_returns_regulatory_and_safety PASSED [ 13%]
tests/test_convenience_new_functions.py::TestListConstraintSets::test_get_constraint_set PASSED [ 13%]
tests/test_convenience_new_functions.py::TestGetExamplePath::test_reactor_example PASSED [ 13%]
tests/test_convenience_new_functions.py::TestGetExamplePath::test_unknown_raises PASSED [ 13%]
tests/test_convenience_new_functions.py::TestListExamples::test_returns_non_empty PASSED [ 13%]
tests/test_convenience_new_functions.py::TestListNuclides::test_returns_common_nuclides PASSED [ 13%]
tests/test_convenience_new_functions.py::TestListSweepableParams::test_contains_enrichment PASSED [ 13%]
tests/test_convenience_new_functions.py::TestGetDefaultOutputDir::test_returns_path PASSED [ 13%]
tests/test_convenience_new_functions.py::TestSystemInfo::test_returns_dict_with_version PASSED [ 13%]
tests/test_convenience_new_functions.py::TestHelpTopics::test_returns_list PASSED [ 13%]
tests/test_convenience_new_functions.py::TestQuickOptimize::test_optimize_with_preset PASSED [ 13%]
tests/test_convenience_new_functions.py::TestQuickUq::test_uq_with_preset PASSED [ 13%]
tests/test_convenience_new_functions.py::TestGetDefaultEndfDir::test_returns_path PASSED [ 13%]
tests/test_convenience_new_functions.py::TestListEndfLibraries::test_returns_libraries PASSED [ 13%]
tests/test_convenience_new_functions.py::TestListGeometryTypes::test_returns_core_types PASSED [ 13%]
tests/test_convenience_new_functions.py::TestListAnalysisTypes::test_returns_analysis_types PASSED [ 13%]
tests/test_convenience_new_functions.py::TestListSurrogates::test_returns_list PASSED [ 13%]
tests/test_convenience_new_functions.py::TestQuickDownloadEndf::test_quick_download_endf_mocked PASSED [ 13%]
tests/test_convenience_new_functions.py::TestQuickBenchmark::test_quick_benchmark_returns_dict PASSED [ 13%]
tests/test_convenience_new_functions.py::TestQuickSafetyReport::test_quick_safety_report_with_preset PASSED [ 13%]
tests/test_convenience_new_functions.py::TestQuickTemplateFromPreset::test_quick_template_from_preset PASSED [ 13%]
tests/test_convenience_new_functions.py::TestListExportFormats::test_returns_formats PASSED [ 13%]
tests/test_convenience_new_functions.py::TestListTransientTypes::test_returns_types PASSED [ 13%]
tests/test_convenience_new_functions.py::TestGetConfig::test_get_config_empty_returns_dict PASSED [ 14%]
tests/test_convenience_new_functions.py::TestGetConfig::test_get_config_nonexistent_key_returns_none PASSED [ 14%]
tests/test_convenience_new_functions.py::TestListUqSamplingMethods::test_returns_methods PASSED [ 14%]
tests/test_convenience_new_functions.py::TestListOptimizationObjectives::test_returns_objectives PASSED [ 14%]
tests/test_convenience_new_functions.py::TestListOptimizationMethods::test_returns_methods PASSED [ 14%]
tests/test_convenience_new_functions.py::TestListDistributions::test_returns_distributions PASSED [ 14%]
tests/test_convenience_new_functions.py::TestListEconomicsOutputs::test_returns_outputs PASSED [ 14%]
tests/test_convenience_new_functions.py::TestGetDefaultConfigPath::test_returns_path PASSED [ 14%]
tests/test_convenience_new_functions.py::TestGetBenchmarkPath::test_returns_community_path PASSED [ 14%]
tests/test_convenience_new_functions.py::TestGetBenchmarkPath::test_returns_validation_path PASSED [ 14%]
tests/test_convenience_new_functions.py::TestListTemplates::test_returns_list PASSED [ 14%]
tests/test_convenience_new_functions.py::TestQuickExport::test_quick_export_json PASSED [ 14%]
tests/test_convenience_new_functions.py::TestQuickExport::test_quick_export_openmc PASSED [ 14%]
tests/test_convenience_new_functions.py::TestQuickExport::test_quick_export_invalid_format_raises PASSED [ 14%]
tests/test_convenience_package.py::test_convenience_package_importerror_and_branch_coverage PASSED [ 14%]
tests/test_convenience_remaining_coverage_round2.py::TestConvenienceUtilsImportErrorPaths::test_create_simple_burnup_solver_core_unavailable PASSED [ 14%]
tests/test_convenience_remaining_coverage_round2.py::TestConvenienceUtilsImportErrorPaths::test_get_material_core_unavailable PASSED [ 14%]
tests/test_convenience_remaining_coverage_round2.py::TestConvenienceUtilsImportErrorPaths::test_list_materials_core_unavailable PASSED [ 14%]
tests/test_convenience_remaining_coverage_round2.py::TestConvenienceUtilsImportErrorPaths::test_quick_plot_core_viz_unavailable PASSED [ 14%]
tests/test_convenience_remaining_coverage_round2.py::TestConvenienceUtilsImportErrorPaths::test_quick_plot_mesh_viz_unavailable PASSED [ 14%]
tests/test_convenience_remaining_coverage_round2.py::TestConvenienceUtilsImportErrorPaths::test_quick_plot_core_show_true_calls_plt_show PASSED [ 14%]
tests/test_convenience_remaining_coverage_round2.py::TestConvenienceUtilsImportErrorPaths::test_quick_plot_mesh_show_true_calls_fig_show PASSED [ 14%]
tests/test_convenience_remaining_coverage_round2.py::TestConvenienceUtilsQuickSolveReturnPower::test_quick_solve_return_power_with_geometry_spec_power_thermal PASSED [ 14%]
tests/test_convenience_remaining_coverage_round2.py::TestConvenienceUtilsQuickSolveReturnPower::test_quick_solve_return_power_without_geometry_spec_uses_default PASSED [ 14%]
tests/test_convenience_remaining_coverage_round2.py::TestConvenienceUtilsQuickSolveReturnPower::test_quick_solve_return_power_geometry_spec_no_power_thermal_uses_default PASSED [ 14%]
tests/test_convenience_transients.py::TestQuickTransient::test_quick_transient_reactivity_insertion PASSED [ 14%]
tests/test_convenience_transients.py::TestQuickTransient::test_quick_transient_reactivity_step PASSED [ 14%]
tests/test_convenience_transients.py::TestQuickTransient::test_quick_transient_decay_heat PASSED [ 14%]
tests/test_convenience_transients.py::TestQuickTransient::test_quick_transient_invalid_type PASSED [ 14%]
tests/test_convenience_transients.py::TestQuickTransient::test_quick_transient_invalid_inputs PASSED [ 14%]
tests/test_convenience_transients.py::TestQuickTransient::test_quick_transient_long_term_optimization PASSED [ 14%]
tests/test_convenience_transients.py::TestReactivityInsertion::test_reactivity_insertion PASSED [ 14%]
tests/test_convenience_transients.py::TestDecayHeatRemoval::test_decay_heat_removal PASSED [ 14%]
tests/test_convenience_transients.py::TestDecayHeatRemoval::test_decay_heat_removal_long_term PASSED [ 14%]
tests/test_convenience_transients.py::TestImports::test_import_quick_transient PASSED [ 14%]
tests/test_convenience_transients.py::TestImports::test_import_from_convenience PASSED [ 14%]
tests/test_convenience_transients.py::TestImports::test_import_from_top_level PASSED [ 14%]
tests/test_convenience_utils.py::TestGetNuclide::test_get_nuclide_simple PASSED [ 14%]
tests/test_convenience_utils.py::TestGetNuclide::test_get_nuclide_metastable PASSED [ 14%]
tests/test_convenience_utils.py::TestGetNuclide::test_get_nuclide_invalid PASSED [ 14%]
tests/test_convenience_utils.py::TestCreateNuclideList::test_create_nuclide_list_simple PASSED [ 14%]
tests/test_convenience_utils.py::TestCreateNuclideList::test_create_nuclide_list_empty PASSED [ 14%]
tests/test_convenience_utils.py::TestGetMaterial::test_get_material_exists PASSED [ 14%]
tests/test_convenience_utils.py::TestGetMaterial::test_get_material_not_found PASSED [ 14%]
tests/test_convenience_utils.py::TestListMaterials::test_list_materials_all PASSED [ 14%]
tests/test_convenience_utils.py::TestListMaterials::test_list_materials_category PASSED [ 14%]
tests/test_convenience_utils.py::TestConvenienceUtilsImportErrors::test_convenience_utils_import_error_handling PASSED [ 14%]
tests/test_convenience_utils_comprehensive.py::TestGeometryConvenienceFunctions::test_create_simple_core_defaults PASSED [ 14%]
tests/test_convenience_utils_comprehensive.py::TestGeometryConvenienceFunctions::test_create_simple_core_custom PASSED [ 14%]
tests/test_convenience_utils_comprehensive.py::TestGeometryConvenienceFunctions::test_create_simple_core_import_error PASSED [ 14%]
tests/test_convenience_utils_comprehensive.py::TestGeometryConvenienceFunctions::test_quick_mesh_extraction_volume PASSED [ 15%]
tests/test_convenience_utils_comprehensive.py::TestGeometryConvenienceFunctions::test_quick_mesh_extraction_surface PASSED [ 15%]
tests/test_convenience_utils_comprehensive.py::TestGeometryConvenienceFunctions::test_quick_mesh_extraction_with_channels PASSED [ 15%]
tests/test_convenience_utils_comprehensive.py::TestGeometryConvenienceFunctions::test_quick_mesh_extraction_invalid_type PASSED [ 15%]
tests/test_convenience_utils_comprehensive.py::TestGeometryConvenienceFunctions::test_quick_mesh_extraction_import_error PASSED [ 15%]
tests/test_convenience_utils_comprehensive.py::TestNeutronicsConvenienceFunctions::test_create_simple_solver_defaults PASSED [ 15%]
tests/test_convenience_utils_comprehensive.py::TestNeutronicsConvenienceFunctions::test_create_simple_solver_with_core PASSED [ 15%]
tests/test_convenience_utils_comprehensive.py::TestNeutronicsConvenienceFunctions::test_create_simple_solver_with_xs_data PASSED [ 15%]
tests/test_convenience_utils_comprehensive.py::TestNeutronicsConvenienceFunctions::test_create_simple_solver_custom_params PASSED [ 15%]
tests/test_convenience_utils_comprehensive.py::TestNeutronicsConvenienceFunctions::test_create_simple_solver_import_error PASSED [ 15%]
tests/test_convenience_utils_comprehensive.py::TestNeutronicsConvenienceFunctions::test_create_simple_xs_data_2_groups PASSED [ 15%]
tests/test_convenience_utils_comprehensive.py::TestNeutronicsConvenienceFunctions::test_create_simple_xs_data_custom_materials PASSED [ 15%]
tests/test_convenience_utils_comprehensive.py::TestNeutronicsConvenienceFunctions::test_create_simple_xs_data_single_material PASSED [ 15%]
tests/test_convenience_utils_comprehensive.py::TestNeutronicsConvenienceFunctions::test_create_simple_xs_data_k_eff_target PASSED [ 15%]
[...]
        """Test that import accepts optional materials file parameter."""
        geometry_file = tmp_path / "geometry.xml"
        materials_file = tmp_path / "materials.xml"
        geometry_file.write_text(
            '<?xml version="1.0"?><geometry>'
            '<surface id="1" type="z-plane" coeffs="0"/>'
            '<surface id="2" type="z-plane" coeffs="200"/>'
            '<surface id="3" type="z-cylinder" coeffs="0 0 50"/>'
            '<cell id="1" material="1" region="-1 2 -3"/>'
            '<cell id="2" material="void" region="1 | -2 | 3"/>'
            "</geometry>"
        )
        materials_file.write_text(
            '<?xml version="1.0"?><materials>'
            '<material id="1" name="fuel"><density value="sum" units="atom/b-cm"/>'
            '<nuclide name="U235" ao="4.5e-5"/><nuclide name="U238" ao="2.2e-4"/>'
            "</material></materials>"
        )
    
>       result = OpenMCConverter.import_reactor(geometry_file, materials_file)
                 ^^^^^^^^^^^^^^^^^^^^^^^^^^^^^^^^^^^^^^^^^^^^^^^^^^^^^^^^^^^^^

tests\test_converters.py:208: 
_ _ _ _ _ _ _ _ _ _ _ _ _ _ _ _ _ _ _ _ _ _ _ _ _ _ _ _ _ _ _ _ _ _ _ _ _ _ _ _

geometry_file = WindowsPath('C:/Users/cmwha/AppData/Local/Temp/pytest-of-cmwha/pytest-20/test_import_reactor_with_mater0/geometry.xml')
materials_file = WindowsPath('C:/Users/cmwha/AppData/Local/Temp/pytest-of-cmwha/pytest-20/test_import_reactor_with_mater0/materials.xml')

    @staticmethod
    def import_reactor(
        geometry_file: Path, materials_file: Optional[Path] = None
    ) -> Dict[str, Any]:
        """
        Import reactor from OpenMC format.
    
        Args:
            geometry_file: Path to geometry.xml
            materials_file: Optional path to materials.xml
    
        Returns:
            Dictionary with 'core', 'source', 'format'; or for Pro full PrismaticCore import.
        """
        if _PRO_AVAILABLE and _ProOpenMCConverter is not None:  # pragma: no cover
>           return _ProOpenMCConverter.import_reactor(
                Path(geometry_file),
                Path(materials_file) if materials_file else None,
            )

smrforge\io\converters.py:146: 
_ _ _ _ _ _ _ _ _ _ _ _ _ _ _ _ _ _ _ _ _ _ _ _ _ _ _ _ _ _ _ _ _ _ _ _ _ _ _ _

geometry_file = WindowsPath('C:/Users/cmwha/AppData/Local/Temp/pytest-of-cmwha/pytest-20/test_import_reactor_with_mater0/geometry.xml')
materials_file = WindowsPath('C:/Users/cmwha/AppData/Local/Temp/pytest-of-cmwha/pytest-20/test_import_reactor_with_mater0/materials.xml')

    @staticmethod
    def import_reactor(
        geometry_file: Path, materials_file: Optional[Path] = None
    ) -> Dict[str, Any]:
        """Import reactor from OpenMC format (Pro implementation)."""
        # TODO: Full implementation - parse XML, reconstruct geometry
>       raise NotImplementedError("OpenMC Pro import - implement in Phase 1")
E       NotImplementedError: OpenMC Pro import - implement in Phase 1

output\path-c-setup\smrforge_pro\converters\openmc.py:38: NotImplementedError
___________ TestOpenMCConverter.test_export_reactor_no_core_raises ____________

self = <tests.test_converters.TestOpenMCConverter object at 0x00000255CB4CAD20>
tmp_path = WindowsPath('C:/Users/cmwha/AppData/Local/Temp/pytest-of-cmwha/pytest-20/test_export_reactor_no_core_ra0')

    def test_export_reactor_no_core_raises(self, tmp_path):
        """Test that export raises when reactor has no core."""
    
        class NoCoreReactor:
            core = None
            _core = None
    
>       with pytest.raises(ValueError, match="no core"):
E       Failed: DID NOT RAISE <class 'ValueError'>

tests\test_converters.py:221: Failed
_ TestSelfShieldingIntegration.test_get_cross_section_with_self_shielding_no_resonance_available _

self = <tests.test_self_shielding_integration.TestSelfShieldingIntegration object at 0x00000255CD470470>

    def test_get_cross_section_with_self_shielding_no_resonance_available(self):
        """Test when resonance_selfshield module is not available."""
        from unittest.mock import patch
    
        import smrforge.core.self_shielding_integration
    
        # Mock _RESONANCE_AVAILABLE to False
        with patch.object(
>           smrforge.core.self_shielding_integration, "_RESONANCE_AVAILABLE", False
            ^^^^^^^^^^^^^
        ):

tests\test_self_shielding_integration.py:147: 
_ _ _ _ _ _ _ _ _ _ _ _ _ _ _ _ _ _ _ _ _ _ _ _ _ _ _ _ _ _ _ _ _ _ _ _ _ _ _ _

name = 'core'

    def __getattr__(name: str):
        """
        Lazy accessors for submodules that may be deleted/reloaded in tests.
    
        Important: `import package.submodule` does **not** reliably overwrite an
        existing `package.submodule` attribute, even if `sys.modules` has the
        canonical module. Several tests delete `sys.modules[...]` entries, leading
        to stale attributes and `importlib.reload(package.submodule)` failures.
        """
        if name == "utils":
            return canonical_import("smrforge.utils")
>       raise AttributeError(f"module '{__name__}' has no attribute '{name}'")
E       AttributeError: module 'smrforge' has no attribute 'core'

smrforge\__init__.py:326: AttributeError
_ TestSelfShieldingIntegration.test_get_cross_section_with_equivalence_theory_no_resonance_available _

self = <tests.test_self_shielding_integration.TestSelfShieldingIntegration object at 0x00000255CD44B650>

    def test_get_cross_section_with_equivalence_theory_no_resonance_available(self):
        """Test equivalence theory when resonance_selfshield is not available."""
        from unittest.mock import patch
    
        import smrforge.core.self_shielding_integration
    
        # Mock _RESONANCE_AVAILABLE to False
        with patch.object(
>           smrforge.core.self_shielding_integration, "_RESONANCE_AVAILABLE", False
            ^^^^^^^^^^^^^
        ):

tests\test_self_shielding_integration.py:221: 
_ _ _ _ _ _ _ _ _ _ _ _ _ _ _ _ _ _ _ _ _ _ _ _ _ _ _ _ _ _ _ _ _ _ _ _ _ _ _ _

name = 'core'

    def __getattr__(name: str):
        """
        Lazy accessors for submodules that may be deleted/reloaded in tests.
    
        Important: `import package.submodule` does **not** reliably overwrite an
        existing `package.submodule` attribute, even if `sys.modules` has the
        canonical module. Several tests delete `sys.modules[...]` entries, leading
        to stale attributes and `importlib.reload(package.submodule)` failures.
        """
        if name == "utils":
            return canonical_import("smrforge.utils")
>       raise AttributeError(f"module '{__name__}' has no attribute '{name}'")
E       AttributeError: module 'smrforge' has no attribute 'core'

smrforge\__init__.py:326: AttributeError
___________ TestSelfShieldingIntegration.test_import_error_handling ___________

self = <tests.test_self_shielding_integration.TestSelfShieldingIntegration object at 0x00000255CD39F9B0>

    def test_import_error_handling(self):
        """Test that ImportError in resonance_selfshield is handled."""
        import sys
        from unittest.mock import patch
    
        # Mock the import to fail
        original_modules = {}
        for mod_name in ["smrforge.core.resonance_selfshield"]:
            if mod_name in sys.modules:
                original_modules[mod_name] = sys.modules[mod_name]
            sys.modules[mod_name] = None
    
        try:
            # Reload module to trigger import error
            import importlib
    
            import smrforge.core.self_shielding_integration
    
>           importlib.reload(smrforge.core.self_shielding_integration)
                             ^^^^^^^^^^^^^

tests\test_self_shielding_integration.py:384: 
_ _ _ _ _ _ _ _ _ _ _ _ _ _ _ _ _ _ _ _ _ _ _ _ _ _ _ _ _ _ _ _ _ _ _ _ _ _ _ _

name = 'core'

    def __getattr__(name: str):
        """
        Lazy accessors for submodules that may be deleted/reloaded in tests.
    
        Important: `import package.submodule` does **not** reliably overwrite an
        existing `package.submodule` attribute, even if `sys.modules` has the
        canonical module. Several tests delete `sys.modules[...]` entries, leading
        to stale attributes and `importlib.reload(package.submodule)` failures.
        """
        if name == "utils":
            return canonical_import("smrforge.utils")
>       raise AttributeError(f"module '{__name__}' has no attribute '{name}'")
E       AttributeError: module 'smrforge' has no attribute 'core'

smrforge\__init__.py:326: AttributeError

During handling of the above exception, another exception occurred:

self = <tests.test_self_shielding_integration.TestSelfShieldingIntegration object at 0x00000255CD39F9B0>

    def test_import_error_handling(self):
        """Test that ImportError in resonance_selfshield is handled."""
        import sys
        from unittest.mock import patch
    
        # Mock the import to fail
        original_modules = {}
        for mod_name in ["smrforge.core.resonance_selfshield"]:
            if mod_name in sys.modules:
                original_modules[mod_name] = sys.modules[mod_name]
            sys.modules[mod_name] = None
    
        try:
            # Reload module to trigger import error
            import importlib
    
            import smrforge.core.self_shielding_integration
    
            importlib.reload(smrforge.core.self_shielding_integration)
    
            # Check that _RESONANCE_AVAILABLE is False
            assert (
                smrforge.core.self_shielding_integration._RESONANCE_AVAILABLE is False
            )
        finally:
            # Restore original modules
            for mod_name, mod in original_modules.items():
                sys.modules[mod_name] = mod
            if "smrforge.core.resonance_selfshield" not in original_modules:
                sys.modules.pop("smrforge.core.resonance_selfshield", None)
    
            # Reload to restore state
            import importlib
    
            import smrforge.core.self_shielding_integration
    
>           importlib.reload(smrforge.core.self_shielding_integration)
                             ^^^^^^^^^^^^^

tests\test_self_shielding_integration.py:402: 
_ _ _ _ _ _ _ _ _ _ _ _ _ _ _ _ _ _ _ _ _ _ _ _ _ _ _ _ _ _ _ _ _ _ _ _ _ _ _ _

name = 'core'

    def __getattr__(name: str):
        """
        Lazy accessors for submodules that may be deleted/reloaded in tests.
    
        Important: `import package.submodule` does **not** reliably overwrite an
        existing `package.submodule` attribute, even if `sys.modules` has the
        canonical module. Several tests delete `sys.modules[...]` entries, leading
        to stale attributes and `importlib.reload(package.submodule)` failures.
        """
        if name == "utils":
            return canonical_import("smrforge.utils")
>       raise AttributeError(f"module '{__name__}' has no attribute '{name}'")
E       AttributeError: module 'smrforge' has no attribute 'core'

smrforge\__init__.py:326: AttributeError
_ TestSelfShieldingIntegration.test_get_cross_section_with_self_shielding_warning_logging _

self = <tests.test_self_shielding_integration.TestSelfShieldingIntegration object at 0x00000255CD471BB0>

    def test_get_cross_section_with_self_shielding_warning_logging(self):
        """Test that warnings are logged when resonance module unavailable."""
        from unittest.mock import patch
    
        import smrforge.core.self_shielding_integration
    
        cache = NuclearDataCache()
        u238 = Nuclide(Z=92, A=238)
    
        # Mock _RESONANCE_AVAILABLE to False and check warning
        with patch.object(
>           smrforge.core.self_shielding_integration, "_RESONANCE_AVAILABLE", False
            ^^^^^^^^^^^^^
        ), patch("smrforge.core.self_shielding_integration.logger") as mock_logger:

tests\test_self_shielding_integration.py:605: 
_ _ _ _ _ _ _ _ _ _ _ _ _ _ _ _ _ _ _ _ _ _ _ _ _ _ _ _ _ _ _ _ _ _ _ _ _ _ _ _

name = 'core'

    def __getattr__(name: str):
        """
        Lazy accessors for submodules that may be deleted/reloaded in tests.
    
        Important: `import package.submodule` does **not** reliably overwrite an
        existing `package.submodule` attribute, even if `sys.modules` has the
        canonical module. Several tests delete `sys.modules[...]` entries, leading
        to stale attributes and `importlib.reload(package.submodule)` failures.
        """
        if name == "utils":
            return canonical_import("smrforge.utils")
>       raise AttributeError(f"module '{__name__}' has no attribute '{name}'")
E       AttributeError: module 'smrforge' has no attribute 'core'

smrforge\__init__.py:326: AttributeError
_ TestSelfShieldingIntegration.test_get_cross_section_with_equivalence_theory_warning_logging _

self = <tests.test_self_shielding_integration.TestSelfShieldingIntegration object at 0x00000255CD471EE0>

    def test_get_cross_section_with_equivalence_theory_warning_logging(self):
        """Test that warnings are logged when equivalence theory unavailable."""
        from unittest.mock import patch
    
        import smrforge.core.self_shielding_integration
    
        cache = NuclearDataCache()
        u238 = Nuclide(Z=92, A=238)
    
        # Mock _RESONANCE_AVAILABLE to False
        with patch.object(
>           smrforge.core.self_shielding_integration, "_RESONANCE_AVAILABLE", False
            ^^^^^^^^^^^^^
        ), patch("smrforge.core.self_shielding_integration.logger") as mock_logger:

tests\test_self_shielding_integration.py:635: 
_ _ _ _ _ _ _ _ _ _ _ _ _ _ _ _ _ _ _ _ _ _ _ _ _ _ _ _ _ _ _ _ _ _ _ _ _ _ _ _

name = 'core'

    def __getattr__(name: str):
        """
        Lazy accessors for submodules that may be deleted/reloaded in tests.
    
        Important: `import package.submodule` does **not** reliably overwrite an
        existing `package.submodule` attribute, even if `sys.modules` has the
        canonical module. Several tests delete `sys.modules[...]` entries, leading
        to stale attributes and `importlib.reload(package.submodule)` failures.
        """
        if name == "utils":
            return canonical_import("smrforge.utils")
>       raise AttributeError(f"module '{__name__}' has no attribute '{name}'")
E       AttributeError: module 'smrforge' has no attribute 'core'

smrforge\__init__.py:326: AttributeError
=========================== short test summary info ===========================
SKIPPED [5] tests\performance\test_performance_benchmarks.py: need --run-performance to run
SKIPPED [1] tests\test_burnup_checkpointing.py:263: h5py not available
SKIPPED [1] tests\test_burnup_checkpointing.py:456: ELEMENT_SYMBOLS_REVERSE not available
SKIPPED [1] tests\test_convenience.py:523: Presets not available
SKIPPED [1] tests\test_convenience_utils_comprehensive.py:704: PebbleBedCore extraction testing requires more setup
SKIPPED [1] tests\test_data_downloader.py:610: tqdm not available
SKIPPED [1] tests\test_data_downloader.py:928: tqdm not available
SKIPPED [1] tests\test_doe.py:55: scipy available
SKIPPED [1] tests\test_endf_parser.py:130: ReactionData constructor interface unclear
SKIPPED [1] tests\test_endf_parser_complete_coverage.py:182: Polars is available, cannot test unavailable path
SKIPPED [1] tests\test_endf_parser_complete_coverage.py:229: Polars is available, cannot test unavailable path
SKIPPED [1] tests\test_endf_reactor_core_integration.py:101: ENDF files not available for full integration test
SKIPPED [1] tests\test_endf_reactor_core_integration.py:136: ENDF parser backend not available
SKIPPED [1] tests\test_endf_reactor_core_integration.py:225: ENDF files not available for caching test
SKIPPED [1] tests\test_endf_validation.py:64: H2O TSL file not found
SKIPPED [1] tests\test_endf_validation.py:89: Graphite TSL file not found
SKIPPED [1] tests\test_geometry_validation_extended.py:271: Block has no fuel channels
SKIPPED [1] tests\test_geometry_validation_extended.py:295: Block has no fuel channels
SKIPPED [1] tests\test_geometry_validation_extended.py:527: Block has no fuel channels
SKIPPED [1] tests\test_init_modules.py:548: Complex reloading test - ImportError handling already covered in specific tests
SKIPPED [1] tests\test_init_modules.py:556: Complex reloading test - ImportError handling already covered in specific tests
SKIPPED [1] tests\test_integration.py:313: ValidatedSolver requires specific geometry interface
SKIPPED [1] tests\test_integration.py:575: solve_with_validation requires full geometry interface
SKIPPED [1] tests\test_reactor_core_advanced_error_handling.py:58: Requires valid ENDF file setup - covered by integration tests
SKIPPED [1] tests\test_reactor_core_advanced_error_handling.py:94: Requires valid ENDF file setup - covered by integration tests
SKIPPED [1] tests\test_reactor_core_advanced_error_handling.py:129: Requires valid ENDF file setup - covered by integration tests
SKIPPED [1] tests\test_reactor_core_advanced_error_handling.py:340: Requires valid ENDF file setup - covered by integration tests
SKIPPED [1] tests\test_reactor_core_coverage_gaps.py:54: Complex mocking required - backend paths tested in integration tests
SKIPPED [1] tests\test_reactor_core_coverage_gaps.py:63: Complex mocking required - error paths tested in integration tests
SKIPPED [1] tests\test_reactor_core_utility_functions.py:375: ImportError testing is complex - exception handling already covered by parser_exception test
SKIPPED [1] tests\test_reactor_core_utility_functions.py:458: ImportError testing is complex - exception handling already covered by parser_exception test
SKIPPED [1] tests\test_standards_parser.py:333: yaml is available, cannot test ImportError path
SKIPPED [1] tests\test_transient_visualization.py:30: Requires plotly installation and interactive display
SKIPPED [1] tests\test_transient_visualization.py:180: Requires full transient solver - integration test
SKIPPED [1] tests\test_transport.py:463: Region is not hashable, cannot use as dict key in tests
SKIPPED [1] tests\test_transport.py:493: Region is not hashable, cannot use as dict key in tests
SKIPPED [1] tests\test_units.py:307: Pint dimensionless conversion for dollar not supported in this version
SKIPPED [1] tests\test_units.py:322: Pint dimensionless conversion for pcm not supported in this version
SKIPPED [1] tests\test_validation_comprehensive.py:87: H2O TSL material not found
FAILED tests/test_converters.py::TestOpenMCConverter::test_import_reactor_parses_geometry - NotImplementedError: OpenMC Pro import - implement in Phase 1
FAILED tests/test_converters.py::TestOpenMCConverter::test_import_reactor_with_materials_file - NotImplementedError: OpenMC Pro import - implement in Phase 1
FAILED tests/test_converters.py::TestOpenMCConverter::test_export_reactor_no_core_raises - Failed: DID NOT RAISE <class 'ValueError'>
FAILED tests/test_self_shielding_integration.py::TestSelfShieldingIntegration::test_get_cross_section_with_self_shielding_no_resonance_available - AttributeError: module 'smrforge' has no attribute 'core'
FAILED tests/test_self_shielding_integration.py::TestSelfShieldingIntegration::test_get_cross_section_with_equivalence_theory_no_resonance_available - AttributeError: module 'smrforge' has no attribute 'core'
FAILED tests/test_self_shielding_integration.py::TestSelfShieldingIntegration::test_import_error_handling - AttributeError: module 'smrforge' has no attribute 'core'
FAILED tests/test_self_shielding_integration.py::TestSelfShieldingIntegration::test_get_cross_section_with_self_shielding_warning_logging - AttributeError: module 'smrforge' has no attribute 'core'
FAILED tests/test_self_shielding_integration.py::TestSelfShieldingIntegration::test_get_cross_section_with_equivalence_theory_warning_logging - AttributeError: module 'smrforge' has no attribute 'core'
==== 8 failed, 5001 passed, 43 skipped, 274 warnings in 211.05s (0:03:31) =====
